2025-05-20 19:41:28,261 [INFO] 현재 실행 중인 파일 경로: C:\JAVA\fast_campus_KDT\projects\final\DBE_Final_Project\python\forbiddenWord\main.py
2025-05-20 19:41:52,423 [INFO] [PREDICT] sentence="안녕" | label=0 | confidence=0.4502
2025-05-20 19:42:11,480 [INFO] [PREDICT] sentence="시발새끼야" | label=1 | confidence=0.9753
2025-05-20 19:42:20,522 [INFO] [PREDICT] sentence="안녕" | label=0 | confidence=0.4502
2025-05-20 19:42:34,696 [INFO] [PREDICT] sentence="잘 디졌다" | label=0 | confidence=0.1859
2025-05-20 19:42:42,156 [INFO] [PREDICT] sentence="잘 뒤졌다" | label=0 | confidence=0.1499
2025-05-20 19:43:00,362 [INFO] [PREDICT] sentence="잘 지내니" | label=0 | confidence=0.0279
2025-05-20 19:43:27,640 [INFO] [PREDICT] sentence="가끔 널 잊고싶어진다" | label=0 | confidence=0.0412
2025-05-20 19:43:41,822 [INFO] [PREDICT] sentence="민서야  잘지내고 있니??
지금 순간도 가슴이 떨려온다
믿고싶지않음 때문에...
기분이 좋은날도 슬픈날도 . . .
내 머릿속은 민서로 가득차있다
슬프면 슬퍼서 민서가 생각나고
기쁘면 기뻐서 또 민서가 생각나고
슬픈일이지만 가끔 엄마가 너무 힘들어
아들을 지워버리고 싶을때가 있더라..
이런 맘 너는 알련지 모르겠다..만
오늘 복지사님께 민서 앨범을 전달받았는데..
또 한번 슬픔이 밀려오는걸 어찌해야하나~
온다 간다 말 한마디 없이 그렇게 훌쩍 떠나가버리면~
엄마는 어쩌라고 기약없는 곳으로 홀로가버린거야~
민서가 엄마 떠나간지 223일째다..
잊고 싶어 잊고싶어진다는거 아닌거 알지???
한쪽 가슴이 허~하다 ..
이 상처와 괴로움은 시간이 흐르고 흘러도 지워지지않음에
그리고 숨쉬고 있음에 괴로울뿐이다
아무쪼록 행복하렴 ~ 아들 그리고 너무 미안하다" | label=1 | confidence=0.9256
