#
# There is insufficient memory for the Java Runtime Environment to continue.
# Native memory allocation (malloc) failed to allocate 2220608 bytes for Chunk::new
# Possible reasons:
#   The system is out of physical RAM or swap space
#   The process is running with CompressedOops enabled, and the Java Heap may be blocking the growth of the native heap
# Possible solutions:
#   Reduce memory load on the system
#   Increase physical memory or swap space
#   Check if swap backing store is full
#   Decrease Java heap size (-Xmx/-Xms)
#   Decrease number of Java threads
#   Decrease Java thread stack sizes (-Xss)
#   Set larger code cache with -XX:ReservedCodeCacheSize=
#   JVM is running with Unscaled Compressed Oops mode in which the Java heap is
#     placed in the first 4GB address space. The Java Heap base address is the
#     maximum limit for the native heap growth. Please use -XX:HeapBaseMinAddress
#     to set the Java Heap base and to place the Java Heap above 4GB virtual address.
# This output file may be truncated or incomplete.
#
#  Out of Memory Error (arena.cpp:189), pid=17152, tid=11896
#
# JRE version: Java(TM) SE Runtime Environment (17.0.12+8) (build 17.0.12+8-LTS-286)
# Java VM: Java HotSpot(TM) 64-Bit Server VM (17.0.12+8-LTS-286, mixed mode, sharing, tiered, compressed oops, compressed class ptrs, g1 gc, windows-amd64)
# No core dump will be written. Minidumps are not enabled by default on client versions of Windows
#

---------------  S U M M A R Y ------------

Command Line: --add-opens=java.base/java.lang=ALL-UNNAMED --add-opens=java.base/java.lang.invoke=ALL-UNNAMED --add-opens=java.base/java.util=ALL-UNNAMED --add-opens=java.prefs/java.util.prefs=ALL-UNNAMED --add-exports=jdk.compiler/com.sun.tools.javac.api=ALL-UNNAMED --add-exports=jdk.compiler/com.sun.tools.javac.util=ALL-UNNAMED --add-opens=java.base/java.util=ALL-UNNAMED --add-opens=java.prefs/java.util.prefs=ALL-UNNAMED --add-opens=java.base/java.nio.charset=ALL-UNNAMED --add-opens=java.base/java.net=ALL-UNNAMED --add-opens=java.base/java.util.concurrent.atomic=ALL-UNNAMED --add-opens=java.xml/javax.xml.namespace=ALL-UNNAMED -XX:MaxMetaspaceSize=384m -XX:+HeapDumpOnOutOfMemoryError -Xms256m -Xmx512m -Dfile.encoding=UTF-8 -Duser.country=KR -Duser.language=ko -Duser.variant -javaagent:C:\Users\user\.gradle\wrapper\dists\gradle-8.13-bin\5xuhj0ry160q40clulazy9h7d\gradle-8.13\lib\agents\gradle-instrumentation-agent-8.13.jar org.gradle.launcher.daemon.bootstrap.GradleDaemon 8.13

Host: 13th Gen Intel(R) Core(TM) i5-1335U, 12 cores, 15G,  Windows 11 , 64 bit Build 26100 (10.0.26100.4202)
Time: Wed Jun 18 17:05:57 2025  Windows 11 , 64 bit Build 26100 (10.0.26100.4202) elapsed time: 7.209804 seconds (0d 0h 0m 7s)

---------------  T H R E A D  ---------------

Current thread (0x000001acfc002c50):  JavaThread "C2 CompilerThread0" daemon [_thread_in_native, id=11896, stack(0x000000abfbc00000,0x000000abfbd00000)]


Current CompileTask:
C2:   7210 3117   !   4       java.lang.ClassLoader::loadClass (121 bytes)

Stack: [0x000000abfbc00000,0x000000abfbd00000]
Native frames: (J=compiled Java code, j=interpreted, Vv=VM code, C=native code)
V  [jvm.dll+0x67a04a]
V  [jvm.dll+0x7da4ed]
V  [jvm.dll+0x7dbe33]
V  [jvm.dll+0x7dc4a3]
V  [jvm.dll+0x24508f]
V  [jvm.dll+0xab773]
V  [jvm.dll+0xabd3c]
V  [jvm.dll+0x361bee]
V  [jvm.dll+0x32c431]
V  [jvm.dll+0x32b8ca]
V  [jvm.dll+0x21683f]
V  [jvm.dll+0x215c6f]
V  [jvm.dll+0x1a2960]
V  [jvm.dll+0x22610b]
V  [jvm.dll+0x2242ab]
V  [jvm.dll+0x79075c]
V  [jvm.dll+0x78abea]
V  [jvm.dll+0x678f35]
C  [ucrtbase.dll+0x37b0]
C  [KERNEL32.DLL+0x2e8d7]
C  [ntdll.dll+0x3c34c]


---------------  P R O C E S S  ---------------

Threads class SMR info:
_java_thread_list=0x000001acfc04f0a0, length=34, elements={
0x000001acf0261930, 0x000001acfbfc4200, 0x000001acfbfc7850, 0x000001acfbfe81f0,
0x000001acfbfeaad0, 0x000001acfbfebf10, 0x000001acfbfee100, 0x000001acfc002c50,
0x000001acfc006930, 0x000001acfc0086d0, 0x000001acfbfb2c10, 0x000001acfc1555a0,
0x000001acfd8c90d0, 0x000001acfdb23540, 0x000001acfdddda60, 0x000001acfe1aac30,
0x000001acfe1ab4e0, 0x000001acfe1970f0, 0x000001acfe19a8a0, 0x000001acfe197600,
0x000001acfe197b10, 0x000001acfe199460, 0x000001acfc006e80, 0x000001acfe199970,
0x000001acfe198530, 0x000001acfe198020, 0x000001acfe199e80, 0x000001acfe198f50,
0x000001aca8ad65f0, 0x000001aca8ad5bd0, 0x000001aca8ad51b0, 0x000001aca8ad60e0,
0x000001aca8ad7f40, 0x000001acfc0063e0
}

Java Threads: ( => current thread )
  0x000001acf0261930 JavaThread "main" [_thread_blocked, id=12580, stack(0x000000abfaf00000,0x000000abfb000000)]
  0x000001acfbfc4200 JavaThread "Reference Handler" daemon [_thread_blocked, id=8948, stack(0x000000abfb600000,0x000000abfb700000)]
  0x000001acfbfc7850 JavaThread "Finalizer" daemon [_thread_blocked, id=1408, stack(0x000000abfb700000,0x000000abfb800000)]
  0x000001acfbfe81f0 JavaThread "Signal Dispatcher" daemon [_thread_blocked, id=18232, stack(0x000000abfb800000,0x000000abfb900000)]
  0x000001acfbfeaad0 JavaThread "Attach Listener" daemon [_thread_blocked, id=19160, stack(0x000000abfb900000,0x000000abfba00000)]
  0x000001acfbfebf10 JavaThread "Service Thread" daemon [_thread_blocked, id=20504, stack(0x000000abfba00000,0x000000abfbb00000)]
  0x000001acfbfee100 JavaThread "Monitor Deflation Thread" daemon [_thread_blocked, id=6684, stack(0x000000abfbb00000,0x000000abfbc00000)]
=>0x000001acfc002c50 JavaThread "C2 CompilerThread0" daemon [_thread_in_native, id=11896, stack(0x000000abfbc00000,0x000000abfbd00000)]
  0x000001acfc006930 JavaThread "C1 CompilerThread0" daemon [_thread_blocked, id=12660, stack(0x000000abfbd00000,0x000000abfbe00000)]
  0x000001acfc0086d0 JavaThread "Sweeper thread" daemon [_thread_blocked, id=7500, stack(0x000000abfbe00000,0x000000abfbf00000)]
  0x000001acfbfb2c10 JavaThread "Common-Cleaner" daemon [_thread_blocked, id=16812, stack(0x000000abfbf00000,0x000000abfc000000)]
  0x000001acfc1555a0 JavaThread "Notification Thread" daemon [_thread_blocked, id=21204, stack(0x000000abfc000000,0x000000abfc100000)]
  0x000001acfd8c90d0 JavaThread "Daemon health stats" [_thread_blocked, id=8448, stack(0x000000abfc300000,0x000000abfc400000)]
  0x000001acfdb23540 JavaThread "Incoming local TCP Connector on port 56909" [_thread_in_native, id=8324, stack(0x000000abfc200000,0x000000abfc300000)]
  0x000001acfdddda60 JavaThread "Daemon periodic checks" [_thread_blocked, id=4020, stack(0x000000abfc900000,0x000000abfca00000)]
  0x000001acfe1aac30 JavaThread "Daemon" [_thread_blocked, id=19144, stack(0x000000abfca00000,0x000000abfcb00000)]
  0x000001acfe1ab4e0 JavaThread "Handler for socket connection from /127.0.0.1:56909 to /127.0.0.1:56910" [_thread_in_native, id=12944, stack(0x000000abfcb00000,0x000000abfcc00000)]
  0x000001acfe1970f0 JavaThread "Cancel handler" [_thread_blocked, id=17300, stack(0x000000abfcc00000,0x000000abfcd00000)]
  0x000001acfe19a8a0 JavaThread "Daemon worker" [_thread_in_vm, id=15740, stack(0x000000abfcd00000,0x000000abfce00000)]
  0x000001acfe197600 JavaThread "Asynchronous log dispatcher for DefaultDaemonConnection: socket connection from /127.0.0.1:56909 to /127.0.0.1:56910" [_thread_blocked, id=12432, stack(0x000000abfce00000,0x000000abfcf00000)]
  0x000001acfe197b10 JavaThread "Stdin handler" [_thread_blocked, id=17196, stack(0x000000abfcf00000,0x000000abfd000000)]
  0x000001acfe199460 JavaThread "Daemon client event forwarder" [_thread_blocked, id=19352, stack(0x000000abfd000000,0x000000abfd100000)]
  0x000001acfc006e80 JavaThread "C2 CompilerThread1" daemon [_thread_in_native, id=6072, stack(0x000000abfd100000,0x000000abfd200000)]
  0x000001acfe199970 JavaThread "Cache worker for journal cache (C:\Users\user\.gradle\caches\journal-1)" [_thread_blocked, id=7896, stack(0x000000abfd200000,0x000000abfd300000)]
  0x000001acfe198530 JavaThread "File lock request listener" [_thread_in_native, id=17468, stack(0x000000abfd300000,0x000000abfd400000)]
  0x000001acfe198020 JavaThread "Cache worker for file hash cache (C:\Users\user\.gradle\caches\8.13\fileHashes)" [_thread_blocked, id=272, stack(0x000000abfd400000,0x000000abfd500000)]
  0x000001acfe199e80 JavaThread "File lock release action executor" [_thread_blocked, id=13092, stack(0x000000abfd500000,0x000000abfd600000)]
  0x000001acfe198f50 JavaThread "Cache worker for file hash cache (C:\DBE_Final_Project\spring\.gradle\8.13\fileHashes)" [_thread_blocked, id=10496, stack(0x000000abfd600000,0x000000abfd700000)]
  0x000001aca8ad65f0 JavaThread "Cache worker for Build Output Cleanup Cache (C:\DBE_Final_Project\spring\.gradle\buildOutputCleanup)" [_thread_blocked, id=20132, stack(0x000000abfd700000,0x000000abfd800000)]
  0x000001aca8ad5bd0 JavaThread "File watcher server" daemon [_thread_in_native, id=19120, stack(0x000000abfde00000,0x000000abfdf00000)]
  0x000001aca8ad51b0 JavaThread "File watcher consumer" daemon [_thread_blocked, id=1480, stack(0x000000abfdf00000,0x000000abfe000000)]
  0x000001aca8ad60e0 JavaThread "jar transforms" [_thread_blocked, id=12992, stack(0x000000abfe000000,0x000000abfe100000)]
  0x000001aca8ad7f40 JavaThread "jar transforms Thread 2" [_thread_blocked, id=17560, stack(0x000000abfe100000,0x000000abfe200000)]
  0x000001acfc0063e0 JavaThread "C2 CompilerThread2" daemon [_thread_in_native, id=14832, stack(0x000000abfe200000,0x000000abfe300000)]

Other Threads:
  0x000001acfbfc18b0 VMThread "VM Thread" [stack: 0x000000abfb500000,0x000000abfb600000] [id=2476]
  0x000001acfc155a80 WatcherThread [stack: 0x000000abfc100000,0x000000abfc200000] [id=14580]
  0x000001acf0292c80 GCTaskThread "GC Thread#0" [stack: 0x000000abfb000000,0x000000abfb100000] [id=2956]
  0x000001acfc6e3fd0 GCTaskThread "GC Thread#1" [stack: 0x000000abfc400000,0x000000abfc500000] [id=12936]
  0x000001acfc6e4290 GCTaskThread "GC Thread#2" [stack: 0x000000abfc500000,0x000000abfc600000] [id=21280]
  0x000001acfc7799d0 GCTaskThread "GC Thread#3" [stack: 0x000000abfc600000,0x000000abfc700000] [id=5268]
  0x000001acfc779c90 GCTaskThread "GC Thread#4" [stack: 0x000000abfc700000,0x000000abfc800000] [id=13756]
  0x000001acfc779f50 GCTaskThread "GC Thread#5" [stack: 0x000000abfc800000,0x000000abfc900000] [id=18412]
  0x000001acfd2f8700 GCTaskThread "GC Thread#6" [stack: 0x000000abfd800000,0x000000abfd900000] [id=20228]
  0x000001acfd2f7100 GCTaskThread "GC Thread#7" [stack: 0x000000abfd900000,0x000000abfda00000] [id=14952]
  0x000001acfd2f73c0 GCTaskThread "GC Thread#8" [stack: 0x000000abfda00000,0x000000abfdb00000] [id=3800]
  0x000001acfd2f6e40 GCTaskThread "GC Thread#9" [stack: 0x000000abfdb00000,0x000000abfdc00000] [id=15296]
  0x000001acf0297c40 ConcurrentGCThread "G1 Main Marker" [stack: 0x000000abfb100000,0x000000abfb200000] [id=19932]
  0x000001acf0299f80 ConcurrentGCThread "G1 Conc#0" [stack: 0x000000abfb200000,0x000000abfb300000] [id=20448]
  0x000001acfd2f7ec0 ConcurrentGCThread "G1 Conc#1" [stack: 0x000000abfdc00000,0x000000abfdd00000] [id=16492]
  0x000001acfd2f7680 ConcurrentGCThread "G1 Conc#2" [stack: 0x000000abfdd00000,0x000000abfde00000] [id=20992]
  0x000001acf032d670 ConcurrentGCThread "G1 Refine#0" [stack: 0x000000abfb300000,0x000000abfb400000] [id=12868]
  0x000001acf032de50 ConcurrentGCThread "G1 Service" [stack: 0x000000abfb400000,0x000000abfb500000] [id=12768]

Threads with active compile tasks:
C2 CompilerThread0     7247 3117   !   4       java.lang.ClassLoader::loadClass (121 bytes)
C2 CompilerThread1     7247 3135   !   4       java.net.URLClassLoader::findClass (47 bytes)
C2 CompilerThread2     7247 3159  s!   4       jdk.internal.loader.URLClassPath::getLoader (194 bytes)

VM state: not at safepoint (normal execution)

VM Mutex/Monitor currently owned by a thread: None

Heap address: 0x00000000e0000000, size: 512 MB, Compressed Oops mode: 32-bit

CDS archive(s) mapped at: [0x000001ac8f000000-0x000001ac8fbd0000-0x000001ac8fbd0000), size 12386304, SharedBaseAddress: 0x000001ac8f000000, ArchiveRelocationMode: 1.
Compressed class space mapped at: 0x000001ac90000000-0x000001aca4000000, reserved size: 335544320
Narrow klass base: 0x000001ac8f000000, Narrow klass shift: 0, Narrow klass range: 0x100000000

GC Precious Log:
 CPUs: 12 total, 12 available
 Memory: 16122M
 Large Page Support: Disabled
 NUMA Support: Disabled
 Compressed Oops: Enabled (32-bit)
 Heap Region Size: 1M
 Heap Min Capacity: 256M
 Heap Initial Capacity: 256M
 Heap Max Capacity: 512M
 Pre-touch: Disabled
 Parallel Workers: 10
 Concurrent Workers: 3
 Concurrent Refinement Workers: 10
 Periodic GC: Disabled

Heap:
 garbage-first heap   total 262144K, used 64902K [0x00000000e0000000, 0x0000000100000000)
  region size 1024K, 53 young (54272K), 12 survivors (12288K)
 Metaspace       used 26505K, committed 26880K, reserved 393216K
  class space    used 3948K, committed 4160K, reserved 327680K

Heap Regions: E=young(eden), S=young(survivor), O=old, HS=humongous(starts), HC=humongous(continues), CS=collection set, F=free, OA=open archive, CA=closed archive, TAMS=top-at-mark-start (previous, next)
|   0|0x00000000e0000000, 0x00000000e0100000, 0x00000000e0100000|100%|HS|  |TAMS 0x00000000e0100000, 0x00000000e0000000| Complete 
|   1|0x00000000e0100000, 0x00000000e0200000, 0x00000000e0200000|100%|HC|  |TAMS 0x00000000e0200000, 0x00000000e0100000| Complete 
|   2|0x00000000e0200000, 0x00000000e0300000, 0x00000000e0300000|100%|HC|  |TAMS 0x00000000e0300000, 0x00000000e0200000| Complete 
|   3|0x00000000e0300000, 0x00000000e0400000, 0x00000000e0400000|100%| O|  |TAMS 0x00000000e0400000, 0x00000000e0300000| Untracked 
|   4|0x00000000e0400000, 0x00000000e0500000, 0x00000000e0500000|100%| O|  |TAMS 0x00000000e0500000, 0x00000000e0400000| Untracked 
|   5|0x00000000e0500000, 0x00000000e0600000, 0x00000000e0600000|100%| O|  |TAMS 0x00000000e0600000, 0x00000000e0500000| Untracked 
|   6|0x00000000e0600000, 0x00000000e0700000, 0x00000000e0700000|100%|HS|  |TAMS 0x00000000e0700000, 0x00000000e0600000| Complete 
|   7|0x00000000e0700000, 0x00000000e0700000, 0x00000000e0800000|  0%| F|  |TAMS 0x00000000e0700000, 0x00000000e0700000| Untracked 
|   8|0x00000000e0800000, 0x00000000e0900000, 0x00000000e0900000|100%| O|  |TAMS 0x00000000e0900000, 0x00000000e0800000| Untracked 
|   9|0x00000000e0900000, 0x00000000e0a00000, 0x00000000e0a00000|100%| O|  |TAMS 0x00000000e0a00000, 0x00000000e0900000| Untracked 
|  10|0x00000000e0a00000, 0x00000000e0b00000, 0x00000000e0b00000|100%| O|  |TAMS 0x00000000e0b00000, 0x00000000e0a00000| Untracked 
|  11|0x00000000e0b00000, 0x00000000e0c00000, 0x00000000e0c00000|100%| O|  |TAMS 0x00000000e0c00000, 0x00000000e0b00000| Untracked 
|  12|0x00000000e0c00000, 0x00000000e0cdb800, 0x00000000e0d00000| 85%| O|  |TAMS 0x00000000e0cdb800, 0x00000000e0c00000| Untracked 
|  13|0x00000000e0d00000, 0x00000000e0d00000, 0x00000000e0e00000|  0%| F|  |TAMS 0x00000000e0d00000, 0x00000000e0d00000| Untracked 
|  14|0x00000000e0e00000, 0x00000000e0e00000, 0x00000000e0f00000|  0%| F|  |TAMS 0x00000000e0e00000, 0x00000000e0e00000| Untracked 
|  15|0x00000000e0f00000, 0x00000000e0f00000, 0x00000000e1000000|  0%| F|  |TAMS 0x00000000e0f00000, 0x00000000e0f00000| Untracked 
|  16|0x00000000e1000000, 0x00000000e1000000, 0x00000000e1100000|  0%| F|  |TAMS 0x00000000e1000000, 0x00000000e1000000| Untracked 
|  17|0x00000000e1100000, 0x00000000e1100000, 0x00000000e1200000|  0%| F|  |TAMS 0x00000000e1100000, 0x00000000e1100000| Untracked 
|  18|0x00000000e1200000, 0x00000000e1200000, 0x00000000e1300000|  0%| F|  |TAMS 0x00000000e1200000, 0x00000000e1200000| Untracked 
|  19|0x00000000e1300000, 0x00000000e1300000, 0x00000000e1400000|  0%| F|  |TAMS 0x00000000e1300000, 0x00000000e1300000| Untracked 
|  20|0x00000000e1400000, 0x00000000e1400000, 0x00000000e1500000|  0%| F|  |TAMS 0x00000000e1400000, 0x00000000e1400000| Untracked 
|  21|0x00000000e1500000, 0x00000000e1500000, 0x00000000e1600000|  0%| F|  |TAMS 0x00000000e1500000, 0x00000000e1500000| Untracked 
|  22|0x00000000e1600000, 0x00000000e1600000, 0x00000000e1700000|  0%| F|  |TAMS 0x00000000e1600000, 0x00000000e1600000| Untracked 
|  23|0x00000000e1700000, 0x00000000e1700000, 0x00000000e1800000|  0%| F|  |TAMS 0x00000000e1700000, 0x00000000e1700000| Untracked 
|  24|0x00000000e1800000, 0x00000000e1800000, 0x00000000e1900000|  0%| F|  |TAMS 0x00000000e1800000, 0x00000000e1800000| Untracked 
|  25|0x00000000e1900000, 0x00000000e1900000, 0x00000000e1a00000|  0%| F|  |TAMS 0x00000000e1900000, 0x00000000e1900000| Untracked 
|  26|0x00000000e1a00000, 0x00000000e1a00000, 0x00000000e1b00000|  0%| F|  |TAMS 0x00000000e1a00000, 0x00000000e1a00000| Untracked 
|  27|0x00000000e1b00000, 0x00000000e1b00000, 0x00000000e1c00000|  0%| F|  |TAMS 0x00000000e1b00000, 0x00000000e1b00000| Untracked 
|  28|0x00000000e1c00000, 0x00000000e1c00000, 0x00000000e1d00000|  0%| F|  |TAMS 0x00000000e1c00000, 0x00000000e1c00000| Untracked 
|  29|0x00000000e1d00000, 0x00000000e1d00000, 0x00000000e1e00000|  0%| F|  |TAMS 0x00000000e1d00000, 0x00000000e1d00000| Untracked 
|  30|0x00000000e1e00000, 0x00000000e1e00000, 0x00000000e1f00000|  0%| F|  |TAMS 0x00000000e1e00000, 0x00000000e1e00000| Untracked 
|  31|0x00000000e1f00000, 0x00000000e1f00000, 0x00000000e2000000|  0%| F|  |TAMS 0x00000000e1f00000, 0x00000000e1f00000| Untracked 
|  32|0x00000000e2000000, 0x00000000e2000000, 0x00000000e2100000|  0%| F|  |TAMS 0x00000000e2000000, 0x00000000e2000000| Untracked 
|  33|0x00000000e2100000, 0x00000000e2100000, 0x00000000e2200000|  0%| F|  |TAMS 0x00000000e2100000, 0x00000000e2100000| Untracked 
|  34|0x00000000e2200000, 0x00000000e2200000, 0x00000000e2300000|  0%| F|  |TAMS 0x00000000e2200000, 0x00000000e2200000| Untracked 
|  35|0x00000000e2300000, 0x00000000e2300000, 0x00000000e2400000|  0%| F|  |TAMS 0x00000000e2300000, 0x00000000e2300000| Untracked 
|  36|0x00000000e2400000, 0x00000000e2400000, 0x00000000e2500000|  0%| F|  |TAMS 0x00000000e2400000, 0x00000000e2400000| Untracked 
|  37|0x00000000e2500000, 0x00000000e2500000, 0x00000000e2600000|  0%| F|  |TAMS 0x00000000e2500000, 0x00000000e2500000| Untracked 
|  38|0x00000000e2600000, 0x00000000e2600000, 0x00000000e2700000|  0%| F|  |TAMS 0x00000000e2600000, 0x00000000e2600000| Untracked 
|  39|0x00000000e2700000, 0x00000000e2700000, 0x00000000e2800000|  0%| F|  |TAMS 0x00000000e2700000, 0x00000000e2700000| Untracked 
|  40|0x00000000e2800000, 0x00000000e2800000, 0x00000000e2900000|  0%| F|  |TAMS 0x00000000e2800000, 0x00000000e2800000| Untracked 
|  41|0x00000000e2900000, 0x00000000e2900000, 0x00000000e2a00000|  0%| F|  |TAMS 0x00000000e2900000, 0x00000000e2900000| Untracked 
|  42|0x00000000e2a00000, 0x00000000e2a00000, 0x00000000e2b00000|  0%| F|  |TAMS 0x00000000e2a00000, 0x00000000e2a00000| Untracked 
|  43|0x00000000e2b00000, 0x00000000e2b00000, 0x00000000e2c00000|  0%| F|  |TAMS 0x00000000e2b00000, 0x00000000e2b00000| Untracked 
|  44|0x00000000e2c00000, 0x00000000e2c00000, 0x00000000e2d00000|  0%| F|  |TAMS 0x00000000e2c00000, 0x00000000e2c00000| Untracked 
|  45|0x00000000e2d00000, 0x00000000e2d00000, 0x00000000e2e00000|  0%| F|  |TAMS 0x00000000e2d00000, 0x00000000e2d00000| Untracked 
|  46|0x00000000e2e00000, 0x00000000e2e00000, 0x00000000e2f00000|  0%| F|  |TAMS 0x00000000e2e00000, 0x00000000e2e00000| Untracked 
|  47|0x00000000e2f00000, 0x00000000e2f00000, 0x00000000e3000000|  0%| F|  |TAMS 0x00000000e2f00000, 0x00000000e2f00000| Untracked 
|  48|0x00000000e3000000, 0x00000000e3000000, 0x00000000e3100000|  0%| F|  |TAMS 0x00000000e3000000, 0x00000000e3000000| Untracked 
|  49|0x00000000e3100000, 0x00000000e3100000, 0x00000000e3200000|  0%| F|  |TAMS 0x00000000e3100000, 0x00000000e3100000| Untracked 
|  50|0x00000000e3200000, 0x00000000e3200000, 0x00000000e3300000|  0%| F|  |TAMS 0x00000000e3200000, 0x00000000e3200000| Untracked 
|  51|0x00000000e3300000, 0x00000000e3300000, 0x00000000e3400000|  0%| F|  |TAMS 0x00000000e3300000, 0x00000000e3300000| Untracked 
|  52|0x00000000e3400000, 0x00000000e3400000, 0x00000000e3500000|  0%| F|  |TAMS 0x00000000e3400000, 0x00000000e3400000| Untracked 
|  53|0x00000000e3500000, 0x00000000e3500000, 0x00000000e3600000|  0%| F|  |TAMS 0x00000000e3500000, 0x00000000e3500000| Untracked 
|  54|0x00000000e3600000, 0x00000000e3600000, 0x00000000e3700000|  0%| F|  |TAMS 0x00000000e3600000, 0x00000000e3600000| Untracked 
|  55|0x00000000e3700000, 0x00000000e3700000, 0x00000000e3800000|  0%| F|  |TAMS 0x00000000e3700000, 0x00000000e3700000| Untracked 
|  56|0x00000000e3800000, 0x00000000e3800000, 0x00000000e3900000|  0%| F|  |TAMS 0x00000000e3800000, 0x00000000e3800000| Untracked 
|  57|0x00000000e3900000, 0x00000000e3900000, 0x00000000e3a00000|  0%| F|  |TAMS 0x00000000e3900000, 0x00000000e3900000| Untracked 
|  58|0x00000000e3a00000, 0x00000000e3a00000, 0x00000000e3b00000|  0%| F|  |TAMS 0x00000000e3a00000, 0x00000000e3a00000| Untracked 
|  59|0x00000000e3b00000, 0x00000000e3b00000, 0x00000000e3c00000|  0%| F|  |TAMS 0x00000000e3b00000, 0x00000000e3b00000| Untracked 
|  60|0x00000000e3c00000, 0x00000000e3c00000, 0x00000000e3d00000|  0%| F|  |TAMS 0x00000000e3c00000, 0x00000000e3c00000| Untracked 
|  61|0x00000000e3d00000, 0x00000000e3d00000, 0x00000000e3e00000|  0%| F|  |TAMS 0x00000000e3d00000, 0x00000000e3d00000| Untracked 
|  62|0x00000000e3e00000, 0x00000000e3e00000, 0x00000000e3f00000|  0%| F|  |TAMS 0x00000000e3e00000, 0x00000000e3e00000| Untracked 
|  63|0x00000000e3f00000, 0x00000000e3f00000, 0x00000000e4000000|  0%| F|  |TAMS 0x00000000e3f00000, 0x00000000e3f00000| Untracked 
|  64|0x00000000e4000000, 0x00000000e4000000, 0x00000000e4100000|  0%| F|  |TAMS 0x00000000e4000000, 0x00000000e4000000| Untracked 
|  65|0x00000000e4100000, 0x00000000e4100000, 0x00000000e4200000|  0%| F|  |TAMS 0x00000000e4100000, 0x00000000e4100000| Untracked 
|  66|0x00000000e4200000, 0x00000000e4200000, 0x00000000e4300000|  0%| F|  |TAMS 0x00000000e4200000, 0x00000000e4200000| Untracked 
|  67|0x00000000e4300000, 0x00000000e4300000, 0x00000000e4400000|  0%| F|  |TAMS 0x00000000e4300000, 0x00000000e4300000| Untracked 
|  68|0x00000000e4400000, 0x00000000e4400000, 0x00000000e4500000|  0%| F|  |TAMS 0x00000000e4400000, 0x00000000e4400000| Untracked 
|  69|0x00000000e4500000, 0x00000000e4500000, 0x00000000e4600000|  0%| F|  |TAMS 0x00000000e4500000, 0x00000000e4500000| Untracked 
|  70|0x00000000e4600000, 0x00000000e4600000, 0x00000000e4700000|  0%| F|  |TAMS 0x00000000e4600000, 0x00000000e4600000| Untracked 
|  71|0x00000000e4700000, 0x00000000e4700000, 0x00000000e4800000|  0%| F|  |TAMS 0x00000000e4700000, 0x00000000e4700000| Untracked 
|  72|0x00000000e4800000, 0x00000000e4800000, 0x00000000e4900000|  0%| F|  |TAMS 0x00000000e4800000, 0x00000000e4800000| Untracked 
|  73|0x00000000e4900000, 0x00000000e4900000, 0x00000000e4a00000|  0%| F|  |TAMS 0x00000000e4900000, 0x00000000e4900000| Untracked 
|  74|0x00000000e4a00000, 0x00000000e4a00000, 0x00000000e4b00000|  0%| F|  |TAMS 0x00000000e4a00000, 0x00000000e4a00000| Untracked 
|  75|0x00000000e4b00000, 0x00000000e4b00000, 0x00000000e4c00000|  0%| F|  |TAMS 0x00000000e4b00000, 0x00000000e4b00000| Untracked 
|  76|0x00000000e4c00000, 0x00000000e4c00000, 0x00000000e4d00000|  0%| F|  |TAMS 0x00000000e4c00000, 0x00000000e4c00000| Untracked 
|  77|0x00000000e4d00000, 0x00000000e4d00000, 0x00000000e4e00000|  0%| F|  |TAMS 0x00000000e4d00000, 0x00000000e4d00000| Untracked 
|  78|0x00000000e4e00000, 0x00000000e4e00000, 0x00000000e4f00000|  0%| F|  |TAMS 0x00000000e4e00000, 0x00000000e4e00000| Untracked 
|  79|0x00000000e4f00000, 0x00000000e4f00000, 0x00000000e5000000|  0%| F|  |TAMS 0x00000000e4f00000, 0x00000000e4f00000| Untracked 
|  80|0x00000000e5000000, 0x00000000e5000000, 0x00000000e5100000|  0%| F|  |TAMS 0x00000000e5000000, 0x00000000e5000000| Untracked 
|  81|0x00000000e5100000, 0x00000000e5100000, 0x00000000e5200000|  0%| F|  |TAMS 0x00000000e5100000, 0x00000000e5100000| Untracked 
|  82|0x00000000e5200000, 0x00000000e5200000, 0x00000000e5300000|  0%| F|  |TAMS 0x00000000e5200000, 0x00000000e5200000| Untracked 
|  83|0x00000000e5300000, 0x00000000e5300000, 0x00000000e5400000|  0%| F|  |TAMS 0x00000000e5300000, 0x00000000e5300000| Untracked 
|  84|0x00000000e5400000, 0x00000000e5400000, 0x00000000e5500000|  0%| F|  |TAMS 0x00000000e5400000, 0x00000000e5400000| Untracked 
|  85|0x00000000e5500000, 0x00000000e5500000, 0x00000000e5600000|  0%| F|  |TAMS 0x00000000e5500000, 0x00000000e5500000| Untracked 
|  86|0x00000000e5600000, 0x00000000e5600000, 0x00000000e5700000|  0%| F|  |TAMS 0x00000000e5600000, 0x00000000e5600000| Untracked 
|  87|0x00000000e5700000, 0x00000000e5700000, 0x00000000e5800000|  0%| F|  |TAMS 0x00000000e5700000, 0x00000000e5700000| Untracked 
|  88|0x00000000e5800000, 0x00000000e5800000, 0x00000000e5900000|  0%| F|  |TAMS 0x00000000e5800000, 0x00000000e5800000| Untracked 
|  89|0x00000000e5900000, 0x00000000e5900000, 0x00000000e5a00000|  0%| F|  |TAMS 0x00000000e5900000, 0x00000000e5900000| Untracked 
|  90|0x00000000e5a00000, 0x00000000e5a00000, 0x00000000e5b00000|  0%| F|  |TAMS 0x00000000e5a00000, 0x00000000e5a00000| Untracked 
|  91|0x00000000e5b00000, 0x00000000e5b00000, 0x00000000e5c00000|  0%| F|  |TAMS 0x00000000e5b00000, 0x00000000e5b00000| Untracked 
|  92|0x00000000e5c00000, 0x00000000e5c00000, 0x00000000e5d00000|  0%| F|  |TAMS 0x00000000e5c00000, 0x00000000e5c00000| Untracked 
|  93|0x00000000e5d00000, 0x00000000e5d00000, 0x00000000e5e00000|  0%| F|  |TAMS 0x00000000e5d00000, 0x00000000e5d00000| Untracked 
|  94|0x00000000e5e00000, 0x00000000e5e00000, 0x00000000e5f00000|  0%| F|  |TAMS 0x00000000e5e00000, 0x00000000e5e00000| Untracked 
|  95|0x00000000e5f00000, 0x00000000e5f00000, 0x00000000e6000000|  0%| F|  |TAMS 0x00000000e5f00000, 0x00000000e5f00000| Untracked 
|  96|0x00000000e6000000, 0x00000000e6000000, 0x00000000e6100000|  0%| F|  |TAMS 0x00000000e6000000, 0x00000000e6000000| Untracked 
|  97|0x00000000e6100000, 0x00000000e6100000, 0x00000000e6200000|  0%| F|  |TAMS 0x00000000e6100000, 0x00000000e6100000| Untracked 
|  98|0x00000000e6200000, 0x00000000e6200000, 0x00000000e6300000|  0%| F|  |TAMS 0x00000000e6200000, 0x00000000e6200000| Untracked 
|  99|0x00000000e6300000, 0x00000000e6300000, 0x00000000e6400000|  0%| F|  |TAMS 0x00000000e6300000, 0x00000000e6300000| Untracked 
| 100|0x00000000e6400000, 0x00000000e6400000, 0x00000000e6500000|  0%| F|  |TAMS 0x00000000e6400000, 0x00000000e6400000| Untracked 
| 101|0x00000000e6500000, 0x00000000e6500000, 0x00000000e6600000|  0%| F|  |TAMS 0x00000000e6500000, 0x00000000e6500000| Untracked 
| 102|0x00000000e6600000, 0x00000000e6600000, 0x00000000e6700000|  0%| F|  |TAMS 0x00000000e6600000, 0x00000000e6600000| Untracked 
| 103|0x00000000e6700000, 0x00000000e6700000, 0x00000000e6800000|  0%| F|  |TAMS 0x00000000e6700000, 0x00000000e6700000| Untracked 
| 104|0x00000000e6800000, 0x00000000e6800000, 0x00000000e6900000|  0%| F|  |TAMS 0x00000000e6800000, 0x00000000e6800000| Untracked 
| 105|0x00000000e6900000, 0x00000000e6900000, 0x00000000e6a00000|  0%| F|  |TAMS 0x00000000e6900000, 0x00000000e6900000| Untracked 
| 106|0x00000000e6a00000, 0x00000000e6a00000, 0x00000000e6b00000|  0%| F|  |TAMS 0x00000000e6a00000, 0x00000000e6a00000| Untracked 
| 107|0x00000000e6b00000, 0x00000000e6b00000, 0x00000000e6c00000|  0%| F|  |TAMS 0x00000000e6b00000, 0x00000000e6b00000| Untracked 
| 108|0x00000000e6c00000, 0x00000000e6c00000, 0x00000000e6d00000|  0%| F|  |TAMS 0x00000000e6c00000, 0x00000000e6c00000| Untracked 
| 109|0x00000000e6d00000, 0x00000000e6d00000, 0x00000000e6e00000|  0%| F|  |TAMS 0x00000000e6d00000, 0x00000000e6d00000| Untracked 
| 110|0x00000000e6e00000, 0x00000000e6e00000, 0x00000000e6f00000|  0%| F|  |TAMS 0x00000000e6e00000, 0x00000000e6e00000| Untracked 
| 111|0x00000000e6f00000, 0x00000000e6f00000, 0x00000000e7000000|  0%| F|  |TAMS 0x00000000e6f00000, 0x00000000e6f00000| Untracked 
| 112|0x00000000e7000000, 0x00000000e7000000, 0x00000000e7100000|  0%| F|  |TAMS 0x00000000e7000000, 0x00000000e7000000| Untracked 
| 113|0x00000000e7100000, 0x00000000e7100000, 0x00000000e7200000|  0%| F|  |TAMS 0x00000000e7100000, 0x00000000e7100000| Untracked 
| 114|0x00000000e7200000, 0x00000000e7200000, 0x00000000e7300000|  0%| F|  |TAMS 0x00000000e7200000, 0x00000000e7200000| Untracked 
| 115|0x00000000e7300000, 0x00000000e7300000, 0x00000000e7400000|  0%| F|  |TAMS 0x00000000e7300000, 0x00000000e7300000| Untracked 
| 116|0x00000000e7400000, 0x00000000e7400000, 0x00000000e7500000|  0%| F|  |TAMS 0x00000000e7400000, 0x00000000e7400000| Untracked 
| 117|0x00000000e7500000, 0x00000000e7500000, 0x00000000e7600000|  0%| F|  |TAMS 0x00000000e7500000, 0x00000000e7500000| Untracked 
| 118|0x00000000e7600000, 0x00000000e7600000, 0x00000000e7700000|  0%| F|  |TAMS 0x00000000e7600000, 0x00000000e7600000| Untracked 
| 119|0x00000000e7700000, 0x00000000e7700000, 0x00000000e7800000|  0%| F|  |TAMS 0x00000000e7700000, 0x00000000e7700000| Untracked 
| 120|0x00000000e7800000, 0x00000000e7800000, 0x00000000e7900000|  0%| F|  |TAMS 0x00000000e7800000, 0x00000000e7800000| Untracked 
| 121|0x00000000e7900000, 0x00000000e7900000, 0x00000000e7a00000|  0%| F|  |TAMS 0x00000000e7900000, 0x00000000e7900000| Untracked 
| 122|0x00000000e7a00000, 0x00000000e7a00000, 0x00000000e7b00000|  0%| F|  |TAMS 0x00000000e7a00000, 0x00000000e7a00000| Untracked 
| 123|0x00000000e7b00000, 0x00000000e7b00000, 0x00000000e7c00000|  0%| F|  |TAMS 0x00000000e7b00000, 0x00000000e7b00000| Untracked 
| 124|0x00000000e7c00000, 0x00000000e7c00000, 0x00000000e7d00000|  0%| F|  |TAMS 0x00000000e7c00000, 0x00000000e7c00000| Untracked 
| 125|0x00000000e7d00000, 0x00000000e7d00000, 0x00000000e7e00000|  0%| F|  |TAMS 0x00000000e7d00000, 0x00000000e7d00000| Untracked 
| 126|0x00000000e7e00000, 0x00000000e7e00000, 0x00000000e7f00000|  0%| F|  |TAMS 0x00000000e7e00000, 0x00000000e7e00000| Untracked 
| 127|0x00000000e7f00000, 0x00000000e7f00000, 0x00000000e8000000|  0%| F|  |TAMS 0x00000000e7f00000, 0x00000000e7f00000| Untracked 
| 128|0x00000000e8000000, 0x00000000e8000000, 0x00000000e8100000|  0%| F|  |TAMS 0x00000000e8000000, 0x00000000e8000000| Untracked 
| 129|0x00000000e8100000, 0x00000000e8186340, 0x00000000e8200000| 52%| S|CS|TAMS 0x00000000e8100000, 0x00000000e8100000| Complete 
| 130|0x00000000e8200000, 0x00000000e8300000, 0x00000000e8300000|100%| S|CS|TAMS 0x00000000e8200000, 0x00000000e8200000| Complete 
| 131|0x00000000e8300000, 0x00000000e8400000, 0x00000000e8400000|100%| S|CS|TAMS 0x00000000e8300000, 0x00000000e8300000| Complete 
| 132|0x00000000e8400000, 0x00000000e8500000, 0x00000000e8500000|100%| S|CS|TAMS 0x00000000e8400000, 0x00000000e8400000| Complete 
| 133|0x00000000e8500000, 0x00000000e8600000, 0x00000000e8600000|100%| S|CS|TAMS 0x00000000e8500000, 0x00000000e8500000| Complete 
| 134|0x00000000e8600000, 0x00000000e8700000, 0x00000000e8700000|100%| S|CS|TAMS 0x00000000e8600000, 0x00000000e8600000| Complete 
| 135|0x00000000e8700000, 0x00000000e8800000, 0x00000000e8800000|100%| S|CS|TAMS 0x00000000e8700000, 0x00000000e8700000| Complete 
| 136|0x00000000e8800000, 0x00000000e8900000, 0x00000000e8900000|100%| S|CS|TAMS 0x00000000e8800000, 0x00000000e8800000| Complete 
| 137|0x00000000e8900000, 0x00000000e8a00000, 0x00000000e8a00000|100%| S|CS|TAMS 0x00000000e8900000, 0x00000000e8900000| Complete 
| 138|0x00000000e8a00000, 0x00000000e8b00000, 0x00000000e8b00000|100%| S|CS|TAMS 0x00000000e8a00000, 0x00000000e8a00000| Complete 
| 139|0x00000000e8b00000, 0x00000000e8c00000, 0x00000000e8c00000|100%| S|CS|TAMS 0x00000000e8b00000, 0x00000000e8b00000| Complete 
| 140|0x00000000e8c00000, 0x00000000e8d00000, 0x00000000e8d00000|100%| S|CS|TAMS 0x00000000e8c00000, 0x00000000e8c00000| Complete 
| 141|0x00000000e8d00000, 0x00000000e8d00000, 0x00000000e8e00000|  0%| F|  |TAMS 0x00000000e8d00000, 0x00000000e8d00000| Untracked 
| 142|0x00000000e8e00000, 0x00000000e8e00000, 0x00000000e8f00000|  0%| F|  |TAMS 0x00000000e8e00000, 0x00000000e8e00000| Untracked 
| 143|0x00000000e8f00000, 0x00000000e8f00000, 0x00000000e9000000|  0%| F|  |TAMS 0x00000000e8f00000, 0x00000000e8f00000| Untracked 
| 144|0x00000000e9000000, 0x00000000e9000000, 0x00000000e9100000|  0%| F|  |TAMS 0x00000000e9000000, 0x00000000e9000000| Untracked 
| 145|0x00000000e9100000, 0x00000000e9100000, 0x00000000e9200000|  0%| F|  |TAMS 0x00000000e9100000, 0x00000000e9100000| Untracked 
| 146|0x00000000e9200000, 0x00000000e9200000, 0x00000000e9300000|  0%| F|  |TAMS 0x00000000e9200000, 0x00000000e9200000| Untracked 
| 147|0x00000000e9300000, 0x00000000e9300000, 0x00000000e9400000|  0%| F|  |TAMS 0x00000000e9300000, 0x00000000e9300000| Untracked 
| 148|0x00000000e9400000, 0x00000000e9400000, 0x00000000e9500000|  0%| F|  |TAMS 0x00000000e9400000, 0x00000000e9400000| Untracked 
| 149|0x00000000e9500000, 0x00000000e9500000, 0x00000000e9600000|  0%| F|  |TAMS 0x00000000e9500000, 0x00000000e9500000| Untracked 
| 150|0x00000000e9600000, 0x00000000e9600000, 0x00000000e9700000|  0%| F|  |TAMS 0x00000000e9600000, 0x00000000e9600000| Untracked 
| 151|0x00000000e9700000, 0x00000000e9700000, 0x00000000e9800000|  0%| F|  |TAMS 0x00000000e9700000, 0x00000000e9700000| Untracked 
| 152|0x00000000e9800000, 0x00000000e9800000, 0x00000000e9900000|  0%| F|  |TAMS 0x00000000e9800000, 0x00000000e9800000| Untracked 
| 153|0x00000000e9900000, 0x00000000e9900000, 0x00000000e9a00000|  0%| F|  |TAMS 0x00000000e9900000, 0x00000000e9900000| Untracked 
| 154|0x00000000e9a00000, 0x00000000e9a00000, 0x00000000e9b00000|  0%| F|  |TAMS 0x00000000e9a00000, 0x00000000e9a00000| Untracked 
| 155|0x00000000e9b00000, 0x00000000e9b00000, 0x00000000e9c00000|  0%| F|  |TAMS 0x00000000e9b00000, 0x00000000e9b00000| Untracked 
| 156|0x00000000e9c00000, 0x00000000e9c00000, 0x00000000e9d00000|  0%| F|  |TAMS 0x00000000e9c00000, 0x00000000e9c00000| Untracked 
| 157|0x00000000e9d00000, 0x00000000e9d00000, 0x00000000e9e00000|  0%| F|  |TAMS 0x00000000e9d00000, 0x00000000e9d00000| Untracked 
| 158|0x00000000e9e00000, 0x00000000e9e00000, 0x00000000e9f00000|  0%| F|  |TAMS 0x00000000e9e00000, 0x00000000e9e00000| Untracked 
| 159|0x00000000e9f00000, 0x00000000e9f00000, 0x00000000ea000000|  0%| F|  |TAMS 0x00000000e9f00000, 0x00000000e9f00000| Untracked 
| 160|0x00000000ea000000, 0x00000000ea000000, 0x00000000ea100000|  0%| F|  |TAMS 0x00000000ea000000, 0x00000000ea000000| Untracked 
| 161|0x00000000ea100000, 0x00000000ea100000, 0x00000000ea200000|  0%| F|  |TAMS 0x00000000ea100000, 0x00000000ea100000| Untracked 
| 162|0x00000000ea200000, 0x00000000ea200000, 0x00000000ea300000|  0%| F|  |TAMS 0x00000000ea200000, 0x00000000ea200000| Untracked 
| 163|0x00000000ea300000, 0x00000000ea300000, 0x00000000ea400000|  0%| F|  |TAMS 0x00000000ea300000, 0x00000000ea300000| Untracked 
| 164|0x00000000ea400000, 0x00000000ea400000, 0x00000000ea500000|  0%| F|  |TAMS 0x00000000ea400000, 0x00000000ea400000| Untracked 
| 165|0x00000000ea500000, 0x00000000ea500000, 0x00000000ea600000|  0%| F|  |TAMS 0x00000000ea500000, 0x00000000ea500000| Untracked 
| 166|0x00000000ea600000, 0x00000000ea600000, 0x00000000ea700000|  0%| F|  |TAMS 0x00000000ea600000, 0x00000000ea600000| Untracked 
| 167|0x00000000ea700000, 0x00000000ea700000, 0x00000000ea800000|  0%| F|  |TAMS 0x00000000ea700000, 0x00000000ea700000| Untracked 
| 168|0x00000000ea800000, 0x00000000ea800000, 0x00000000ea900000|  0%| F|  |TAMS 0x00000000ea800000, 0x00000000ea800000| Untracked 
| 169|0x00000000ea900000, 0x00000000ea900000, 0x00000000eaa00000|  0%| F|  |TAMS 0x00000000ea900000, 0x00000000ea900000| Untracked 
| 170|0x00000000eaa00000, 0x00000000eaa00000, 0x00000000eab00000|  0%| F|  |TAMS 0x00000000eaa00000, 0x00000000eaa00000| Untracked 
| 171|0x00000000eab00000, 0x00000000eab00000, 0x00000000eac00000|  0%| F|  |TAMS 0x00000000eab00000, 0x00000000eab00000| Untracked 
| 172|0x00000000eac00000, 0x00000000eac00000, 0x00000000ead00000|  0%| F|  |TAMS 0x00000000eac00000, 0x00000000eac00000| Untracked 
| 173|0x00000000ead00000, 0x00000000ead00000, 0x00000000eae00000|  0%| F|  |TAMS 0x00000000ead00000, 0x00000000ead00000| Untracked 
| 174|0x00000000eae00000, 0x00000000eae00000, 0x00000000eaf00000|  0%| F|  |TAMS 0x00000000eae00000, 0x00000000eae00000| Untracked 
| 175|0x00000000eaf00000, 0x00000000eaf00000, 0x00000000eb000000|  0%| F|  |TAMS 0x00000000eaf00000, 0x00000000eaf00000| Untracked 
| 176|0x00000000eb000000, 0x00000000eb000000, 0x00000000eb100000|  0%| F|  |TAMS 0x00000000eb000000, 0x00000000eb000000| Untracked 
| 177|0x00000000eb100000, 0x00000000eb100000, 0x00000000eb200000|  0%| F|  |TAMS 0x00000000eb100000, 0x00000000eb100000| Untracked 
| 178|0x00000000eb200000, 0x00000000eb200000, 0x00000000eb300000|  0%| F|  |TAMS 0x00000000eb200000, 0x00000000eb200000| Untracked 
| 179|0x00000000eb300000, 0x00000000eb300000, 0x00000000eb400000|  0%| F|  |TAMS 0x00000000eb300000, 0x00000000eb300000| Untracked 
| 180|0x00000000eb400000, 0x00000000eb400000, 0x00000000eb500000|  0%| F|  |TAMS 0x00000000eb400000, 0x00000000eb400000| Untracked 
| 181|0x00000000eb500000, 0x00000000eb500000, 0x00000000eb600000|  0%| F|  |TAMS 0x00000000eb500000, 0x00000000eb500000| Untracked 
| 182|0x00000000eb600000, 0x00000000eb600000, 0x00000000eb700000|  0%| F|  |TAMS 0x00000000eb600000, 0x00000000eb600000| Untracked 
| 183|0x00000000eb700000, 0x00000000eb700000, 0x00000000eb800000|  0%| F|  |TAMS 0x00000000eb700000, 0x00000000eb700000| Untracked 
| 184|0x00000000eb800000, 0x00000000eb800000, 0x00000000eb900000|  0%| F|  |TAMS 0x00000000eb800000, 0x00000000eb800000| Untracked 
| 185|0x00000000eb900000, 0x00000000eb900000, 0x00000000eba00000|  0%| F|  |TAMS 0x00000000eb900000, 0x00000000eb900000| Untracked 
| 186|0x00000000eba00000, 0x00000000eba00000, 0x00000000ebb00000|  0%| F|  |TAMS 0x00000000eba00000, 0x00000000eba00000| Untracked 
| 187|0x00000000ebb00000, 0x00000000ebb00000, 0x00000000ebc00000|  0%| F|  |TAMS 0x00000000ebb00000, 0x00000000ebb00000| Untracked 
| 188|0x00000000ebc00000, 0x00000000ebc00000, 0x00000000ebd00000|  0%| F|  |TAMS 0x00000000ebc00000, 0x00000000ebc00000| Untracked 
| 189|0x00000000ebd00000, 0x00000000ebd00000, 0x00000000ebe00000|  0%| F|  |TAMS 0x00000000ebd00000, 0x00000000ebd00000| Untracked 
| 190|0x00000000ebe00000, 0x00000000ebe00000, 0x00000000ebf00000|  0%| F|  |TAMS 0x00000000ebe00000, 0x00000000ebe00000| Untracked 
| 191|0x00000000ebf00000, 0x00000000ebf00000, 0x00000000ec000000|  0%| F|  |TAMS 0x00000000ebf00000, 0x00000000ebf00000| Untracked 
| 192|0x00000000ec000000, 0x00000000ec000000, 0x00000000ec100000|  0%| F|  |TAMS 0x00000000ec000000, 0x00000000ec000000| Untracked 
| 193|0x00000000ec100000, 0x00000000ec100000, 0x00000000ec200000|  0%| F|  |TAMS 0x00000000ec100000, 0x00000000ec100000| Untracked 
| 194|0x00000000ec200000, 0x00000000ec200000, 0x00000000ec300000|  0%| F|  |TAMS 0x00000000ec200000, 0x00000000ec200000| Untracked 
| 195|0x00000000ec300000, 0x00000000ec300000, 0x00000000ec400000|  0%| F|  |TAMS 0x00000000ec300000, 0x00000000ec300000| Untracked 
| 196|0x00000000ec400000, 0x00000000ec400000, 0x00000000ec500000|  0%| F|  |TAMS 0x00000000ec400000, 0x00000000ec400000| Untracked 
| 197|0x00000000ec500000, 0x00000000ec500000, 0x00000000ec600000|  0%| F|  |TAMS 0x00000000ec500000, 0x00000000ec500000| Untracked 
| 198|0x00000000ec600000, 0x00000000ec600000, 0x00000000ec700000|  0%| F|  |TAMS 0x00000000ec600000, 0x00000000ec600000| Untracked 
| 199|0x00000000ec700000, 0x00000000ec700000, 0x00000000ec800000|  0%| F|  |TAMS 0x00000000ec700000, 0x00000000ec700000| Untracked 
| 200|0x00000000ec800000, 0x00000000ec800000, 0x00000000ec900000|  0%| F|  |TAMS 0x00000000ec800000, 0x00000000ec800000| Untracked 
| 201|0x00000000ec900000, 0x00000000ec900000, 0x00000000eca00000|  0%| F|  |TAMS 0x00000000ec900000, 0x00000000ec900000| Untracked 
| 202|0x00000000eca00000, 0x00000000eca00000, 0x00000000ecb00000|  0%| F|  |TAMS 0x00000000eca00000, 0x00000000eca00000| Untracked 
| 203|0x00000000ecb00000, 0x00000000ecb00000, 0x00000000ecc00000|  0%| F|  |TAMS 0x00000000ecb00000, 0x00000000ecb00000| Untracked 
| 204|0x00000000ecc00000, 0x00000000ecc00000, 0x00000000ecd00000|  0%| F|  |TAMS 0x00000000ecc00000, 0x00000000ecc00000| Untracked 
| 205|0x00000000ecd00000, 0x00000000ecd00000, 0x00000000ece00000|  0%| F|  |TAMS 0x00000000ecd00000, 0x00000000ecd00000| Untracked 
| 206|0x00000000ece00000, 0x00000000ece00000, 0x00000000ecf00000|  0%| F|  |TAMS 0x00000000ece00000, 0x00000000ece00000| Untracked 
| 207|0x00000000ecf00000, 0x00000000ecf00000, 0x00000000ed000000|  0%| F|  |TAMS 0x00000000ecf00000, 0x00000000ecf00000| Untracked 
| 208|0x00000000ed000000, 0x00000000ed000000, 0x00000000ed100000|  0%| F|  |TAMS 0x00000000ed000000, 0x00000000ed000000| Untracked 
| 209|0x00000000ed100000, 0x00000000ed100000, 0x00000000ed200000|  0%| F|  |TAMS 0x00000000ed100000, 0x00000000ed100000| Untracked 
| 210|0x00000000ed200000, 0x00000000ed200000, 0x00000000ed300000|  0%| F|  |TAMS 0x00000000ed200000, 0x00000000ed200000| Untracked 
| 211|0x00000000ed300000, 0x00000000ed300000, 0x00000000ed400000|  0%| F|  |TAMS 0x00000000ed300000, 0x00000000ed300000| Untracked 
| 212|0x00000000ed400000, 0x00000000ed400000, 0x00000000ed500000|  0%| F|  |TAMS 0x00000000ed400000, 0x00000000ed400000| Untracked 
| 213|0x00000000ed500000, 0x00000000ed500000, 0x00000000ed600000|  0%| F|  |TAMS 0x00000000ed500000, 0x00000000ed500000| Untracked 
| 214|0x00000000ed600000, 0x00000000ed600000, 0x00000000ed700000|  0%| F|  |TAMS 0x00000000ed600000, 0x00000000ed600000| Untracked 
| 215|0x00000000ed700000, 0x00000000ed7f9150, 0x00000000ed800000| 97%| E|  |TAMS 0x00000000ed700000, 0x00000000ed700000| Complete 
| 216|0x00000000ed800000, 0x00000000ed900000, 0x00000000ed900000|100%| E|CS|TAMS 0x00000000ed800000, 0x00000000ed800000| Complete 
| 217|0x00000000ed900000, 0x00000000eda00000, 0x00000000eda00000|100%| E|CS|TAMS 0x00000000ed900000, 0x00000000ed900000| Complete 
| 218|0x00000000eda00000, 0x00000000edb00000, 0x00000000edb00000|100%| E|CS|TAMS 0x00000000eda00000, 0x00000000eda00000| Complete 
| 219|0x00000000edb00000, 0x00000000edc00000, 0x00000000edc00000|100%| E|CS|TAMS 0x00000000edb00000, 0x00000000edb00000| Complete 
| 220|0x00000000edc00000, 0x00000000edd00000, 0x00000000edd00000|100%| E|CS|TAMS 0x00000000edc00000, 0x00000000edc00000| Complete 
| 221|0x00000000edd00000, 0x00000000ede00000, 0x00000000ede00000|100%| E|CS|TAMS 0x00000000edd00000, 0x00000000edd00000| Complete 
| 222|0x00000000ede00000, 0x00000000edf00000, 0x00000000edf00000|100%| E|CS|TAMS 0x00000000ede00000, 0x00000000ede00000| Complete 
| 223|0x00000000edf00000, 0x00000000ee000000, 0x00000000ee000000|100%| E|CS|TAMS 0x00000000edf00000, 0x00000000edf00000| Complete 
| 224|0x00000000ee000000, 0x00000000ee100000, 0x00000000ee100000|100%| E|CS|TAMS 0x00000000ee000000, 0x00000000ee000000| Complete 
| 225|0x00000000ee100000, 0x00000000ee200000, 0x00000000ee200000|100%| E|CS|TAMS 0x00000000ee100000, 0x00000000ee100000| Complete 
| 226|0x00000000ee200000, 0x00000000ee300000, 0x00000000ee300000|100%| E|CS|TAMS 0x00000000ee200000, 0x00000000ee200000| Complete 
| 227|0x00000000ee300000, 0x00000000ee400000, 0x00000000ee400000|100%| E|CS|TAMS 0x00000000ee300000, 0x00000000ee300000| Complete 
| 228|0x00000000ee400000, 0x00000000ee500000, 0x00000000ee500000|100%| E|CS|TAMS 0x00000000ee400000, 0x00000000ee400000| Complete 
| 229|0x00000000ee500000, 0x00000000ee600000, 0x00000000ee600000|100%| E|CS|TAMS 0x00000000ee500000, 0x00000000ee500000| Complete 
| 230|0x00000000ee600000, 0x00000000ee700000, 0x00000000ee700000|100%| E|CS|TAMS 0x00000000ee600000, 0x00000000ee600000| Complete 
| 231|0x00000000ee700000, 0x00000000ee800000, 0x00000000ee800000|100%| E|CS|TAMS 0x00000000ee700000, 0x00000000ee700000| Complete 
| 232|0x00000000ee800000, 0x00000000ee900000, 0x00000000ee900000|100%| E|CS|TAMS 0x00000000ee800000, 0x00000000ee800000| Complete 
| 233|0x00000000ee900000, 0x00000000eea00000, 0x00000000eea00000|100%| E|CS|TAMS 0x00000000ee900000, 0x00000000ee900000| Complete 
| 234|0x00000000eea00000, 0x00000000eeb00000, 0x00000000eeb00000|100%| E|CS|TAMS 0x00000000eea00000, 0x00000000eea00000| Complete 
| 235|0x00000000eeb00000, 0x00000000eec00000, 0x00000000eec00000|100%| E|CS|TAMS 0x00000000eeb00000, 0x00000000eeb00000| Complete 
| 236|0x00000000eec00000, 0x00000000eed00000, 0x00000000eed00000|100%| E|CS|TAMS 0x00000000eec00000, 0x00000000eec00000| Complete 
| 237|0x00000000eed00000, 0x00000000eee00000, 0x00000000eee00000|100%| E|CS|TAMS 0x00000000eed00000, 0x00000000eed00000| Complete 
| 238|0x00000000eee00000, 0x00000000eef00000, 0x00000000eef00000|100%| E|CS|TAMS 0x00000000eee00000, 0x00000000eee00000| Complete 
| 239|0x00000000eef00000, 0x00000000ef000000, 0x00000000ef000000|100%| E|CS|TAMS 0x00000000eef00000, 0x00000000eef00000| Complete 
| 240|0x00000000ef000000, 0x00000000ef100000, 0x00000000ef100000|100%| E|CS|TAMS 0x00000000ef000000, 0x00000000ef000000| Complete 
| 241|0x00000000ef100000, 0x00000000ef200000, 0x00000000ef200000|100%| E|CS|TAMS 0x00000000ef100000, 0x00000000ef100000| Complete 
| 242|0x00000000ef200000, 0x00000000ef300000, 0x00000000ef300000|100%| E|CS|TAMS 0x00000000ef200000, 0x00000000ef200000| Complete 
| 243|0x00000000ef300000, 0x00000000ef400000, 0x00000000ef400000|100%| E|CS|TAMS 0x00000000ef300000, 0x00000000ef300000| Complete 
| 244|0x00000000ef400000, 0x00000000ef500000, 0x00000000ef500000|100%| E|CS|TAMS 0x00000000ef400000, 0x00000000ef400000| Complete 
| 245|0x00000000ef500000, 0x00000000ef600000, 0x00000000ef600000|100%| E|CS|TAMS 0x00000000ef500000, 0x00000000ef500000| Complete 
| 246|0x00000000ef600000, 0x00000000ef700000, 0x00000000ef700000|100%| E|CS|TAMS 0x00000000ef600000, 0x00000000ef600000| Complete 
| 247|0x00000000ef700000, 0x00000000ef800000, 0x00000000ef800000|100%| E|CS|TAMS 0x00000000ef700000, 0x00000000ef700000| Complete 
| 248|0x00000000ef800000, 0x00000000ef900000, 0x00000000ef900000|100%| E|CS|TAMS 0x00000000ef800000, 0x00000000ef800000| Complete 
| 249|0x00000000ef900000, 0x00000000efa00000, 0x00000000efa00000|100%| E|CS|TAMS 0x00000000ef900000, 0x00000000ef900000| Complete 
| 250|0x00000000efa00000, 0x00000000efb00000, 0x00000000efb00000|100%| E|CS|TAMS 0x00000000efa00000, 0x00000000efa00000| Complete 
| 251|0x00000000efb00000, 0x00000000efc00000, 0x00000000efc00000|100%| E|CS|TAMS 0x00000000efb00000, 0x00000000efb00000| Complete 
| 252|0x00000000efc00000, 0x00000000efd00000, 0x00000000efd00000|100%| E|CS|TAMS 0x00000000efc00000, 0x00000000efc00000| Complete 
| 253|0x00000000efd00000, 0x00000000efe00000, 0x00000000efe00000|100%| E|CS|TAMS 0x00000000efd00000, 0x00000000efd00000| Complete 
| 254|0x00000000efe00000, 0x00000000eff00000, 0x00000000eff00000|100%| E|CS|TAMS 0x00000000efe00000, 0x00000000efe00000| Complete 
| 255|0x00000000eff00000, 0x00000000f0000000, 0x00000000f0000000|100%| E|CS|TAMS 0x00000000eff00000, 0x00000000eff00000| Complete 

Card table byte_map: [0x000001acf8180000,0x000001acf8280000] _byte_map_base: 0x000001acf7a80000

Marking Bits (Prev, Next): (CMBitMap*) 0x000001acf02931f0, (CMBitMap*) 0x000001acf02931b0
 Prev Bits: [0x000001acf8b80000, 0x000001acf9380000)
 Next Bits: [0x000001acf8380000, 0x000001acf8b80000)

Polling page: 0x000001acee200000

Metaspace:

Usage:
  Non-class:     22.14 MB used.
      Class:      3.86 MB used.
       Both:     26.00 MB used.

Virtual space:
  Non-class space:       64.00 MB reserved,      22.31 MB ( 35%) committed,  1 nodes.
      Class space:      320.00 MB reserved,       4.06 MB (  1%) committed,  1 nodes.
             Both:      384.00 MB reserved,      26.38 MB (  7%) committed. 

Chunk freelists:
   Non-Class:  9.50 MB
       Class:  11.98 MB
        Both:  21.48 MB

MaxMetaspaceSize: 384.00 MB
CompressedClassSpaceSize: 320.00 MB
Initial GC threshold: 21.00 MB
Current GC threshold: 35.12 MB
CDS: on
MetaspaceReclaimPolicy: balanced
 - commit_granule_bytes: 65536.
 - commit_granule_words: 8192.
 - virtual_space_node_default_size: 8388608.
 - enlarge_chunks_in_place: 1.
 - new_chunks_are_fully_committed: 0.
 - uncommit_free_chunks: 1.
 - use_allocation_guard: 0.
 - handle_deallocations: 1.


Internal statistics:

num_allocs_failed_limit: 3.
num_arena_births: 376.
num_arena_deaths: 0.
num_vsnodes_births: 2.
num_vsnodes_deaths: 0.
num_space_committed: 423.
num_space_uncommitted: 0.
num_chunks_returned_to_freelist: 3.
num_chunks_taken_from_freelist: 1437.
num_chunk_merges: 3.
num_chunk_splits: 927.
num_chunks_enlarged: 632.
num_inconsistent_stats: 0.

CodeHeap 'non-profiled nmethods': size=120000Kb used=1905Kb max_used=1905Kb free=118094Kb
 bounds [0x000001ac87ad0000, 0x000001ac87d40000, 0x000001ac8f000000]
CodeHeap 'profiled nmethods': size=120000Kb used=6832Kb max_used=6832Kb free=113167Kb
 bounds [0x000001ac80000000, 0x000001ac806b0000, 0x000001ac87530000]
CodeHeap 'non-nmethods': size=5760Kb used=1252Kb max_used=1303Kb free=4507Kb
 bounds [0x000001ac87530000, 0x000001ac877a0000, 0x000001ac87ad0000]
 total_blobs=3813 nmethods=3251 adapters=474
 compilation: enabled
              stopped_count=0, restarted_count=0
 full_count=0

Compilation events (20 events):
Event: 6.174 Thread 0x000001acfc006930 nmethod 3205 0x000001ac8069ba10 code [0x000001ac8069bbe0, 0x000001ac8069bf68]
Event: 6.174 Thread 0x000001acfc006930 3206       3       java.util.Spliterators::spliterator (16 bytes)
Event: 6.174 Thread 0x000001acfc006930 nmethod 3206 0x000001ac8069c090 code [0x000001ac8069c260, 0x000001ac8069c678]
Event: 6.174 Thread 0x000001acfc006930 3207       3       java.util.stream.ReferencePipeline::anyMatch (18 bytes)
Event: 6.174 Thread 0x000001acfc006930 nmethod 3207 0x000001ac8069c810 code [0x000001ac8069c9c0, 0x000001ac8069cc58]
Event: 6.174 Thread 0x000001acfc006930 3208       3       java.util.Spliterators$IteratorSpliterator::<init> (39 bytes)
Event: 6.175 Thread 0x000001acfc006930 nmethod 3208 0x000001ac8069cd90 code [0x000001ac8069cf40, 0x000001ac8069d198]
Event: 6.175 Thread 0x000001acfc006930 3209       3       java.util.Spliterators$IteratorSpliterator::estimateSize (41 bytes)
Event: 6.175 Thread 0x000001acfc006930 nmethod 3209 0x000001ac8069d290 code [0x000001ac8069d460, 0x000001ac8069d7d8]
Event: 6.175 Thread 0x000001acfc006930 3210       1       java.lang.module.ModuleDescriptor$Opens::source (5 bytes)
Event: 6.175 Thread 0x000001acfc006930 nmethod 3210 0x000001ac87cab190 code [0x000001ac87cab320, 0x000001ac87cab3f8]
Event: 6.176 Thread 0x000001acfc006930 3212       3       org.codehaus.groovy.vmplugin.v9.Java9::isOpen (21 bytes)
Event: 6.176 Thread 0x000001acfc006930 nmethod 3212 0x000001ac8069d910 code [0x000001ac8069db60, 0x000001ac8069e538]
Event: 6.176 Thread 0x000001acfc006930 3213       3       org.codehaus.groovy.vmplugin.v9.Java9$$Lambda$475/0x000001ac903fd690::<init> (10 bytes)
Event: 6.177 Thread 0x000001acfc006930 nmethod 3213 0x000001ac8069e890 code [0x000001ac8069ea20, 0x000001ac8069ebd8]
Event: 6.177 Thread 0x000001acfc006930 3214       3       org.codehaus.groovy.vmplugin.v9.Java9::isExported (21 bytes)
Event: 6.177 Thread 0x000001acfc006930 nmethod 3214 0x000001ac8069ec90 code [0x000001ac8069eee0, 0x000001ac8069f8b8]
Event: 6.177 Thread 0x000001acfc006930 3215       3       org.codehaus.groovy.vmplugin.v9.Java9$$Lambda$476/0x000001ac903fd8e0::<init> (10 bytes)
Event: 6.177 Thread 0x000001acfc006930 nmethod 3215 0x000001ac8069fc10 code [0x000001ac8069fda0, 0x000001ac8069ff58]
Event: 6.182 Thread 0x000001acfc006930 3222       2       java.lang.reflect.Constructor::setAccessible (21 bytes)

GC Heap History (8 events):
Event: 0.684 GC heap before
{Heap before GC invocations=0 (full 0):
 garbage-first heap   total 262144K, used 23552K [0x00000000e0000000, 0x0000000100000000)
  region size 1024K, 23 young (23552K), 0 survivors (0K)
 Metaspace       used 1116K, committed 1280K, reserved 393216K
  class space    used 78K, committed 128K, reserved 327680K
}
Event: 0.687 GC heap after
{Heap after GC invocations=1 (full 0):
 garbage-first heap   total 262144K, used 2687K [0x00000000e0000000, 0x0000000100000000)
  region size 1024K, 3 young (3072K), 3 survivors (3072K)
 Metaspace       used 1116K, committed 1280K, reserved 393216K
  class space    used 78K, committed 128K, reserved 327680K
}
Event: 1.638 GC heap before
{Heap before GC invocations=1 (full 0):
 garbage-first heap   total 262144K, used 38527K [0x00000000e0000000, 0x0000000100000000)
  region size 1024K, 36 young (36864K), 3 survivors (3072K)
 Metaspace       used 4411K, committed 4608K, reserved 393216K
  class space    used 553K, committed 640K, reserved 327680K
}
Event: 1.643 GC heap after
{Heap after GC invocations=2 (full 0):
 garbage-first heap   total 262144K, used 10911K [0x00000000e0000000, 0x0000000100000000)
  region size 1024K, 5 young (5120K), 5 survivors (5120K)
 Metaspace       used 4411K, committed 4608K, reserved 393216K
  class space    used 553K, committed 640K, reserved 327680K
}
Event: 2.450 GC heap before
{Heap before GC invocations=2 (full 0):
 garbage-first heap   total 262144K, used 56991K [0x00000000e0000000, 0x0000000100000000)
  region size 1024K, 48 young (49152K), 5 survivors (5120K)
 Metaspace       used 4635K, committed 4864K, reserved 393216K
  class space    used 576K, committed 704K, reserved 327680K
}
Event: 2.456 GC heap after
{Heap after GC invocations=3 (full 0):
 garbage-first heap   total 262144K, used 16495K [0x00000000e0000000, 0x0000000100000000)
  region size 1024K, 5 young (5120K), 5 survivors (5120K)
 Metaspace       used 4635K, committed 4864K, reserved 393216K
  class space    used 576K, committed 704K, reserved 327680K
}
Event: 5.220 GC heap before
{Heap before GC invocations=3 (full 0):
 garbage-first heap   total 262144K, used 128111K [0x00000000e0000000, 0x0000000100000000)
  region size 1024K, 115 young (117760K), 5 survivors (5120K)
 Metaspace       used 21173K, committed 21504K, reserved 393216K
  class space    used 3105K, committed 3264K, reserved 327680K
}
Event: 5.237 GC heap after
{Heap after GC invocations=4 (full 0):
 garbage-first heap   total 262144K, used 23942K [0x00000000e0000000, 0x0000000100000000)
  region size 1024K, 12 young (12288K), 12 survivors (12288K)
 Metaspace       used 21173K, committed 21504K, reserved 393216K
  class space    used 3105K, committed 3264K, reserved 327680K
}

Deoptimization events (20 events):
Event: 6.059 Thread 0x000001acfe19a8a0 Uncommon trap: trap_request=0xffffffde fr.pc=0x000001ac87bcab40 relative=0x0000000000001960
Event: 6.059 Thread 0x000001acfe19a8a0 Uncommon trap: reason=class_check action=maybe_recompile pc=0x000001ac87bcab40 method=java.io.BufferedInputStream.read([BII)I @ 101 c2
Event: 6.059 Thread 0x000001acfe19a8a0 DEOPT PACKING pc=0x000001ac87bcab40 sp=0x000000abfcdf83d0
Event: 6.059 Thread 0x000001acfe19a8a0 DEOPT UNPACKING pc=0x000001ac875823a3 sp=0x000000abfcdf8280 mode 2
Event: 6.060 Thread 0x000001acfe19a8a0 Uncommon trap: trap_request=0xffffffde fr.pc=0x000001ac87bcab40 relative=0x0000000000001960
Event: 6.060 Thread 0x000001acfe19a8a0 Uncommon trap: reason=class_check action=maybe_recompile pc=0x000001ac87bcab40 method=java.io.BufferedInputStream.read([BII)I @ 101 c2
Event: 6.060 Thread 0x000001acfe19a8a0 DEOPT PACKING pc=0x000001ac87bcab40 sp=0x000000abfcdf83d0
Event: 6.060 Thread 0x000001acfe19a8a0 DEOPT UNPACKING pc=0x000001ac875823a3 sp=0x000000abfcdf8280 mode 2
Event: 6.061 Thread 0x000001acfe19a8a0 Uncommon trap: trap_request=0xffffffc6 fr.pc=0x000001ac87c9891c relative=0x000000000000061c
Event: 6.061 Thread 0x000001acfe19a8a0 Uncommon trap: reason=bimorphic_or_optimized_type_check action=maybe_recompile pc=0x000001ac87c9891c method=java.io.BufferedInputStream.read([BII)I @ 101 c2
Event: 6.061 Thread 0x000001acfe19a8a0 DEOPT PACKING pc=0x000001ac87c9891c sp=0x000000abfcdf82d0
Event: 6.061 Thread 0x000001acfe19a8a0 DEOPT UNPACKING pc=0x000001ac875823a3 sp=0x000000abfcdf8288 mode 2
Event: 6.062 Thread 0x000001acfe19a8a0 Uncommon trap: trap_request=0xffffffc6 fr.pc=0x000001ac87c9891c relative=0x000000000000061c
Event: 6.062 Thread 0x000001acfe19a8a0 Uncommon trap: reason=bimorphic_or_optimized_type_check action=maybe_recompile pc=0x000001ac87c9891c method=java.io.BufferedInputStream.read([BII)I @ 101 c2
Event: 6.062 Thread 0x000001acfe19a8a0 DEOPT PACKING pc=0x000001ac87c9891c sp=0x000000abfcdf82b0
Event: 6.062 Thread 0x000001acfe19a8a0 DEOPT UNPACKING pc=0x000001ac875823a3 sp=0x000000abfcdf8268 mode 2
Event: 6.117 Thread 0x000001acfe19a8a0 Uncommon trap: trap_request=0xffffff45 fr.pc=0x000001ac87c62580 relative=0x00000000000005a0
Event: 6.117 Thread 0x000001acfe19a8a0 Uncommon trap: reason=unstable_if action=reinterpret pc=0x000001ac87c62580 method=jdk.internal.org.objectweb.asm.MethodWriter.visitVarInsn(II)V @ 108 c2
Event: 6.117 Thread 0x000001acfe19a8a0 DEOPT PACKING pc=0x000001ac87c62580 sp=0x000000abfcdf1450
Event: 6.117 Thread 0x000001acfe19a8a0 DEOPT UNPACKING pc=0x000001ac875823a3 sp=0x000000abfcdf1418 mode 2

Classes unloaded (0 events):
No events

Classes redefined (0 events):
No events

Internal exceptions (20 events):
Event: 5.206 Thread 0x000001acfe19a8a0 Exception <a 'java/lang/NoSuchMethodError'{0x00000000e8e9bdd0}: 'java.lang.Object java.lang.invoke.Invokers$Holder.linkToTargetMethod(java.lang.Object, java.lang.Object, java.lang.Object, java.lang.Object, java.lang.Object, java.lang.Object, java.lang.Object, java.lang.Object)'> (0x00000000e8e9bdd0) 
thrown [s\open\src\hotspot\share\interpreter\linkResolver.cpp, line 759]
Event: 5.213 Thread 0x000001acfe19a8a0 Exception <a 'java/lang/NoSuchMethodError'{0x00000000e8eea598}: 'void java.lang.invoke.DirectMethodHandle$Holder.invokeStatic(java.lang.Object, java.lang.Object, java.lang.Object, java.lang.Object)'> (0x00000000e8eea598) 
thrown [s\open\src\hotspot\share\interpreter\linkResolver.cpp, line 759]
Event: 5.272 Thread 0x000001acfe19a8a0 Exception <a 'java/lang/NoSuchMethodError'{0x00000000efef1570}: 'void java.lang.invoke.DirectMethodHandle$Holder.invokeStaticInit(java.lang.Object, java.lang.Object)'> (0x00000000efef1570) 
thrown [s\open\src\hotspot\share\interpreter\linkResolver.cpp, line 759]
Event: 5.410 Thread 0x000001acfe19a8a0 Exception <a 'java/lang/NoSuchMethodError'{0x00000000ef704bc8}: 'int java.lang.invoke.DirectMethodHandle$Holder.invokeVirtual(java.lang.Object, java.lang.Object)'> (0x00000000ef704bc8) 
thrown [s\open\src\hotspot\share\interpreter\linkResolver.cpp, line 759]
Event: 5.677 Thread 0x000001acfe19a8a0 Exception <a 'java/lang/IncompatibleClassChangeError'{0x00000000eebca548}: Found class java.lang.Object, but interface was expected> (0x00000000eebca548) 
thrown [s\open\src\hotspot\share\interpreter\linkResolver.cpp, line 826]
Event: 5.707 Thread 0x000001acfe19a8a0 Exception <a 'java/lang/NoSuchMethodError'{0x00000000eeaf9048}: 'java.lang.Object java.lang.invoke.DirectMethodHandle$Holder.newInvokeSpecial(java.lang.Object, java.lang.Object, long)'> (0x00000000eeaf9048) 
thrown [s\open\src\hotspot\share\interpreter\linkResolver.cpp, line 759]
Event: 5.708 Thread 0x000001acfe19a8a0 Exception <a 'java/lang/NoSuchMethodError'{0x00000000eeafd658}: 'java.lang.Object java.lang.invoke.Invokers$Holder.linkToTargetMethod(java.lang.Object, long, java.lang.Object)'> (0x00000000eeafd658) 
thrown [s\open\src\hotspot\share\interpreter\linkResolver.cpp, line 759]
Event: 5.765 Thread 0x000001acfe19a8a0 Exception <a 'java/lang/NoSuchMethodError'{0x00000000ee76d8a8}: 'int java.lang.invoke.DirectMethodHandle$Holder.invokeInterface(java.lang.Object, java.lang.Object)'> (0x00000000ee76d8a8) 
thrown [s\open\src\hotspot\share\interpreter\linkResolver.cpp, line 759]
Event: 5.785 Thread 0x000001acfe19a8a0 Exception <a 'java/lang/NoSuchMethodError'{0x00000000ee605fb0}: 'java.lang.Object java.lang.invoke.DirectMethodHandle$Holder.invokeVirtual(java.lang.Object, java.lang.Object, int)'> (0x00000000ee605fb0) 
thrown [s\open\src\hotspot\share\interpreter\linkResolver.cpp, line 759]
Event: 5.818 Thread 0x000001acfe19a8a0 Exception <a 'java/lang/NoSuchMethodError'{0x00000000ee6ccfb8}: 'java.lang.Object java.lang.invoke.DirectMethodHandle$Holder.invokeStatic(java.lang.Object, java.lang.Object, int, java.lang.Object)'> (0x00000000ee6ccfb8) 
thrown [s\open\src\hotspot\share\interpreter\linkResolver.cpp, line 759]
Event: 5.818 Thread 0x000001acfe19a8a0 Exception <a 'java/lang/NoSuchMethodError'{0x00000000ee6d4f38}: 'java.lang.Object java.lang.invoke.DirectMethodHandle$Holder.newInvokeSpecial(java.lang.Object, java.lang.Object, int, java.lang.Object)'> (0x00000000ee6d4f38) 
thrown [s\open\src\hotspot\share\interpreter\linkResolver.cpp, line 759]
Event: 5.819 Thread 0x000001acfe19a8a0 Exception <a 'java/lang/NoSuchMethodError'{0x00000000ee6d9918}: 'java.lang.Object java.lang.invoke.DirectMethodHandle$Holder.invokeSpecial(java.lang.Object, java.lang.Object, java.lang.Object, int, java.lang.Object)'> (0x00000000ee6d9918) 
thrown [s\open\src\hotspot\share\interpreter\linkResolver.cpp, line 759]
Event: 5.964 Thread 0x000001acfe19a8a0 Exception <a 'java/lang/NoSuchMethodError'{0x00000000ee15c1d8}: 'java.lang.Object java.lang.invoke.DirectMethodHandle$Holder.invokeStaticInit(java.lang.Object, java.lang.Object, java.lang.Object, java.lang.Object, java.lang.Object, java.lang.Object, java.lang.Object)'> (0x00000000ee15c1d8) 
thrown [s\open\src\hotspot\share\interpreter\linkResolver.cpp, line 759]
Event: 5.969 Thread 0x000001acfe19a8a0 Exception <a 'java/lang/NoSuchMethodError'{0x00000000ee186d70}: 'java.lang.Object java.lang.invoke.DirectMethodHandle$Holder.invokeSpecial(java.lang.Object, java.lang.Object, java.lang.Object, int, java.lang.Object, java.lang.Object)'> (0x00000000ee186d70) 
thrown [s\open\src\hotspot\share\interpreter\linkResolver.cpp, line 759]
Event: 6.117 Thread 0x000001acfe19a8a0 Implicit null exception at 0x000001ac87c620ea to 0x000001ac87c62574
Event: 6.136 Thread 0x000001acfe19a8a0 Exception <a 'java/lang/NoSuchMethodError'{0x00000000eda34708}: 'java.lang.Object java.lang.invoke.DirectMethodHandle$Holder.invokeStaticInit(java.lang.Object, java.lang.Object, java.lang.Object)'> (0x00000000eda34708) 
thrown [s\open\src\hotspot\share\interpreter\linkResolver.cpp, line 759]
Event: 6.164 Thread 0x000001acfe19a8a0 Exception <a 'java/lang/NoSuchMethodError'{0x00000000ed950b20}: 'void java.lang.invoke.DirectMethodHandle$Holder.invokeStaticInit(java.lang.Object, java.lang.Object, java.lang.Object)'> (0x00000000ed950b20) 
thrown [s\open\src\hotspot\share\interpreter\linkResolver.cpp, line 759]
Event: 6.165 Thread 0x000001acfe19a8a0 Exception <a 'java/lang/NoSuchMethodError'{0x00000000ed957f38}: 'void java.lang.invoke.DirectMethodHandle$Holder.invokeStaticInit(java.lang.Object, java.lang.Object, java.lang.Object, java.lang.Object)'> (0x00000000ed957f38) 
thrown [s\open\src\hotspot\share\interpreter\linkResolver.cpp, line 759]
Event: 6.167 Thread 0x000001acfe19a8a0 Exception <a 'java/lang/NoSuchMethodError'{0x00000000ed97a4c8}: 'void java.lang.invoke.DirectMethodHandle$Holder.invokeStaticInit(java.lang.Object, java.lang.Object, java.lang.Object, java.lang.Object, java.lang.Object)'> (0x00000000ed97a4c8) 
thrown [s\open\src\hotspot\share\interpreter\linkResolver.cpp, line 759]
Event: 6.181 Thread 0x000001acfe19a8a0 Exception <a 'java/lang/NoSuchMethodError'{0x00000000ed9d6340}: 'int java.lang.invoke.DirectMethodHandle$Holder.invokeStaticInit(java.lang.Object, java.lang.Object, java.lang.Object, java.lang.Object)'> (0x00000000ed9d6340) 
thrown [s\open\src\hotspot\share\interpreter\linkResolver.cpp, line 759]

VM Operations (20 events):
Event: 5.238 Executing VM operation: CollectForMetadataAllocation done
Event: 5.244 Executing VM operation: G1Concurrent
Event: 5.247 Executing VM operation: G1Concurrent done
Event: 5.248 Executing VM operation: G1Concurrent
Event: 5.249 Executing VM operation: G1Concurrent done
Event: 5.452 Executing VM operation: HandshakeAllThreads
Event: 5.452 Executing VM operation: HandshakeAllThreads done
Event: 5.675 Executing VM operation: HandshakeAllThreads
Event: 5.676 Executing VM operation: HandshakeAllThreads done
Event: 5.680 Executing VM operation: HandshakeAllThreads
Event: 5.680 Executing VM operation: HandshakeAllThreads done
Event: 5.710 Executing VM operation: HandshakeAllThreads
Event: 5.710 Executing VM operation: HandshakeAllThreads done
Event: 5.914 Executing VM operation: HandshakeAllThreads
Event: 5.914 Executing VM operation: HandshakeAllThreads done
Event: 5.914 Executing VM operation: HandshakeAllThreads
Event: 5.914 Executing VM operation: HandshakeAllThreads done
Event: 6.101 Executing VM operation: HandshakeAllThreads
Event: 6.101 Executing VM operation: HandshakeAllThreads done
Event: 7.112 Executing VM operation: Cleanup

Events (20 events):
Event: 6.035 loading class java/util/EventListener done
Event: 6.047 loading class java/util/BitSet
Event: 6.047 loading class java/util/BitSet done
Event: 6.053 loading class java/util/TimerTask
Event: 6.053 loading class java/util/TimerTask done
Event: 6.053 loading class java/util/Timer
Event: 6.053 loading class java/util/Timer done
Event: 6.100 loading class java/security/AccessControlException
Event: 6.100 loading class java/security/AccessControlException done
Event: 6.111 Thread 0x000001acfc0063e0 Thread added: 0x000001acfc0063e0
Event: 6.147 loading class java/lang/reflect/GenericSignatureFormatError
Event: 6.147 loading class java/lang/ClassFormatError
Event: 6.147 loading class java/lang/ClassFormatError done
Event: 6.147 loading class java/lang/reflect/GenericSignatureFormatError done
Event: 6.147 loading class java/lang/reflect/MalformedParameterizedTypeException
Event: 6.147 loading class java/lang/reflect/MalformedParameterizedTypeException done
Event: 6.160 loading class java/lang/IllegalCallerException
Event: 6.160 loading class java/lang/IllegalCallerException done
Event: 6.161 loading class sun/nio/fs/ExtendedFileSystemProvider
Event: 6.161 loading class sun/nio/fs/ExtendedFileSystemProvider done


Dynamic libraries:
0x00007ff6177a0000 - 0x00007ff6177b0000 	C:\Program Files\Java\jdk-17\bin\java.exe
0x00007ffe052c0000 - 0x00007ffe05525000 	C:\WINDOWS\SYSTEM32\ntdll.dll
0x00007ffe03650000 - 0x00007ffe03719000 	C:\WINDOWS\System32\KERNEL32.DLL
0x00007ffe02830000 - 0x00007ffe02c18000 	C:\WINDOWS\System32\KERNELBASE.dll
0x00007ffe02570000 - 0x00007ffe026bb000 	C:\WINDOWS\System32\ucrtbase.dll
0x00007ffdea0a0000 - 0x00007ffdea0b9000 	C:\Program Files\Java\jdk-17\bin\jli.dll
0x00007ffdea080000 - 0x00007ffdea09b000 	C:\Program Files\Java\jdk-17\bin\VCRUNTIME140.dll
0x00007ffe04920000 - 0x00007ffe049d3000 	C:\WINDOWS\System32\ADVAPI32.dll
0x00007ffe033b0000 - 0x00007ffe03459000 	C:\WINDOWS\System32\msvcrt.dll
0x00007ffe04570000 - 0x00007ffe04616000 	C:\WINDOWS\System32\sechost.dll
0x00007ffe04450000 - 0x00007ffe04565000 	C:\WINDOWS\System32\RPCRT4.dll
0x00007ffe03720000 - 0x00007ffe038ea000 	C:\WINDOWS\System32\USER32.dll
0x00007ffe026c0000 - 0x00007ffe026e7000 	C:\WINDOWS\System32\win32u.dll
0x00007ffdedd10000 - 0x00007ffdedfaa000 	C:\WINDOWS\WinSxS\amd64_microsoft.windows.common-controls_6595b64144ccf1df_6.0.26100.4202_none_3e0698d4e335f517\COMCTL32.dll
0x00007ffe047f0000 - 0x00007ffe0481b000 	C:\WINDOWS\System32\GDI32.dll
0x00007ffe026f0000 - 0x00007ffe02827000 	C:\WINDOWS\System32\gdi32full.dll
0x00007ffe02f20000 - 0x00007ffe02fc3000 	C:\WINDOWS\System32\msvcp_win.dll
0x00007ffdf0940000 - 0x00007ffdf094b000 	C:\WINDOWS\SYSTEM32\VERSION.dll
0x00007ffe03d80000 - 0x00007ffe03db0000 	C:\WINDOWS\System32\IMM32.DLL
0x00007ffdfcea0000 - 0x00007ffdfceac000 	C:\Program Files\Java\jdk-17\bin\vcruntime140_1.dll
0x00007ffddadc0000 - 0x00007ffddae4e000 	C:\Program Files\Java\jdk-17\bin\msvcp140.dll
0x00007ffd9a220000 - 0x00007ffd9ae00000 	C:\Program Files\Java\jdk-17\bin\server\jvm.dll
0x00007ffe047e0000 - 0x00007ffe047e8000 	C:\WINDOWS\System32\PSAPI.DLL
0x00007ffdf9470000 - 0x00007ffdf94a5000 	C:\WINDOWS\SYSTEM32\WINMM.dll
0x00007ffdf1940000 - 0x00007ffdf194a000 	C:\WINDOWS\SYSTEM32\WSOCK32.dll
0x00007ffe03070000 - 0x00007ffe030e4000 	C:\WINDOWS\System32\WS2_32.dll
0x00007ffe011d0000 - 0x00007ffe011eb000 	C:\WINDOWS\SYSTEM32\kernel.appcore.dll
0x00007ffdeeb50000 - 0x00007ffdeeb5a000 	C:\Program Files\Java\jdk-17\bin\jimage.dll
0x00007ffdffaf0000 - 0x00007ffdffd31000 	C:\WINDOWS\SYSTEM32\DBGHELP.DLL
0x00007ffe03dc0000 - 0x00007ffe04145000 	C:\WINDOWS\System32\combase.dll
0x00007ffe03460000 - 0x00007ffe03541000 	C:\WINDOWS\System32\OLEAUT32.dll
0x00007ffdea250000 - 0x00007ffdea289000 	C:\WINDOWS\SYSTEM32\dbgcore.DLL
0x00007ffe024d0000 - 0x00007ffe02569000 	C:\WINDOWS\System32\bcryptPrimitives.dll
0x00007ffdea070000 - 0x00007ffdea07e000 	C:\Program Files\Java\jdk-17\bin\instrument.dll
0x00007ffde7000000 - 0x00007ffde7025000 	C:\Program Files\Java\jdk-17\bin\java.dll
0x00007ffdd5bf0000 - 0x00007ffdd5cc7000 	C:\Program Files\Java\jdk-17\bin\jsvml.dll
0x00007ffe04ab0000 - 0x00007ffe051f2000 	C:\WINDOWS\System32\SHELL32.dll
0x00007ffe02c20000 - 0x00007ffe02d94000 	C:\WINDOWS\System32\wintypes.dll
0x00007ffe00090000 - 0x00007ffe008e8000 	C:\WINDOWS\SYSTEM32\windows.storage.dll
0x00007ffe03550000 - 0x00007ffe03641000 	C:\WINDOWS\System32\SHCORE.dll
0x00007ffe032e0000 - 0x00007ffe0334a000 	C:\WINDOWS\System32\shlwapi.dll
0x00007ffe02320000 - 0x00007ffe0234f000 	C:\WINDOWS\SYSTEM32\profapi.dll
0x00007ffde9e00000 - 0x00007ffde9e18000 	C:\Program Files\Java\jdk-17\bin\zip.dll
0x00007ffde95a0000 - 0x00007ffde95b9000 	C:\Program Files\Java\jdk-17\bin\net.dll
0x00007ffdfb170000 - 0x00007ffdfb28e000 	C:\WINDOWS\SYSTEM32\WINHTTP.dll
0x00007ffe01740000 - 0x00007ffe017aa000 	C:\WINDOWS\system32\mswsock.dll
0x00007ffde6fe0000 - 0x00007ffde6ff6000 	C:\Program Files\Java\jdk-17\bin\nio.dll
0x00007ffde9d60000 - 0x00007ffde9d70000 	C:\Program Files\Java\jdk-17\bin\verify.dll
0x00007ffddd790000 - 0x00007ffddd7b7000 	C:\Users\user\.gradle\native\1def1411415f61bf3af743bc5b6707747c0891f09f0c88961ee8f79bc544acac\windows-amd64\native-platform.dll
0x00007ffde0c80000 - 0x00007ffde0cf8000 	C:\Users\user\.gradle\native\0.2.7\x86_64-windows-gnu\gradle-fileevents.dll
0x00007ffde4490000 - 0x00007ffde449a000 	C:\Program Files\Java\jdk-17\bin\management.dll
0x00007ffde3030000 - 0x00007ffde303b000 	C:\Program Files\Java\jdk-17\bin\management_ext.dll
0x00007ffe00c50000 - 0x00007ffe00c83000 	C:\WINDOWS\SYSTEM32\IPHLPAPI.DLL
0x00007ffe03060000 - 0x00007ffe0306a000 	C:\WINDOWS\System32\NSI.dll
0x00007ffdfbe30000 - 0x00007ffdfbe4f000 	C:\WINDOWS\SYSTEM32\dhcpcsvc6.DLL
0x00007ffdfbd90000 - 0x00007ffdfbdb5000 	C:\WINDOWS\SYSTEM32\dhcpcsvc.DLL
0x00007ffe00cf0000 - 0x00007ffe00e17000 	C:\WINDOWS\SYSTEM32\DNSAPI.dll
0x00007ffe019f0000 - 0x00007ffe01a0b000 	C:\WINDOWS\SYSTEM32\CRYPTSP.dll
0x00007ffe01130000 - 0x00007ffe0116a000 	C:\WINDOWS\system32\rsaenh.dll
0x00007ffe017e0000 - 0x00007ffe0180b000 	C:\WINDOWS\SYSTEM32\USERENV.dll
0x00007ffe022f0000 - 0x00007ffe02316000 	C:\WINDOWS\SYSTEM32\bcrypt.dll
0x00007ffe01a10000 - 0x00007ffe01a1c000 	C:\WINDOWS\SYSTEM32\CRYPTBASE.dll
0x00007ffde3020000 - 0x00007ffde302e000 	C:\Program Files\Java\jdk-17\bin\sunmscapi.dll
0x00007ffe02da0000 - 0x00007ffe02f17000 	C:\WINDOWS\System32\CRYPT32.dll
0x00007ffe01c10000 - 0x00007ffe01c40000 	C:\WINDOWS\SYSTEM32\ncrypt.dll
0x00007ffe01bc0000 - 0x00007ffe01bff000 	C:\WINDOWS\SYSTEM32\NTASN1.dll
0x00007ffdd7370000 - 0x00007ffdd7378000 	C:\WINDOWS\system32\wshunix.dll

dbghelp: loaded successfully - version: 4.0.5 - missing functions: none
symbol engine: initialized successfully - sym options: 0x614 - pdb path: .;C:\Program Files\Java\jdk-17\bin;C:\WINDOWS\SYSTEM32;C:\WINDOWS\WinSxS\amd64_microsoft.windows.common-controls_6595b64144ccf1df_6.0.26100.4202_none_3e0698d4e335f517;C:\Program Files\Java\jdk-17\bin\server;C:\Users\user\.gradle\native\1def1411415f61bf3af743bc5b6707747c0891f09f0c88961ee8f79bc544acac\windows-amd64;C:\Users\user\.gradle\native\0.2.7\x86_64-windows-gnu

VM Arguments:
jvm_args: --add-opens=java.base/java.lang=ALL-UNNAMED --add-opens=java.base/java.lang.invoke=ALL-UNNAMED --add-opens=java.base/java.util=ALL-UNNAMED --add-opens=java.prefs/java.util.prefs=ALL-UNNAMED --add-exports=jdk.compiler/com.sun.tools.javac.api=ALL-UNNAMED --add-exports=jdk.compiler/com.sun.tools.javac.util=ALL-UNNAMED --add-opens=java.base/java.util=ALL-UNNAMED --add-opens=java.prefs/java.util.prefs=ALL-UNNAMED --add-opens=java.base/java.nio.charset=ALL-UNNAMED --add-opens=java.base/java.net=ALL-UNNAMED --add-opens=java.base/java.util.concurrent.atomic=ALL-UNNAMED --add-opens=java.xml/javax.xml.namespace=ALL-UNNAMED -XX:MaxMetaspaceSize=384m -XX:+HeapDumpOnOutOfMemoryError -Xms256m -Xmx512m -Dfile.encoding=UTF-8 -Duser.country=KR -Duser.language=ko -Duser.variant -javaagent:C:\Users\user\.gradle\wrapper\dists\gradle-8.13-bin\5xuhj0ry160q40clulazy9h7d\gradle-8.13\lib\agents\gradle-instrumentation-agent-8.13.jar 
java_command: org.gradle.launcher.daemon.bootstrap.GradleDaemon 8.13
java_class_path (initial): C:\Users\user\.gradle\wrapper\dists\gradle-8.13-bin\5xuhj0ry160q40clulazy9h7d\gradle-8.13\lib\gradle-daemon-main-8.13.jar
Launcher Type: SUN_STANDARD

[Global flags]
     intx CICompilerCount                          = 4                                         {product} {ergonomic}
   size_t CompressedClassSpaceSize                 = 335544320                                 {product} {ergonomic}
     uint ConcGCThreads                            = 3                                         {product} {ergonomic}
     uint G1ConcRefinementThreads                  = 10                                        {product} {ergonomic}
   size_t G1HeapRegionSize                         = 1048576                                   {product} {ergonomic}
    uintx GCDrainStackTargetSize                   = 64                                        {product} {ergonomic}
     bool HeapDumpOnOutOfMemoryError               = true                                   {manageable} {command line}
   size_t InitialHeapSize                          = 268435456                                 {product} {command line}
   size_t MarkStackSize                            = 4194304                                   {product} {ergonomic}
   size_t MaxHeapSize                              = 536870912                                 {product} {command line}
   size_t MaxMetaspaceSize                         = 402653184                                 {product} {command line}
   size_t MaxNewSize                               = 321912832                                 {product} {ergonomic}
   size_t MinHeapDeltaBytes                        = 1048576                                   {product} {ergonomic}
   size_t MinHeapSize                              = 268435456                                 {product} {command line}
    uintx NonNMethodCodeHeapSize                   = 5839372                                {pd product} {ergonomic}
    uintx NonProfiledCodeHeapSize                  = 122909434                              {pd product} {ergonomic}
    uintx ProfiledCodeHeapSize                     = 122909434                              {pd product} {ergonomic}
    uintx ReservedCodeCacheSize                    = 251658240                              {pd product} {ergonomic}
     bool SegmentedCodeCache                       = true                                      {product} {ergonomic}
   size_t SoftMaxHeapSize                          = 536870912                              {manageable} {ergonomic}
     bool UseCompressedClassPointers               = true                           {product lp64_product} {ergonomic}
     bool UseCompressedOops                        = true                           {product lp64_product} {ergonomic}
     bool UseG1GC                                  = true                                      {product} {ergonomic}
     bool UseLargePagesIndividualAllocation        = false                                  {pd product} {ergonomic}

Logging:
Log output configuration:
 #0: stdout all=warning uptime,level,tags
 #1: stderr all=off uptime,level,tags

Environment Variables:
JAVA_HOME=C:\Program Files\Java\jdk-17
PATH=C:\Users\user\.cargo\bin;C:\Program Files\Java\jdk-17\bin;C:\Program Files\Java\jdk-21\bin;C:\Program Files\Common Files\Oracle\Java\javapath;C:\WINDOWS\system32;C:\Program Files\MySQL\MySQL Server 8.0\bin;C:\WINDOWS;C:\WINDOWS\System32\Wbem;C:\WINDOWS\System32\WindowsPowerShell\v1.0\;C:\WINDOWS\System32\OpenSSH\;C:\Program Files\Git\cmd;C:\Program Files (x86)\Windows Kits\10\Windows Performance Toolkit\;C:\Users\user\.cargo\bin;C:\Users\user\AppData\Local\Programs\Python\Python313\Scripts\;C:\Users\user\AppData\Local\Programs\Python\Python313\;C:\Program Files\MySQL\MySQL Shell 8.0\bin\;C:\Users\user\AppData\Local\Microsoft\WindowsApps;;C:\Program Files\JetBrains\IntelliJ IDEA 2024.3.5\bin;;C:\Users\user\AppData\Local\Programs\cursor\resources\app\bin;C:\Users\user\AppData\Local\Programs\Microsoft VS Code\bin
USERNAME=user
OS=Windows_NT
PROCESSOR_IDENTIFIER=Intel64 Family 6 Model 186 Stepping 3, GenuineIntel



---------------  S Y S T E M  ---------------

OS:
 Windows 11 , 64 bit Build 26100 (10.0.26100.4202)
OS uptime: 1 days 7:28 hours

CPU: total 12 (initial active 12) (12 cores per cpu, 1 threads per core) family 6 model 186 stepping 3 microcode 0x410e, cx8, cmov, fxsr, mmx, 3dnowpref, sse, sse2, sse3, ssse3, sse4.1, sse4.2, popcnt, lzcnt, tsc, tscinvbit, avx, avx2, aes, erms, clmul, bmi1, bmi2, adx, sha, fma, vzeroupper, clflush, clflushopt, clwb

Memory: 4k page, system-wide physical 16122M (2641M free)
TotalPageFile size 19122M (AvailPageFile size 22M)
current process WorkingSet (physical memory assigned to process): 287M, peak: 291M
current process commit charge ("private bytes"): 459M, peak: 462M

vm_info: Java HotSpot(TM) 64-Bit Server VM (17.0.12+8-LTS-286) for windows-amd64 JRE (17.0.12+8-LTS-286), built on Jun  5 2024 06:46:59 by "mach5one" with MS VC++ 17.6 (VS2022)

END.
