#
# There is insufficient memory for the Java Runtime Environment to continue.
# Native memory allocation (malloc) failed to allocate 1284176 bytes for Chunk::new
# Possible reasons:
#   The system is out of physical RAM or swap space
#   The process is running with CompressedOops enabled, and the Java Heap may be blocking the growth of the native heap
# Possible solutions:
#   Reduce memory load on the system
#   Increase physical memory or swap space
#   Check if swap backing store is full
#   Decrease Java heap size (-Xmx/-Xms)
#   Decrease number of Java threads
#   Decrease Java thread stack sizes (-Xss)
#   Set larger code cache with -XX:ReservedCodeCacheSize=
#   JVM is running with Unscaled Compressed Oops mode in which the Java heap is
#     placed in the first 4GB address space. The Java Heap base address is the
#     maximum limit for the native heap growth. Please use -XX:HeapBaseMinAddress
#     to set the Java Heap base and to place the Java Heap above 4GB virtual address.
# This output file may be truncated or incomplete.
#
#  Out of Memory Error (arena.cpp:189), pid=9428, tid=18828
#
# JRE version: Java(TM) SE Runtime Environment (17.0.12+8) (build 17.0.12+8-LTS-286)
# Java VM: Java HotSpot(TM) 64-Bit Server VM (17.0.12+8-LTS-286, mixed mode, sharing, tiered, compressed oops, compressed class ptrs, g1 gc, windows-amd64)
# No core dump will be written. Minidumps are not enabled by default on client versions of Windows
#

---------------  S U M M A R Y ------------

Command Line: --add-opens=java.base/java.lang=ALL-UNNAMED --add-opens=java.base/java.lang.invoke=ALL-UNNAMED --add-opens=java.base/java.util=ALL-UNNAMED --add-opens=java.prefs/java.util.prefs=ALL-UNNAMED --add-exports=jdk.compiler/com.sun.tools.javac.api=ALL-UNNAMED --add-exports=jdk.compiler/com.sun.tools.javac.util=ALL-UNNAMED --add-opens=java.base/java.util=ALL-UNNAMED --add-opens=java.prefs/java.util.prefs=ALL-UNNAMED --add-opens=java.base/java.nio.charset=ALL-UNNAMED --add-opens=java.base/java.net=ALL-UNNAMED --add-opens=java.base/java.util.concurrent.atomic=ALL-UNNAMED --add-opens=java.xml/javax.xml.namespace=ALL-UNNAMED -XX:MaxMetaspaceSize=384m -XX:+HeapDumpOnOutOfMemoryError -Xms256m -Xmx512m -Dfile.encoding=UTF-8 -Duser.country=KR -Duser.language=ko -Duser.variant -javaagent:C:\Users\user\.gradle\wrapper\dists\gradle-8.13-bin\5xuhj0ry160q40clulazy9h7d\gradle-8.13\lib\agents\gradle-instrumentation-agent-8.13.jar org.gradle.launcher.daemon.bootstrap.GradleDaemon 8.13

Host: 13th Gen Intel(R) Core(TM) i5-1335U, 12 cores, 15G,  Windows 11 , 64 bit Build 26100 (10.0.26100.4202)
Time: Wed Jun 18 17:06:02 2025  Windows 11 , 64 bit Build 26100 (10.0.26100.4202) elapsed time: 10.303105 seconds (0d 0h 0m 10s)

---------------  T H R E A D  ---------------

Current thread (0x000001b59dc6c220):  JavaThread "C2 CompilerThread0" daemon [_thread_in_native, id=18828, stack(0x000000a84fc00000,0x000000a84fd00000)]


Current CompileTask:
C2:  10303 5866 %     4       org.gradle.internal.instantiation.generator.AbstractClassGenerator::inspectType @ 77 (602 bytes)

Stack: [0x000000a84fc00000,0x000000a84fd00000]
Native frames: (J=compiled Java code, j=interpreted, Vv=VM code, C=native code)
V  [jvm.dll+0x67a04a]
V  [jvm.dll+0x7da4ed]
V  [jvm.dll+0x7dbe33]
V  [jvm.dll+0x7dc4a3]
V  [jvm.dll+0x24508f]
V  [jvm.dll+0xab773]
V  [jvm.dll+0xabd3c]
V  [jvm.dll+0x361b9f]
V  [jvm.dll+0x32c431]
V  [jvm.dll+0x32b8ca]
V  [jvm.dll+0x21683f]
V  [jvm.dll+0x215c6f]
V  [jvm.dll+0x1a2960]
V  [jvm.dll+0x22610b]
V  [jvm.dll+0x2242ab]
V  [jvm.dll+0x79075c]
V  [jvm.dll+0x78abea]
V  [jvm.dll+0x678f35]
C  [ucrtbase.dll+0x37b0]
C  [KERNEL32.DLL+0x2e8d7]
C  [ntdll.dll+0x3c34c]


---------------  P R O C E S S  ---------------

Threads class SMR info:
_java_thread_list=0x000001b5bbafbb30, length=80, elements={
0x000001b582ed7f10, 0x000001b59dc4cb60, 0x000001b59dc4dbb0, 0x000001b59dc608a0,
0x000001b59dc60d80, 0x000001b59dc61dd0, 0x000001b59dc66e30, 0x000001b59dc6c220,
0x000001b59dc7aef0, 0x000001b59dc7f420, 0x000001b5b70b94c0, 0x000001b5b7144c60,
0x000001b5b8ed95c0, 0x000001b5b8dad150, 0x000001b5b8e63510, 0x000001b5b7c9c7d0,
0x000001b5b90957a0, 0x000001b5b90961c0, 0x000001b5b90970f0, 0x000001b5b9094d80,
0x000001b5b9095290, 0x000001b5b9095cb0, 0x000001b5b93949e0, 0x000001b5b90966d0,
0x000001b5b9096be0, 0x000001b5b9094360, 0x000001b5b9094870, 0x000001b5b9093e50,
0x000001b5b9cd4a60, 0x000001b5b9cd63b0, 0x000001b5b9cd68c0, 0x000001b5b9cd6dd0,
0x000001b5b9cd4550, 0x000001b5b9d2b2f0, 0x000001b5b9cd72e0, 0x000001b5b9cd77f0,
0x000001b5b9cd7d00, 0x000001b5b9cd8210, 0x000001b5b9cd8720, 0x000001b5b9cd5990,
0x000001b5b9cd8c30, 0x000001b5b9cd9140, 0x000001b5b9cd9650, 0x000001b5b9cd5ea0,
0x000001b5b9cd9b60, 0x000001b5b9cdb4b0, 0x000001b5b9cda580, 0x000001b5b9cdaa90,
0x000001b5b9cdafa0, 0x000001b5b9cdb9c0, 0x000001b5ba3dd810, 0x000001b5ba3da060,
0x000001b5ba3dc8e0, 0x000001b5ba3da570, 0x000001b5ba3dd300, 0x000001b5ba3db4a0,
0x000001b5ba3db9b0, 0x000001b5ba3dbec0, 0x000001b5ba3daa80, 0x000001b5ba3daf90,
0x000001b5ba3dc3d0, 0x000001b5ba3dcdf0, 0x000001b5bc8b8910, 0x000001b5bc8b9d50,
0x000001b5bc8b8e20, 0x000001b5bc8ba770, 0x000001b5bc8ba260, 0x000001b5bc8b9330,
0x000001b5bc8bb190, 0x000001b5bc8bac80, 0x000001b5bc8b9840, 0x000001b5bc8b7ef0,
0x000001b5bc8bbbb0, 0x000001b5bc8b8400, 0x000001b5bc8bcff0, 0x000001b5bc8bdf20,
0x000001b5bc8bf870, 0x000001b5bc8bc5d0, 0x000001b5bc8bd500, 0x000001b5bc8be430
}

Java Threads: ( => current thread )
  0x000001b582ed7f10 JavaThread "main" [_thread_blocked, id=21092, stack(0x000000a84ef00000,0x000000a84f000000)]
  0x000001b59dc4cb60 JavaThread "Reference Handler" daemon [_thread_blocked, id=20784, stack(0x000000a84f600000,0x000000a84f700000)]
  0x000001b59dc4dbb0 JavaThread "Finalizer" daemon [_thread_blocked, id=8604, stack(0x000000a84f700000,0x000000a84f800000)]
  0x000001b59dc608a0 JavaThread "Signal Dispatcher" daemon [_thread_blocked, id=15340, stack(0x000000a84f800000,0x000000a84f900000)]
  0x000001b59dc60d80 JavaThread "Attach Listener" daemon [_thread_blocked, id=20400, stack(0x000000a84f900000,0x000000a84fa00000)]
  0x000001b59dc61dd0 JavaThread "Service Thread" daemon [_thread_blocked, id=5304, stack(0x000000a84fa00000,0x000000a84fb00000)]
  0x000001b59dc66e30 JavaThread "Monitor Deflation Thread" daemon [_thread_blocked, id=10876, stack(0x000000a84fb00000,0x000000a84fc00000)]
=>0x000001b59dc6c220 JavaThread "C2 CompilerThread0" daemon [_thread_in_native, id=18828, stack(0x000000a84fc00000,0x000000a84fd00000)]
  0x000001b59dc7aef0 JavaThread "C1 CompilerThread0" daemon [_thread_blocked, id=9324, stack(0x000000a84fd00000,0x000000a84fe00000)]
  0x000001b59dc7f420 JavaThread "Sweeper thread" daemon [_thread_blocked, id=5296, stack(0x000000a84fe00000,0x000000a84ff00000)]
  0x000001b5b70b94c0 JavaThread "Common-Cleaner" daemon [_thread_blocked, id=19904, stack(0x000000a84ff00000,0x000000a850000000)]
  0x000001b5b7144c60 JavaThread "Notification Thread" daemon [_thread_blocked, id=11304, stack(0x000000a850000000,0x000000a850100000)]
  0x000001b5b8ed95c0 JavaThread "Daemon health stats" [_thread_blocked, id=21252, stack(0x000000a850300000,0x000000a850400000)]
  0x000001b5b8dad150 JavaThread "Incoming local TCP Connector on port 56919" [_thread_in_native, id=17808, stack(0x000000a850200000,0x000000a850300000)]
  0x000001b5b8e63510 JavaThread "Daemon periodic checks" [_thread_blocked, id=20024, stack(0x000000a850900000,0x000000a850a00000)]
  0x000001b5b7c9c7d0 JavaThread "Daemon" [_thread_blocked, id=16964, stack(0x000000a850a00000,0x000000a850b00000)]
  0x000001b5b90957a0 JavaThread "Handler for socket connection from /127.0.0.1:56919 to /127.0.0.1:56921" [_thread_in_native, id=17596, stack(0x000000a850b00000,0x000000a850c00000)]
  0x000001b5b90961c0 JavaThread "Cancel handler" [_thread_blocked, id=18196, stack(0x000000a850c00000,0x000000a850d00000)]
  0x000001b5b90970f0 JavaThread "Daemon worker" [_thread_in_vm, id=9668, stack(0x000000a850d00000,0x000000a850e00000)]
  0x000001b5b9094d80 JavaThread "Asynchronous log dispatcher for DefaultDaemonConnection: socket connection from /127.0.0.1:56919 to /127.0.0.1:56921" [_thread_blocked, id=4260, stack(0x000000a850e00000,0x000000a850f00000)]
  0x000001b5b9095290 JavaThread "Stdin handler" [_thread_blocked, id=19280, stack(0x000000a850f00000,0x000000a851000000)]
  0x000001b5b9095cb0 JavaThread "Daemon client event forwarder" [_thread_blocked, id=20756, stack(0x000000a851000000,0x000000a851100000)]
  0x000001b5b93949e0 JavaThread "C2 CompilerThread1" daemon [_thread_in_native, id=21488, stack(0x000000a851100000,0x000000a851200000)]
  0x000001b5b90966d0 JavaThread "Cache worker for journal cache (C:\Users\user\.gradle\caches\journal-1)" [_thread_blocked, id=8804, stack(0x000000a851200000,0x000000a851300000)]
  0x000001b5b9096be0 JavaThread "File lock request listener" [_thread_in_native, id=13476, stack(0x000000a851300000,0x000000a851400000)]
  0x000001b5b9094360 JavaThread "Cache worker for file hash cache (C:\Users\user\.gradle\caches\8.13\fileHashes)" [_thread_blocked, id=21392, stack(0x000000a851400000,0x000000a851500000)]
  0x000001b5b9094870 JavaThread "Cache worker for file hash cache (C:\DBE_Final_Project\spring\.gradle\8.13\fileHashes)" [_thread_blocked, id=14508, stack(0x000000a851600000,0x000000a851700000)]
  0x000001b5b9093e50 JavaThread "Cache worker for Build Output Cleanup Cache (C:\DBE_Final_Project\spring\.gradle\buildOutputCleanup)" [_thread_blocked, id=9220, stack(0x000000a851700000,0x000000a851800000)]
  0x000001b5b9cd4a60 JavaThread "File lock release action executor" [_thread_blocked, id=1624, stack(0x000000a851e00000,0x000000a851f00000)]
  0x000001b5b9cd63b0 JavaThread "File watcher server" daemon [_thread_in_native, id=8408, stack(0x000000a851f00000,0x000000a852000000)]
  0x000001b5b9cd68c0 JavaThread "File watcher consumer" daemon [_thread_blocked, id=16948, stack(0x000000a852000000,0x000000a852100000)]
  0x000001b5b9cd6dd0 JavaThread "jar transforms" [_thread_blocked, id=11476, stack(0x000000a852100000,0x000000a852200000)]
  0x000001b5b9cd4550 JavaThread "jar transforms Thread 2" [_thread_blocked, id=7232, stack(0x000000a852200000,0x000000a852300000)]
  0x000001b5b9d2b2f0 JavaThread "C2 CompilerThread2" daemon [_thread_in_native, id=19328, stack(0x000000a851500000,0x000000a851600000)]
  0x000001b5b9cd72e0 JavaThread "Cache worker for checksums cache (C:\DBE_Final_Project\spring\.gradle\8.13\checksums)" [_thread_blocked, id=20836, stack(0x000000a852300000,0x000000a852400000)]
  0x000001b5b9cd77f0 JavaThread "Cache worker for file content cache (C:\Users\user\.gradle\caches\8.13\fileContent)" [_thread_blocked, id=3284, stack(0x000000a852400000,0x000000a852500000)]
  0x000001b5b9cd7d00 JavaThread "jar transforms Thread 3" [_thread_blocked, id=10648, stack(0x000000a852500000,0x000000a852600000)]
  0x000001b5b9cd8210 JavaThread "Cache worker for cache directory md-supplier (C:\Users\user\.gradle\caches\8.13\md-supplier)" [_thread_blocked, id=6368, stack(0x000000a852600000,0x000000a852700000)]
  0x000001b5b9cd8720 JavaThread "Cache worker for cache directory md-rule (C:\Users\user\.gradle\caches\8.13\md-rule)" [_thread_blocked, id=4532, stack(0x000000a852700000,0x000000a852800000)]
  0x000001b5b9cd5990 JavaThread "Unconstrained build operations" [_thread_blocked, id=19176, stack(0x000000a852800000,0x000000a852900000)]
  0x000001b5b9cd8c30 JavaThread "Unconstrained build operations Thread 2" [_thread_blocked, id=9232, stack(0x000000a852900000,0x000000a852a00000)]
  0x000001b5b9cd9140 JavaThread "jar transforms Thread 4" [_thread_blocked, id=17456, stack(0x000000a852a00000,0x000000a852b00000)]
  0x000001b5b9cd9650 JavaThread "jar transforms Thread 5" [_thread_blocked, id=15624, stack(0x000000a852b00000,0x000000a852c00000)]
  0x000001b5b9cd5ea0 JavaThread "jar transforms Thread 6" [_thread_blocked, id=13252, stack(0x000000a852c00000,0x000000a852d00000)]
  0x000001b5b9cd9b60 JavaThread "jar transforms Thread 7" [_thread_blocked, id=19548, stack(0x000000a852d00000,0x000000a852e00000)]
  0x000001b5b9cdb4b0 JavaThread "Unconstrained build operations Thread 3" [_thread_blocked, id=3476, stack(0x000000a852e00000,0x000000a852f00000)]
  0x000001b5b9cda580 JavaThread "Unconstrained build operations Thread 4" [_thread_blocked, id=5060, stack(0x000000a852f00000,0x000000a853000000)]
  0x000001b5b9cdaa90 JavaThread "Unconstrained build operations Thread 5" [_thread_blocked, id=15736, stack(0x000000a853000000,0x000000a853100000)]
  0x000001b5b9cdafa0 JavaThread "Unconstrained build operations Thread 6" [_thread_blocked, id=17036, stack(0x000000a853100000,0x000000a853200000)]
  0x000001b5b9cdb9c0 JavaThread "Unconstrained build operations Thread 7" [_thread_blocked, id=9516, stack(0x000000a853200000,0x000000a853300000)]
  0x000001b5ba3dd810 JavaThread "Unconstrained build operations Thread 8" [_thread_blocked, id=5612, stack(0x000000a853300000,0x000000a853400000)]
  0x000001b5ba3da060 JavaThread "Unconstrained build operations Thread 9" [_thread_blocked, id=14828, stack(0x000000a853400000,0x000000a853500000)]
  0x000001b5ba3dc8e0 JavaThread "Unconstrained build operations Thread 10" [_thread_blocked, id=7056, stack(0x000000a853500000,0x000000a853600000)]
  0x000001b5ba3da570 JavaThread "Unconstrained build operations Thread 11" [_thread_blocked, id=19712, stack(0x000000a853600000,0x000000a853700000)]
  0x000001b5ba3dd300 JavaThread "Unconstrained build operations Thread 12" [_thread_blocked, id=17160, stack(0x000000a853700000,0x000000a853800000)]
  0x000001b5ba3db4a0 JavaThread "Unconstrained build operations Thread 13" [_thread_blocked, id=19444, stack(0x000000a853800000,0x000000a853900000)]
  0x000001b5ba3db9b0 JavaThread "Unconstrained build operations Thread 14" [_thread_blocked, id=4856, stack(0x000000a853900000,0x000000a853a00000)]
  0x000001b5ba3dbec0 JavaThread "Unconstrained build operations Thread 15" [_thread_blocked, id=7436, stack(0x000000a853a00000,0x000000a853b00000)]
  0x000001b5ba3daa80 JavaThread "Unconstrained build operations Thread 16" [_thread_blocked, id=18284, stack(0x000000a853b00000,0x000000a853c00000)]
  0x000001b5ba3daf90 JavaThread "Unconstrained build operations Thread 17" [_thread_blocked, id=10340, stack(0x000000a853c00000,0x000000a853d00000)]
  0x000001b5ba3dc3d0 JavaThread "Unconstrained build operations Thread 18" [_thread_blocked, id=19940, stack(0x000000a853d00000,0x000000a853e00000)]
  0x000001b5ba3dcdf0 JavaThread "Unconstrained build operations Thread 19" [_thread_blocked, id=19824, stack(0x000000a853e00000,0x000000a853f00000)]
  0x000001b5bc8b8910 JavaThread "Unconstrained build operations Thread 20" [_thread_blocked, id=1964, stack(0x000000a853f00000,0x000000a854000000)]
  0x000001b5bc8b9d50 JavaThread "Unconstrained build operations Thread 21" [_thread_blocked, id=8992, stack(0x000000a854000000,0x000000a854100000)]
  0x000001b5bc8b8e20 JavaThread "Unconstrained build operations Thread 22" [_thread_blocked, id=15588, stack(0x000000a854100000,0x000000a854200000)]
  0x000001b5bc8ba770 JavaThread "Unconstrained build operations Thread 23" [_thread_blocked, id=13472, stack(0x000000a854200000,0x000000a854300000)]
  0x000001b5bc8ba260 JavaThread "Unconstrained build operations Thread 24" [_thread_blocked, id=17076, stack(0x000000a854300000,0x000000a854400000)]
  0x000001b5bc8b9330 JavaThread "Unconstrained build operations Thread 25" [_thread_blocked, id=14600, stack(0x000000a854400000,0x000000a854500000)]
  0x000001b5bc8bb190 JavaThread "Unconstrained build operations Thread 26" [_thread_blocked, id=19532, stack(0x000000a854500000,0x000000a854600000)]
  0x000001b5bc8bac80 JavaThread "Unconstrained build operations Thread 27" [_thread_blocked, id=10468, stack(0x000000a854600000,0x000000a854700000)]
  0x000001b5bc8b9840 JavaThread "Unconstrained build operations Thread 28" [_thread_blocked, id=10592, stack(0x000000a854700000,0x000000a854800000)]
  0x000001b5bc8b7ef0 JavaThread "Unconstrained build operations Thread 29" [_thread_blocked, id=2320, stack(0x000000a854800000,0x000000a854900000)]
  0x000001b5bc8bbbb0 JavaThread "Unconstrained build operations Thread 30" [_thread_blocked, id=19984, stack(0x000000a854900000,0x000000a854a00000)]
  0x000001b5bc8b8400 JavaThread "Unconstrained build operations Thread 31" [_thread_blocked, id=3228, stack(0x000000a854a00000,0x000000a854b00000)]
  0x000001b5bc8bcff0 JavaThread "Unconstrained build operations Thread 32" [_thread_blocked, id=18260, stack(0x000000a854b00000,0x000000a854c00000)]
  0x000001b5bc8bdf20 JavaThread "Unconstrained build operations Thread 33" [_thread_blocked, id=6840, stack(0x000000a854c00000,0x000000a854d00000)]
  0x000001b5bc8bf870 JavaThread "Unconstrained build operations Thread 34" [_thread_blocked, id=1260, stack(0x000000a854d00000,0x000000a854e00000)]
  0x000001b5bc8bc5d0 JavaThread "Unconstrained build operations Thread 35" [_thread_blocked, id=16544, stack(0x000000a854e00000,0x000000a854f00000)]
  0x000001b5bc8bd500 JavaThread "Memory manager" [_thread_blocked, id=11328, stack(0x000000a854f00000,0x000000a855000000)]
  0x000001b5bc8be430 JavaThread "jar transforms Thread 8" [_thread_blocked, id=17528, stack(0x000000a855100000,0x000000a855200000)]

Other Threads:
  0x000001b59dc4a870 VMThread "VM Thread" [stack: 0x000000a84f500000,0x000000a84f600000] [id=540]
  0x000001b59db14f10 WatcherThread [stack: 0x000000a850100000,0x000000a850200000] [id=21328]
  0x000001b582f06e80 GCTaskThread "GC Thread#0" [stack: 0x000000a84f000000,0x000000a84f100000] [id=6064]
  0x000001b5b76cf3b0 GCTaskThread "GC Thread#1" [stack: 0x000000a850400000,0x000000a850500000] [id=2880]
  0x000001b5b73e9670 GCTaskThread "GC Thread#2" [stack: 0x000000a850500000,0x000000a850600000] [id=21472]
  0x000001b5b796f220 GCTaskThread "GC Thread#3" [stack: 0x000000a850600000,0x000000a850700000] [id=1256]
  0x000001b5b79fa8e0 GCTaskThread "GC Thread#4" [stack: 0x000000a850700000,0x000000a850800000] [id=4252]
  0x000001b5b79faba0 GCTaskThread "GC Thread#5" [stack: 0x000000a850800000,0x000000a850900000] [id=9816]
  0x000001b5bb28bc40 GCTaskThread "GC Thread#6" [stack: 0x000000a851800000,0x000000a851900000] [id=13628]
  0x000001b5bbeba7f0 GCTaskThread "GC Thread#7" [stack: 0x000000a851900000,0x000000a851a00000] [id=20000]
  0x000001b5bb2898d0 GCTaskThread "GC Thread#8" [stack: 0x000000a851a00000,0x000000a851b00000] [id=20564]
  0x000001b5b92e3620 GCTaskThread "GC Thread#9" [stack: 0x000000a851b00000,0x000000a851c00000] [id=16692]
  0x000001b582f07cb0 ConcurrentGCThread "G1 Main Marker" [stack: 0x000000a84f100000,0x000000a84f200000] [id=18532]
  0x000001b580c2e550 ConcurrentGCThread "G1 Conc#0" [stack: 0x000000a84f200000,0x000000a84f300000] [id=10180]
  0x000001b5b9aa9760 ConcurrentGCThread "G1 Conc#1" [stack: 0x000000a851c00000,0x000000a851d00000] [id=17128]
  0x000001b5bb686430 ConcurrentGCThread "G1 Conc#2" [stack: 0x000000a851d00000,0x000000a851e00000] [id=5000]
  0x000001b582f9eac0 ConcurrentGCThread "G1 Refine#0" [stack: 0x000000a84f300000,0x000000a84f400000] [id=7648]
  0x000001b5bb4d2ee0 ConcurrentGCThread "G1 Refine#1" [stack: 0x000000a855000000,0x000000a855100000] [id=17280]
  0x000001b59db091a0 ConcurrentGCThread "G1 Service" [stack: 0x000000a84f400000,0x000000a84f500000] [id=9136]

Threads with active compile tasks:
C2 CompilerThread0    10324 5866 %     4       org.gradle.internal.instantiation.generator.AbstractClassGenerator::inspectType @ 77 (602 bytes)
C2 CompilerThread1    10324 6052       4       java.lang.Class::getMethodsRecursive (99 bytes)
C2 CompilerThread2    10324 6100       4       groovy.lang.MetaClassImpl::addMetaMethodToIndex (65 bytes)

VM state: not at safepoint (normal execution)

VM Mutex/Monitor currently owned by a thread: None

Heap address: 0x00000000e0000000, size: 512 MB, Compressed Oops mode: 32-bit

CDS archive(s) mapped at: [0x000001b59e000000-0x000001b59ebd0000-0x000001b59ebd0000), size 12386304, SharedBaseAddress: 0x000001b59e000000, ArchiveRelocationMode: 1.
Compressed class space mapped at: 0x000001b59f000000-0x000001b5b3000000, reserved size: 335544320
Narrow klass base: 0x000001b59e000000, Narrow klass shift: 0, Narrow klass range: 0x100000000

GC Precious Log:
 CPUs: 12 total, 12 available
 Memory: 16122M
 Large Page Support: Disabled
 NUMA Support: Disabled
 Compressed Oops: Enabled (32-bit)
 Heap Region Size: 1M
 Heap Min Capacity: 256M
 Heap Initial Capacity: 256M
 Heap Max Capacity: 512M
 Pre-touch: Disabled
 Parallel Workers: 10
 Concurrent Workers: 3
 Concurrent Refinement Workers: 10
 Periodic GC: Disabled

Heap:
 garbage-first heap   total 262144K, used 78276K [0x00000000e0000000, 0x0000000100000000)
  region size 1024K, 55 young (56320K), 15 survivors (15360K)
 Metaspace       used 50430K, committed 51072K, reserved 393216K
  class space    used 7185K, committed 7488K, reserved 327680K

Heap Regions: E=young(eden), S=young(survivor), O=old, HS=humongous(starts), HC=humongous(continues), CS=collection set, F=free, OA=open archive, CA=closed archive, TAMS=top-at-mark-start (previous, next)
|   0|0x00000000e0000000, 0x00000000e0100000, 0x00000000e0100000|100%|HS|  |TAMS 0x00000000e0100000, 0x00000000e0000000| Complete 
|   1|0x00000000e0100000, 0x00000000e0200000, 0x00000000e0200000|100%|HC|  |TAMS 0x00000000e0200000, 0x00000000e0100000| Complete 
|   2|0x00000000e0200000, 0x00000000e0300000, 0x00000000e0300000|100%|HC|  |TAMS 0x00000000e0300000, 0x00000000e0200000| Complete 
|   3|0x00000000e0300000, 0x00000000e0400000, 0x00000000e0400000|100%| O|  |TAMS 0x00000000e0400000, 0x00000000e0300000| Untracked 
|   4|0x00000000e0400000, 0x00000000e0500000, 0x00000000e0500000|100%| O|  |TAMS 0x00000000e0500000, 0x00000000e0400000| Untracked 
|   5|0x00000000e0500000, 0x00000000e0600000, 0x00000000e0600000|100%| O|  |TAMS 0x00000000e0600000, 0x00000000e0500000| Untracked 
|   6|0x00000000e0600000, 0x00000000e0700000, 0x00000000e0700000|100%|HS|  |TAMS 0x00000000e0700000, 0x00000000e0600000| Complete 
|   7|0x00000000e0700000, 0x00000000e0700000, 0x00000000e0800000|  0%| F|  |TAMS 0x00000000e0700000, 0x00000000e0700000| Untracked 
|   8|0x00000000e0800000, 0x00000000e0900000, 0x00000000e0900000|100%| O|  |TAMS 0x00000000e0900000, 0x00000000e0800000| Untracked 
|   9|0x00000000e0900000, 0x00000000e0a00000, 0x00000000e0a00000|100%| O|  |TAMS 0x00000000e0a00000, 0x00000000e0900000| Untracked 
|  10|0x00000000e0a00000, 0x00000000e0b00000, 0x00000000e0b00000|100%| O|  |TAMS 0x00000000e0b00000, 0x00000000e0a00000| Untracked 
|  11|0x00000000e0b00000, 0x00000000e0c00000, 0x00000000e0c00000|100%| O|  |TAMS 0x00000000e0c00000, 0x00000000e0b00000| Untracked 
|  12|0x00000000e0c00000, 0x00000000e0d00000, 0x00000000e0d00000|100%| O|  |TAMS 0x00000000e0cd2200, 0x00000000e0c00000| Untracked 
|  13|0x00000000e0d00000, 0x00000000e0d00000, 0x00000000e0e00000|  0%| F|  |TAMS 0x00000000e0d00000, 0x00000000e0d00000| Untracked 
|  14|0x00000000e0e00000, 0x00000000e0f00000, 0x00000000e0f00000|100%| O|  |TAMS 0x00000000e0e00000, 0x00000000e0e00000| Untracked 
|  15|0x00000000e0f00000, 0x00000000e1000000, 0x00000000e1000000|100%| O|  |TAMS 0x00000000e0f00000, 0x00000000e0f00000| Untracked 
|  16|0x00000000e1000000, 0x00000000e1100000, 0x00000000e1100000|100%| O|  |TAMS 0x00000000e1000000, 0x00000000e1000000| Untracked 
|  17|0x00000000e1100000, 0x00000000e1200000, 0x00000000e1200000|100%| O|  |TAMS 0x00000000e1100000, 0x00000000e1100000| Untracked 
|  18|0x00000000e1200000, 0x00000000e1300000, 0x00000000e1300000|100%| O|  |TAMS 0x00000000e1200000, 0x00000000e1200000| Untracked 
|  19|0x00000000e1300000, 0x00000000e1400000, 0x00000000e1400000|100%| O|  |TAMS 0x00000000e1300000, 0x00000000e1300000| Untracked 
|  20|0x00000000e1400000, 0x00000000e1500000, 0x00000000e1500000|100%| O|  |TAMS 0x00000000e1400000, 0x00000000e1400000| Untracked 
|  21|0x00000000e1500000, 0x00000000e1600000, 0x00000000e1600000|100%| O|  |TAMS 0x00000000e1500000, 0x00000000e1500000| Untracked 
|  22|0x00000000e1600000, 0x00000000e1700000, 0x00000000e1700000|100%| O|  |TAMS 0x00000000e1600000, 0x00000000e1600000| Untracked 
|  23|0x00000000e1700000, 0x00000000e1800000, 0x00000000e1800000|100%| O|  |TAMS 0x00000000e1700000, 0x00000000e1700000| Untracked 
|  24|0x00000000e1800000, 0x00000000e18f0800, 0x00000000e1900000| 93%| O|  |TAMS 0x00000000e1800000, 0x00000000e1800000| Untracked 
|  25|0x00000000e1900000, 0x00000000e1900000, 0x00000000e1a00000|  0%| F|  |TAMS 0x00000000e1900000, 0x00000000e1900000| Untracked 
|  26|0x00000000e1a00000, 0x00000000e1a00000, 0x00000000e1b00000|  0%| F|  |TAMS 0x00000000e1a00000, 0x00000000e1a00000| Untracked 
|  27|0x00000000e1b00000, 0x00000000e1b00000, 0x00000000e1c00000|  0%| F|  |TAMS 0x00000000e1b00000, 0x00000000e1b00000| Untracked 
|  28|0x00000000e1c00000, 0x00000000e1c00000, 0x00000000e1d00000|  0%| F|  |TAMS 0x00000000e1c00000, 0x00000000e1c00000| Untracked 
|  29|0x00000000e1d00000, 0x00000000e1d00000, 0x00000000e1e00000|  0%| F|  |TAMS 0x00000000e1d00000, 0x00000000e1d00000| Untracked 
|  30|0x00000000e1e00000, 0x00000000e1e00000, 0x00000000e1f00000|  0%| F|  |TAMS 0x00000000e1e00000, 0x00000000e1e00000| Untracked 
|  31|0x00000000e1f00000, 0x00000000e1f00000, 0x00000000e2000000|  0%| F|  |TAMS 0x00000000e1f00000, 0x00000000e1f00000| Untracked 
|  32|0x00000000e2000000, 0x00000000e2000000, 0x00000000e2100000|  0%| F|  |TAMS 0x00000000e2000000, 0x00000000e2000000| Untracked 
|  33|0x00000000e2100000, 0x00000000e2100000, 0x00000000e2200000|  0%| F|  |TAMS 0x00000000e2100000, 0x00000000e2100000| Untracked 
|  34|0x00000000e2200000, 0x00000000e2200000, 0x00000000e2300000|  0%| F|  |TAMS 0x00000000e2200000, 0x00000000e2200000| Untracked 
|  35|0x00000000e2300000, 0x00000000e2300000, 0x00000000e2400000|  0%| F|  |TAMS 0x00000000e2300000, 0x00000000e2300000| Untracked 
|  36|0x00000000e2400000, 0x00000000e2400000, 0x00000000e2500000|  0%| F|  |TAMS 0x00000000e2400000, 0x00000000e2400000| Untracked 
|  37|0x00000000e2500000, 0x00000000e2500000, 0x00000000e2600000|  0%| F|  |TAMS 0x00000000e2500000, 0x00000000e2500000| Untracked 
|  38|0x00000000e2600000, 0x00000000e2600000, 0x00000000e2700000|  0%| F|  |TAMS 0x00000000e2600000, 0x00000000e2600000| Untracked 
|  39|0x00000000e2700000, 0x00000000e2700000, 0x00000000e2800000|  0%| F|  |TAMS 0x00000000e2700000, 0x00000000e2700000| Untracked 
|  40|0x00000000e2800000, 0x00000000e2800000, 0x00000000e2900000|  0%| F|  |TAMS 0x00000000e2800000, 0x00000000e2800000| Untracked 
|  41|0x00000000e2900000, 0x00000000e2900000, 0x00000000e2a00000|  0%| F|  |TAMS 0x00000000e2900000, 0x00000000e2900000| Untracked 
|  42|0x00000000e2a00000, 0x00000000e2a00000, 0x00000000e2b00000|  0%| F|  |TAMS 0x00000000e2a00000, 0x00000000e2a00000| Untracked 
|  43|0x00000000e2b00000, 0x00000000e2b00000, 0x00000000e2c00000|  0%| F|  |TAMS 0x00000000e2b00000, 0x00000000e2b00000| Untracked 
|  44|0x00000000e2c00000, 0x00000000e2c00000, 0x00000000e2d00000|  0%| F|  |TAMS 0x00000000e2c00000, 0x00000000e2c00000| Untracked 
|  45|0x00000000e2d00000, 0x00000000e2d00000, 0x00000000e2e00000|  0%| F|  |TAMS 0x00000000e2d00000, 0x00000000e2d00000| Untracked 
|  46|0x00000000e2e00000, 0x00000000e2e00000, 0x00000000e2f00000|  0%| F|  |TAMS 0x00000000e2e00000, 0x00000000e2e00000| Untracked 
|  47|0x00000000e2f00000, 0x00000000e2f00000, 0x00000000e3000000|  0%| F|  |TAMS 0x00000000e2f00000, 0x00000000e2f00000| Untracked 
|  48|0x00000000e3000000, 0x00000000e3000000, 0x00000000e3100000|  0%| F|  |TAMS 0x00000000e3000000, 0x00000000e3000000| Untracked 
|  49|0x00000000e3100000, 0x00000000e3100000, 0x00000000e3200000|  0%| F|  |TAMS 0x00000000e3100000, 0x00000000e3100000| Untracked 
|  50|0x00000000e3200000, 0x00000000e3200000, 0x00000000e3300000|  0%| F|  |TAMS 0x00000000e3200000, 0x00000000e3200000| Untracked 
|  51|0x00000000e3300000, 0x00000000e3300000, 0x00000000e3400000|  0%| F|  |TAMS 0x00000000e3300000, 0x00000000e3300000| Untracked 
|  52|0x00000000e3400000, 0x00000000e3400000, 0x00000000e3500000|  0%| F|  |TAMS 0x00000000e3400000, 0x00000000e3400000| Untracked 
|  53|0x00000000e3500000, 0x00000000e3500000, 0x00000000e3600000|  0%| F|  |TAMS 0x00000000e3500000, 0x00000000e3500000| Untracked 
|  54|0x00000000e3600000, 0x00000000e3600000, 0x00000000e3700000|  0%| F|  |TAMS 0x00000000e3600000, 0x00000000e3600000| Untracked 
|  55|0x00000000e3700000, 0x00000000e3700000, 0x00000000e3800000|  0%| F|  |TAMS 0x00000000e3700000, 0x00000000e3700000| Untracked 
|  56|0x00000000e3800000, 0x00000000e3800000, 0x00000000e3900000|  0%| F|  |TAMS 0x00000000e3800000, 0x00000000e3800000| Untracked 
|  57|0x00000000e3900000, 0x00000000e3900000, 0x00000000e3a00000|  0%| F|  |TAMS 0x00000000e3900000, 0x00000000e3900000| Untracked 
|  58|0x00000000e3a00000, 0x00000000e3a00000, 0x00000000e3b00000|  0%| F|  |TAMS 0x00000000e3a00000, 0x00000000e3a00000| Untracked 
|  59|0x00000000e3b00000, 0x00000000e3b00000, 0x00000000e3c00000|  0%| F|  |TAMS 0x00000000e3b00000, 0x00000000e3b00000| Untracked 
|  60|0x00000000e3c00000, 0x00000000e3c00000, 0x00000000e3d00000|  0%| F|  |TAMS 0x00000000e3c00000, 0x00000000e3c00000| Untracked 
|  61|0x00000000e3d00000, 0x00000000e3d00000, 0x00000000e3e00000|  0%| F|  |TAMS 0x00000000e3d00000, 0x00000000e3d00000| Untracked 
|  62|0x00000000e3e00000, 0x00000000e3e00000, 0x00000000e3f00000|  0%| F|  |TAMS 0x00000000e3e00000, 0x00000000e3e00000| Untracked 
|  63|0x00000000e3f00000, 0x00000000e3f00000, 0x00000000e4000000|  0%| F|  |TAMS 0x00000000e3f00000, 0x00000000e3f00000| Untracked 
|  64|0x00000000e4000000, 0x00000000e4000000, 0x00000000e4100000|  0%| F|  |TAMS 0x00000000e4000000, 0x00000000e4000000| Untracked 
|  65|0x00000000e4100000, 0x00000000e4100000, 0x00000000e4200000|  0%| F|  |TAMS 0x00000000e4100000, 0x00000000e4100000| Untracked 
|  66|0x00000000e4200000, 0x00000000e4200000, 0x00000000e4300000|  0%| F|  |TAMS 0x00000000e4200000, 0x00000000e4200000| Untracked 
|  67|0x00000000e4300000, 0x00000000e4300000, 0x00000000e4400000|  0%| F|  |TAMS 0x00000000e4300000, 0x00000000e4300000| Untracked 
|  68|0x00000000e4400000, 0x00000000e4400000, 0x00000000e4500000|  0%| F|  |TAMS 0x00000000e4400000, 0x00000000e4400000| Untracked 
|  69|0x00000000e4500000, 0x00000000e4500000, 0x00000000e4600000|  0%| F|  |TAMS 0x00000000e4500000, 0x00000000e4500000| Untracked 
|  70|0x00000000e4600000, 0x00000000e4600000, 0x00000000e4700000|  0%| F|  |TAMS 0x00000000e4600000, 0x00000000e4600000| Untracked 
|  71|0x00000000e4700000, 0x00000000e4700000, 0x00000000e4800000|  0%| F|  |TAMS 0x00000000e4700000, 0x00000000e4700000| Untracked 
|  72|0x00000000e4800000, 0x00000000e4800000, 0x00000000e4900000|  0%| F|  |TAMS 0x00000000e4800000, 0x00000000e4800000| Untracked 
|  73|0x00000000e4900000, 0x00000000e4900000, 0x00000000e4a00000|  0%| F|  |TAMS 0x00000000e4900000, 0x00000000e4900000| Untracked 
|  74|0x00000000e4a00000, 0x00000000e4a00000, 0x00000000e4b00000|  0%| F|  |TAMS 0x00000000e4a00000, 0x00000000e4a00000| Untracked 
|  75|0x00000000e4b00000, 0x00000000e4b00000, 0x00000000e4c00000|  0%| F|  |TAMS 0x00000000e4b00000, 0x00000000e4b00000| Untracked 
|  76|0x00000000e4c00000, 0x00000000e4c00000, 0x00000000e4d00000|  0%| F|  |TAMS 0x00000000e4c00000, 0x00000000e4c00000| Untracked 
|  77|0x00000000e4d00000, 0x00000000e4d00000, 0x00000000e4e00000|  0%| F|  |TAMS 0x00000000e4d00000, 0x00000000e4d00000| Untracked 
|  78|0x00000000e4e00000, 0x00000000e4e00000, 0x00000000e4f00000|  0%| F|  |TAMS 0x00000000e4e00000, 0x00000000e4e00000| Untracked 
|  79|0x00000000e4f00000, 0x00000000e4f00000, 0x00000000e5000000|  0%| F|  |TAMS 0x00000000e4f00000, 0x00000000e4f00000| Untracked 
|  80|0x00000000e5000000, 0x00000000e5000000, 0x00000000e5100000|  0%| F|  |TAMS 0x00000000e5000000, 0x00000000e5000000| Untracked 
|  81|0x00000000e5100000, 0x00000000e5100000, 0x00000000e5200000|  0%| F|  |TAMS 0x00000000e5100000, 0x00000000e5100000| Untracked 
|  82|0x00000000e5200000, 0x00000000e5200000, 0x00000000e5300000|  0%| F|  |TAMS 0x00000000e5200000, 0x00000000e5200000| Untracked 
|  83|0x00000000e5300000, 0x00000000e5300000, 0x00000000e5400000|  0%| F|  |TAMS 0x00000000e5300000, 0x00000000e5300000| Untracked 
|  84|0x00000000e5400000, 0x00000000e5400000, 0x00000000e5500000|  0%| F|  |TAMS 0x00000000e5400000, 0x00000000e5400000| Untracked 
|  85|0x00000000e5500000, 0x00000000e5500000, 0x00000000e5600000|  0%| F|  |TAMS 0x00000000e5500000, 0x00000000e5500000| Untracked 
|  86|0x00000000e5600000, 0x00000000e5600000, 0x00000000e5700000|  0%| F|  |TAMS 0x00000000e5600000, 0x00000000e5600000| Untracked 
|  87|0x00000000e5700000, 0x00000000e5700000, 0x00000000e5800000|  0%| F|  |TAMS 0x00000000e5700000, 0x00000000e5700000| Untracked 
|  88|0x00000000e5800000, 0x00000000e5880bc0, 0x00000000e5900000| 50%| S|CS|TAMS 0x00000000e5800000, 0x00000000e5800000| Complete 
|  89|0x00000000e5900000, 0x00000000e5a00000, 0x00000000e5a00000|100%| S|CS|TAMS 0x00000000e5900000, 0x00000000e5900000| Complete 
|  90|0x00000000e5a00000, 0x00000000e5b00000, 0x00000000e5b00000|100%| S|CS|TAMS 0x00000000e5a00000, 0x00000000e5a00000| Complete 
|  91|0x00000000e5b00000, 0x00000000e5c00000, 0x00000000e5c00000|100%| S|CS|TAMS 0x00000000e5b00000, 0x00000000e5b00000| Complete 
|  92|0x00000000e5c00000, 0x00000000e5d00000, 0x00000000e5d00000|100%| S|CS|TAMS 0x00000000e5c00000, 0x00000000e5c00000| Complete 
|  93|0x00000000e5d00000, 0x00000000e5e00000, 0x00000000e5e00000|100%| S|CS|TAMS 0x00000000e5d00000, 0x00000000e5d00000| Complete 
|  94|0x00000000e5e00000, 0x00000000e5f00000, 0x00000000e5f00000|100%| S|CS|TAMS 0x00000000e5e00000, 0x00000000e5e00000| Complete 
|  95|0x00000000e5f00000, 0x00000000e6000000, 0x00000000e6000000|100%| S|CS|TAMS 0x00000000e5f00000, 0x00000000e5f00000| Complete 
|  96|0x00000000e6000000, 0x00000000e6100000, 0x00000000e6100000|100%| S|CS|TAMS 0x00000000e6000000, 0x00000000e6000000| Complete 
|  97|0x00000000e6100000, 0x00000000e6200000, 0x00000000e6200000|100%| S|CS|TAMS 0x00000000e6100000, 0x00000000e6100000| Complete 
|  98|0x00000000e6200000, 0x00000000e6300000, 0x00000000e6300000|100%| S|CS|TAMS 0x00000000e6200000, 0x00000000e6200000| Complete 
|  99|0x00000000e6300000, 0x00000000e6400000, 0x00000000e6400000|100%| S|CS|TAMS 0x00000000e6300000, 0x00000000e6300000| Complete 
| 100|0x00000000e6400000, 0x00000000e6500000, 0x00000000e6500000|100%| S|CS|TAMS 0x00000000e6400000, 0x00000000e6400000| Complete 
| 101|0x00000000e6500000, 0x00000000e6600000, 0x00000000e6600000|100%| S|CS|TAMS 0x00000000e6500000, 0x00000000e6500000| Complete 
| 102|0x00000000e6600000, 0x00000000e6700000, 0x00000000e6700000|100%| S|CS|TAMS 0x00000000e6600000, 0x00000000e6600000| Complete 
| 103|0x00000000e6700000, 0x00000000e6700000, 0x00000000e6800000|  0%| F|  |TAMS 0x00000000e6700000, 0x00000000e6700000| Untracked 
| 104|0x00000000e6800000, 0x00000000e6800000, 0x00000000e6900000|  0%| F|  |TAMS 0x00000000e6800000, 0x00000000e6800000| Untracked 
| 105|0x00000000e6900000, 0x00000000e6900000, 0x00000000e6a00000|  0%| F|  |TAMS 0x00000000e6900000, 0x00000000e6900000| Untracked 
| 106|0x00000000e6a00000, 0x00000000e6a00000, 0x00000000e6b00000|  0%| F|  |TAMS 0x00000000e6a00000, 0x00000000e6a00000| Untracked 
| 107|0x00000000e6b00000, 0x00000000e6b00000, 0x00000000e6c00000|  0%| F|  |TAMS 0x00000000e6b00000, 0x00000000e6b00000| Untracked 
| 108|0x00000000e6c00000, 0x00000000e6c00000, 0x00000000e6d00000|  0%| F|  |TAMS 0x00000000e6c00000, 0x00000000e6c00000| Untracked 
| 109|0x00000000e6d00000, 0x00000000e6d00000, 0x00000000e6e00000|  0%| F|  |TAMS 0x00000000e6d00000, 0x00000000e6d00000| Untracked 
| 110|0x00000000e6e00000, 0x00000000e6e00000, 0x00000000e6f00000|  0%| F|  |TAMS 0x00000000e6e00000, 0x00000000e6e00000| Untracked 
| 111|0x00000000e6f00000, 0x00000000e6f00000, 0x00000000e7000000|  0%| F|  |TAMS 0x00000000e6f00000, 0x00000000e6f00000| Untracked 
| 112|0x00000000e7000000, 0x00000000e7000000, 0x00000000e7100000|  0%| F|  |TAMS 0x00000000e7000000, 0x00000000e7000000| Untracked 
| 113|0x00000000e7100000, 0x00000000e7100000, 0x00000000e7200000|  0%| F|  |TAMS 0x00000000e7100000, 0x00000000e7100000| Untracked 
| 114|0x00000000e7200000, 0x00000000e7200000, 0x00000000e7300000|  0%| F|  |TAMS 0x00000000e7200000, 0x00000000e7200000| Untracked 
| 115|0x00000000e7300000, 0x00000000e7300000, 0x00000000e7400000|  0%| F|  |TAMS 0x00000000e7300000, 0x00000000e7300000| Untracked 
| 116|0x00000000e7400000, 0x00000000e7400000, 0x00000000e7500000|  0%| F|  |TAMS 0x00000000e7400000, 0x00000000e7400000| Untracked 
| 117|0x00000000e7500000, 0x00000000e7500000, 0x00000000e7600000|  0%| F|  |TAMS 0x00000000e7500000, 0x00000000e7500000| Untracked 
| 118|0x00000000e7600000, 0x00000000e7600000, 0x00000000e7700000|  0%| F|  |TAMS 0x00000000e7600000, 0x00000000e7600000| Untracked 
| 119|0x00000000e7700000, 0x00000000e7700000, 0x00000000e7800000|  0%| F|  |TAMS 0x00000000e7700000, 0x00000000e7700000| Untracked 
| 120|0x00000000e7800000, 0x00000000e7800000, 0x00000000e7900000|  0%| F|  |TAMS 0x00000000e7800000, 0x00000000e7800000| Untracked 
| 121|0x00000000e7900000, 0x00000000e7900000, 0x00000000e7a00000|  0%| F|  |TAMS 0x00000000e7900000, 0x00000000e7900000| Untracked 
| 122|0x00000000e7a00000, 0x00000000e7a00000, 0x00000000e7b00000|  0%| F|  |TAMS 0x00000000e7a00000, 0x00000000e7a00000| Untracked 
| 123|0x00000000e7b00000, 0x00000000e7b00000, 0x00000000e7c00000|  0%| F|  |TAMS 0x00000000e7b00000, 0x00000000e7b00000| Untracked 
| 124|0x00000000e7c00000, 0x00000000e7c00000, 0x00000000e7d00000|  0%| F|  |TAMS 0x00000000e7c00000, 0x00000000e7c00000| Untracked 
| 125|0x00000000e7d00000, 0x00000000e7d00000, 0x00000000e7e00000|  0%| F|  |TAMS 0x00000000e7d00000, 0x00000000e7d00000| Untracked 
| 126|0x00000000e7e00000, 0x00000000e7e00000, 0x00000000e7f00000|  0%| F|  |TAMS 0x00000000e7e00000, 0x00000000e7e00000| Untracked 
| 127|0x00000000e7f00000, 0x00000000e7f00000, 0x00000000e8000000|  0%| F|  |TAMS 0x00000000e7f00000, 0x00000000e7f00000| Untracked 
| 128|0x00000000e8000000, 0x00000000e8000000, 0x00000000e8100000|  0%| F|  |TAMS 0x00000000e8000000, 0x00000000e8000000| Untracked 
| 129|0x00000000e8100000, 0x00000000e8100000, 0x00000000e8200000|  0%| F|  |TAMS 0x00000000e8100000, 0x00000000e8100000| Untracked 
| 130|0x00000000e8200000, 0x00000000e8200000, 0x00000000e8300000|  0%| F|  |TAMS 0x00000000e8200000, 0x00000000e8200000| Untracked 
| 131|0x00000000e8300000, 0x00000000e8300000, 0x00000000e8400000|  0%| F|  |TAMS 0x00000000e8300000, 0x00000000e8300000| Untracked 
| 132|0x00000000e8400000, 0x00000000e8400000, 0x00000000e8500000|  0%| F|  |TAMS 0x00000000e8400000, 0x00000000e8400000| Untracked 
| 133|0x00000000e8500000, 0x00000000e8500000, 0x00000000e8600000|  0%| F|  |TAMS 0x00000000e8500000, 0x00000000e8500000| Untracked 
| 134|0x00000000e8600000, 0x00000000e8600000, 0x00000000e8700000|  0%| F|  |TAMS 0x00000000e8600000, 0x00000000e8600000| Untracked 
| 135|0x00000000e8700000, 0x00000000e8700000, 0x00000000e8800000|  0%| F|  |TAMS 0x00000000e8700000, 0x00000000e8700000| Untracked 
| 136|0x00000000e8800000, 0x00000000e8800000, 0x00000000e8900000|  0%| F|  |TAMS 0x00000000e8800000, 0x00000000e8800000| Untracked 
| 137|0x00000000e8900000, 0x00000000e8900000, 0x00000000e8a00000|  0%| F|  |TAMS 0x00000000e8900000, 0x00000000e8900000| Untracked 
| 138|0x00000000e8a00000, 0x00000000e8a00000, 0x00000000e8b00000|  0%| F|  |TAMS 0x00000000e8a00000, 0x00000000e8a00000| Untracked 
| 139|0x00000000e8b00000, 0x00000000e8b00000, 0x00000000e8c00000|  0%| F|  |TAMS 0x00000000e8b00000, 0x00000000e8b00000| Untracked 
| 140|0x00000000e8c00000, 0x00000000e8c00000, 0x00000000e8d00000|  0%| F|  |TAMS 0x00000000e8c00000, 0x00000000e8c00000| Untracked 
| 141|0x00000000e8d00000, 0x00000000e8d00000, 0x00000000e8e00000|  0%| F|  |TAMS 0x00000000e8d00000, 0x00000000e8d00000| Untracked 
| 142|0x00000000e8e00000, 0x00000000e8e00000, 0x00000000e8f00000|  0%| F|  |TAMS 0x00000000e8e00000, 0x00000000e8e00000| Untracked 
| 143|0x00000000e8f00000, 0x00000000e8f00000, 0x00000000e9000000|  0%| F|  |TAMS 0x00000000e8f00000, 0x00000000e8f00000| Untracked 
| 144|0x00000000e9000000, 0x00000000e9000000, 0x00000000e9100000|  0%| F|  |TAMS 0x00000000e9000000, 0x00000000e9000000| Untracked 
| 145|0x00000000e9100000, 0x00000000e9100000, 0x00000000e9200000|  0%| F|  |TAMS 0x00000000e9100000, 0x00000000e9100000| Untracked 
| 146|0x00000000e9200000, 0x00000000e9200000, 0x00000000e9300000|  0%| F|  |TAMS 0x00000000e9200000, 0x00000000e9200000| Untracked 
| 147|0x00000000e9300000, 0x00000000e9300000, 0x00000000e9400000|  0%| F|  |TAMS 0x00000000e9300000, 0x00000000e9300000| Untracked 
| 148|0x00000000e9400000, 0x00000000e9400000, 0x00000000e9500000|  0%| F|  |TAMS 0x00000000e9400000, 0x00000000e9400000| Untracked 
| 149|0x00000000e9500000, 0x00000000e9500000, 0x00000000e9600000|  0%| F|  |TAMS 0x00000000e9500000, 0x00000000e9500000| Untracked 
| 150|0x00000000e9600000, 0x00000000e9600000, 0x00000000e9700000|  0%| F|  |TAMS 0x00000000e9600000, 0x00000000e9600000| Untracked 
| 151|0x00000000e9700000, 0x00000000e9700000, 0x00000000e9800000|  0%| F|  |TAMS 0x00000000e9700000, 0x00000000e9700000| Untracked 
| 152|0x00000000e9800000, 0x00000000e9800000, 0x00000000e9900000|  0%| F|  |TAMS 0x00000000e9800000, 0x00000000e9800000| Untracked 
| 153|0x00000000e9900000, 0x00000000e9900000, 0x00000000e9a00000|  0%| F|  |TAMS 0x00000000e9900000, 0x00000000e9900000| Untracked 
| 154|0x00000000e9a00000, 0x00000000e9a00000, 0x00000000e9b00000|  0%| F|  |TAMS 0x00000000e9a00000, 0x00000000e9a00000| Untracked 
| 155|0x00000000e9b00000, 0x00000000e9b00000, 0x00000000e9c00000|  0%| F|  |TAMS 0x00000000e9b00000, 0x00000000e9b00000| Untracked 
| 156|0x00000000e9c00000, 0x00000000e9c00000, 0x00000000e9d00000|  0%| F|  |TAMS 0x00000000e9c00000, 0x00000000e9c00000| Untracked 
| 157|0x00000000e9d00000, 0x00000000e9d00000, 0x00000000e9e00000|  0%| F|  |TAMS 0x00000000e9d00000, 0x00000000e9d00000| Untracked 
| 158|0x00000000e9e00000, 0x00000000e9e00000, 0x00000000e9f00000|  0%| F|  |TAMS 0x00000000e9e00000, 0x00000000e9e00000| Untracked 
| 159|0x00000000e9f00000, 0x00000000e9f00000, 0x00000000ea000000|  0%| F|  |TAMS 0x00000000e9f00000, 0x00000000e9f00000| Untracked 
| 160|0x00000000ea000000, 0x00000000ea000000, 0x00000000ea100000|  0%| F|  |TAMS 0x00000000ea000000, 0x00000000ea000000| Untracked 
| 161|0x00000000ea100000, 0x00000000ea100000, 0x00000000ea200000|  0%| F|  |TAMS 0x00000000ea100000, 0x00000000ea100000| Untracked 
| 162|0x00000000ea200000, 0x00000000ea200000, 0x00000000ea300000|  0%| F|  |TAMS 0x00000000ea200000, 0x00000000ea200000| Untracked 
| 163|0x00000000ea300000, 0x00000000ea300000, 0x00000000ea400000|  0%| F|  |TAMS 0x00000000ea300000, 0x00000000ea300000| Untracked 
| 164|0x00000000ea400000, 0x00000000ea400000, 0x00000000ea500000|  0%| F|  |TAMS 0x00000000ea400000, 0x00000000ea400000| Untracked 
| 165|0x00000000ea500000, 0x00000000ea500000, 0x00000000ea600000|  0%| F|  |TAMS 0x00000000ea500000, 0x00000000ea500000| Untracked 
| 166|0x00000000ea600000, 0x00000000ea600000, 0x00000000ea700000|  0%| F|  |TAMS 0x00000000ea600000, 0x00000000ea600000| Untracked 
| 167|0x00000000ea700000, 0x00000000ea700000, 0x00000000ea800000|  0%| F|  |TAMS 0x00000000ea700000, 0x00000000ea700000| Untracked 
| 168|0x00000000ea800000, 0x00000000ea800000, 0x00000000ea900000|  0%| F|  |TAMS 0x00000000ea800000, 0x00000000ea800000| Untracked 
| 169|0x00000000ea900000, 0x00000000ea900000, 0x00000000eaa00000|  0%| F|  |TAMS 0x00000000ea900000, 0x00000000ea900000| Untracked 
| 170|0x00000000eaa00000, 0x00000000eaa00000, 0x00000000eab00000|  0%| F|  |TAMS 0x00000000eaa00000, 0x00000000eaa00000| Untracked 
| 171|0x00000000eab00000, 0x00000000eab00000, 0x00000000eac00000|  0%| F|  |TAMS 0x00000000eab00000, 0x00000000eab00000| Untracked 
| 172|0x00000000eac00000, 0x00000000eac00000, 0x00000000ead00000|  0%| F|  |TAMS 0x00000000eac00000, 0x00000000eac00000| Untracked 
| 173|0x00000000ead00000, 0x00000000ead00000, 0x00000000eae00000|  0%| F|  |TAMS 0x00000000ead00000, 0x00000000ead00000| Untracked 
| 174|0x00000000eae00000, 0x00000000eae00000, 0x00000000eaf00000|  0%| F|  |TAMS 0x00000000eae00000, 0x00000000eae00000| Untracked 
| 175|0x00000000eaf00000, 0x00000000eaf00000, 0x00000000eb000000|  0%| F|  |TAMS 0x00000000eaf00000, 0x00000000eaf00000| Untracked 
| 176|0x00000000eb000000, 0x00000000eb000000, 0x00000000eb100000|  0%| F|  |TAMS 0x00000000eb000000, 0x00000000eb000000| Untracked 
| 177|0x00000000eb100000, 0x00000000eb100000, 0x00000000eb200000|  0%| F|  |TAMS 0x00000000eb100000, 0x00000000eb100000| Untracked 
| 178|0x00000000eb200000, 0x00000000eb200000, 0x00000000eb300000|  0%| F|  |TAMS 0x00000000eb200000, 0x00000000eb200000| Untracked 
| 179|0x00000000eb300000, 0x00000000eb300000, 0x00000000eb400000|  0%| F|  |TAMS 0x00000000eb300000, 0x00000000eb300000| Untracked 
| 180|0x00000000eb400000, 0x00000000eb400000, 0x00000000eb500000|  0%| F|  |TAMS 0x00000000eb400000, 0x00000000eb400000| Untracked 
| 181|0x00000000eb500000, 0x00000000eb500000, 0x00000000eb600000|  0%| F|  |TAMS 0x00000000eb500000, 0x00000000eb500000| Untracked 
| 182|0x00000000eb600000, 0x00000000eb600000, 0x00000000eb700000|  0%| F|  |TAMS 0x00000000eb600000, 0x00000000eb600000| Untracked 
| 183|0x00000000eb700000, 0x00000000eb700000, 0x00000000eb800000|  0%| F|  |TAMS 0x00000000eb700000, 0x00000000eb700000| Untracked 
| 184|0x00000000eb800000, 0x00000000eb800000, 0x00000000eb900000|  0%| F|  |TAMS 0x00000000eb800000, 0x00000000eb800000| Untracked 
| 185|0x00000000eb900000, 0x00000000eb900000, 0x00000000eba00000|  0%| F|  |TAMS 0x00000000eb900000, 0x00000000eb900000| Untracked 
| 186|0x00000000eba00000, 0x00000000eba00000, 0x00000000ebb00000|  0%| F|  |TAMS 0x00000000eba00000, 0x00000000eba00000| Untracked 
| 187|0x00000000ebb00000, 0x00000000ebb00000, 0x00000000ebc00000|  0%| F|  |TAMS 0x00000000ebb00000, 0x00000000ebb00000| Untracked 
| 188|0x00000000ebc00000, 0x00000000ebc00000, 0x00000000ebd00000|  0%| F|  |TAMS 0x00000000ebc00000, 0x00000000ebc00000| Untracked 
| 189|0x00000000ebd00000, 0x00000000ebd00000, 0x00000000ebe00000|  0%| F|  |TAMS 0x00000000ebd00000, 0x00000000ebd00000| Untracked 
| 190|0x00000000ebe00000, 0x00000000ebe00000, 0x00000000ebf00000|  0%| F|  |TAMS 0x00000000ebe00000, 0x00000000ebe00000| Untracked 
| 191|0x00000000ebf00000, 0x00000000ebf00000, 0x00000000ec000000|  0%| F|  |TAMS 0x00000000ebf00000, 0x00000000ebf00000| Untracked 
| 192|0x00000000ec000000, 0x00000000ec000000, 0x00000000ec100000|  0%| F|  |TAMS 0x00000000ec000000, 0x00000000ec000000| Untracked 
| 193|0x00000000ec100000, 0x00000000ec100000, 0x00000000ec200000|  0%| F|  |TAMS 0x00000000ec100000, 0x00000000ec100000| Untracked 
| 194|0x00000000ec200000, 0x00000000ec200000, 0x00000000ec300000|  0%| F|  |TAMS 0x00000000ec200000, 0x00000000ec200000| Untracked 
| 195|0x00000000ec300000, 0x00000000ec300000, 0x00000000ec400000|  0%| F|  |TAMS 0x00000000ec300000, 0x00000000ec300000| Untracked 
| 196|0x00000000ec400000, 0x00000000ec400000, 0x00000000ec500000|  0%| F|  |TAMS 0x00000000ec400000, 0x00000000ec400000| Untracked 
| 197|0x00000000ec500000, 0x00000000ec500000, 0x00000000ec600000|  0%| F|  |TAMS 0x00000000ec500000, 0x00000000ec500000| Untracked 
| 198|0x00000000ec600000, 0x00000000ec600000, 0x00000000ec700000|  0%| F|  |TAMS 0x00000000ec600000, 0x00000000ec600000| Untracked 
| 199|0x00000000ec700000, 0x00000000ec700000, 0x00000000ec800000|  0%| F|  |TAMS 0x00000000ec700000, 0x00000000ec700000| Untracked 
| 200|0x00000000ec800000, 0x00000000ec800000, 0x00000000ec900000|  0%| F|  |TAMS 0x00000000ec800000, 0x00000000ec800000| Untracked 
| 201|0x00000000ec900000, 0x00000000ec900000, 0x00000000eca00000|  0%| F|  |TAMS 0x00000000ec900000, 0x00000000ec900000| Untracked 
| 202|0x00000000eca00000, 0x00000000eca00000, 0x00000000ecb00000|  0%| F|  |TAMS 0x00000000eca00000, 0x00000000eca00000| Untracked 
| 203|0x00000000ecb00000, 0x00000000ecb00000, 0x00000000ecc00000|  0%| F|  |TAMS 0x00000000ecb00000, 0x00000000ecb00000| Untracked 
| 204|0x00000000ecc00000, 0x00000000ecc00000, 0x00000000ecd00000|  0%| F|  |TAMS 0x00000000ecc00000, 0x00000000ecc00000| Untracked 
| 205|0x00000000ecd00000, 0x00000000ecd00000, 0x00000000ece00000|  0%| F|  |TAMS 0x00000000ecd00000, 0x00000000ecd00000| Untracked 
| 206|0x00000000ece00000, 0x00000000ece00000, 0x00000000ecf00000|  0%| F|  |TAMS 0x00000000ece00000, 0x00000000ece00000| Untracked 
| 207|0x00000000ecf00000, 0x00000000ecf00000, 0x00000000ed000000|  0%| F|  |TAMS 0x00000000ecf00000, 0x00000000ecf00000| Untracked 
| 208|0x00000000ed000000, 0x00000000ed000000, 0x00000000ed100000|  0%| F|  |TAMS 0x00000000ed000000, 0x00000000ed000000| Untracked 
| 209|0x00000000ed100000, 0x00000000ed100000, 0x00000000ed200000|  0%| F|  |TAMS 0x00000000ed100000, 0x00000000ed100000| Untracked 
| 210|0x00000000ed200000, 0x00000000ed200000, 0x00000000ed300000|  0%| F|  |TAMS 0x00000000ed200000, 0x00000000ed200000| Untracked 
| 211|0x00000000ed300000, 0x00000000ed300000, 0x00000000ed400000|  0%| F|  |TAMS 0x00000000ed300000, 0x00000000ed300000| Untracked 
| 212|0x00000000ed400000, 0x00000000ed480800, 0x00000000ed500000| 50%| E|  |TAMS 0x00000000ed400000, 0x00000000ed400000| Complete 
| 213|0x00000000ed500000, 0x00000000ed600000, 0x00000000ed600000|100%| E|CS|TAMS 0x00000000ed500000, 0x00000000ed500000| Complete 
| 214|0x00000000ed600000, 0x00000000ed700000, 0x00000000ed700000|100%| E|CS|TAMS 0x00000000ed600000, 0x00000000ed600000| Complete 
| 215|0x00000000ed700000, 0x00000000ed800000, 0x00000000ed800000|100%| E|CS|TAMS 0x00000000ed700000, 0x00000000ed700000| Complete 
| 216|0x00000000ed800000, 0x00000000ed900000, 0x00000000ed900000|100%| E|CS|TAMS 0x00000000ed800000, 0x00000000ed800000| Complete 
| 217|0x00000000ed900000, 0x00000000eda00000, 0x00000000eda00000|100%| E|CS|TAMS 0x00000000ed900000, 0x00000000ed900000| Complete 
| 218|0x00000000eda00000, 0x00000000edb00000, 0x00000000edb00000|100%| E|CS|TAMS 0x00000000eda00000, 0x00000000eda00000| Complete 
| 219|0x00000000edb00000, 0x00000000edc00000, 0x00000000edc00000|100%| E|CS|TAMS 0x00000000edb00000, 0x00000000edb00000| Complete 
| 220|0x00000000edc00000, 0x00000000edd00000, 0x00000000edd00000|100%| E|CS|TAMS 0x00000000edc00000, 0x00000000edc00000| Complete 
| 221|0x00000000edd00000, 0x00000000ede00000, 0x00000000ede00000|100%| E|CS|TAMS 0x00000000edd00000, 0x00000000edd00000| Complete 
| 222|0x00000000ede00000, 0x00000000edf00000, 0x00000000edf00000|100%| E|CS|TAMS 0x00000000ede00000, 0x00000000ede00000| Complete 
| 223|0x00000000edf00000, 0x00000000ee000000, 0x00000000ee000000|100%| E|CS|TAMS 0x00000000edf00000, 0x00000000edf00000| Complete 
| 224|0x00000000ee000000, 0x00000000ee100000, 0x00000000ee100000|100%| E|CS|TAMS 0x00000000ee000000, 0x00000000ee000000| Complete 
| 225|0x00000000ee100000, 0x00000000ee200000, 0x00000000ee200000|100%| E|CS|TAMS 0x00000000ee100000, 0x00000000ee100000| Complete 
| 226|0x00000000ee200000, 0x00000000ee300000, 0x00000000ee300000|100%| E|CS|TAMS 0x00000000ee200000, 0x00000000ee200000| Complete 
| 227|0x00000000ee300000, 0x00000000ee400000, 0x00000000ee400000|100%| E|CS|TAMS 0x00000000ee300000, 0x00000000ee300000| Complete 
| 228|0x00000000ee400000, 0x00000000ee500000, 0x00000000ee500000|100%| E|CS|TAMS 0x00000000ee400000, 0x00000000ee400000| Complete 
| 229|0x00000000ee500000, 0x00000000ee600000, 0x00000000ee600000|100%| E|CS|TAMS 0x00000000ee500000, 0x00000000ee500000| Complete 
| 230|0x00000000ee600000, 0x00000000ee700000, 0x00000000ee700000|100%| E|CS|TAMS 0x00000000ee600000, 0x00000000ee600000| Complete 
| 231|0x00000000ee700000, 0x00000000ee800000, 0x00000000ee800000|100%| E|CS|TAMS 0x00000000ee700000, 0x00000000ee700000| Complete 
| 232|0x00000000ee800000, 0x00000000ee900000, 0x00000000ee900000|100%| E|CS|TAMS 0x00000000ee800000, 0x00000000ee800000| Complete 
| 233|0x00000000ee900000, 0x00000000eea00000, 0x00000000eea00000|100%| E|CS|TAMS 0x00000000ee900000, 0x00000000ee900000| Complete 
| 234|0x00000000eea00000, 0x00000000eeb00000, 0x00000000eeb00000|100%| E|CS|TAMS 0x00000000eea00000, 0x00000000eea00000| Complete 
| 235|0x00000000eeb00000, 0x00000000eec00000, 0x00000000eec00000|100%| E|CS|TAMS 0x00000000eeb00000, 0x00000000eeb00000| Complete 
| 236|0x00000000eec00000, 0x00000000eed00000, 0x00000000eed00000|100%| E|CS|TAMS 0x00000000eec00000, 0x00000000eec00000| Complete 
| 237|0x00000000eed00000, 0x00000000eee00000, 0x00000000eee00000|100%| E|CS|TAMS 0x00000000eed00000, 0x00000000eed00000| Complete 
| 238|0x00000000eee00000, 0x00000000eef00000, 0x00000000eef00000|100%| E|CS|TAMS 0x00000000eee00000, 0x00000000eee00000| Complete 
| 239|0x00000000eef00000, 0x00000000ef000000, 0x00000000ef000000|100%| E|CS|TAMS 0x00000000eef00000, 0x00000000eef00000| Complete 
| 240|0x00000000ef000000, 0x00000000ef100000, 0x00000000ef100000|100%| E|CS|TAMS 0x00000000ef000000, 0x00000000ef000000| Complete 
| 241|0x00000000ef100000, 0x00000000ef200000, 0x00000000ef200000|100%| E|CS|TAMS 0x00000000ef100000, 0x00000000ef100000| Complete 
| 242|0x00000000ef200000, 0x00000000ef300000, 0x00000000ef300000|100%| E|CS|TAMS 0x00000000ef200000, 0x00000000ef200000| Complete 
| 243|0x00000000ef300000, 0x00000000ef400000, 0x00000000ef400000|100%| E|CS|TAMS 0x00000000ef300000, 0x00000000ef300000| Complete 
| 244|0x00000000ef400000, 0x00000000ef500000, 0x00000000ef500000|100%| E|CS|TAMS 0x00000000ef400000, 0x00000000ef400000| Complete 
| 245|0x00000000ef500000, 0x00000000ef600000, 0x00000000ef600000|100%| E|CS|TAMS 0x00000000ef500000, 0x00000000ef500000| Complete 
| 246|0x00000000ef600000, 0x00000000ef700000, 0x00000000ef700000|100%| E|CS|TAMS 0x00000000ef600000, 0x00000000ef600000| Complete 
| 247|0x00000000ef700000, 0x00000000ef800000, 0x00000000ef800000|100%| E|CS|TAMS 0x00000000ef700000, 0x00000000ef700000| Complete 
| 248|0x00000000ef800000, 0x00000000ef900000, 0x00000000ef900000|100%| E|CS|TAMS 0x00000000ef800000, 0x00000000ef800000| Complete 
| 249|0x00000000ef900000, 0x00000000efa00000, 0x00000000efa00000|100%| E|CS|TAMS 0x00000000ef900000, 0x00000000ef900000| Complete 
| 250|0x00000000efa00000, 0x00000000efb00000, 0x00000000efb00000|100%| E|CS|TAMS 0x00000000efa00000, 0x00000000efa00000| Complete 
| 251|0x00000000efb00000, 0x00000000efc00000, 0x00000000efc00000|100%| E|CS|TAMS 0x00000000efb00000, 0x00000000efb00000| Complete 
| 252|0x00000000efc00000, 0x00000000efd00000, 0x00000000efd00000|100%| E|CS|TAMS 0x00000000efc00000, 0x00000000efc00000| Complete 
| 253|0x00000000efd00000, 0x00000000efe00000, 0x00000000efe00000|100%| E|CS|TAMS 0x00000000efd00000, 0x00000000efd00000| Complete 
| 254|0x00000000efe00000, 0x00000000eff00000, 0x00000000eff00000|100%| E|CS|TAMS 0x00000000efe00000, 0x00000000efe00000| Complete 
| 255|0x00000000eff00000, 0x00000000f0000000, 0x00000000f0000000|100%| E|CS|TAMS 0x00000000eff00000, 0x00000000eff00000| Complete 

Card table byte_map: [0x000001b599df0000,0x000001b599ef0000] _byte_map_base: 0x000001b5996f0000

Marking Bits (Prev, Next): (CMBitMap*) 0x000001b582f073b0, (CMBitMap*) 0x000001b582f073f0
 Prev Bits: [0x000001b599ff0000, 0x000001b59a7f0000)
 Next Bits: [0x000001b59a7f0000, 0x000001b59aff0000)

Polling page: 0x000001b582620000

Metaspace:

Usage:
  Non-class:     42.23 MB used.
      Class:      7.02 MB used.
       Both:     49.25 MB used.

Virtual space:
  Non-class space:       64.00 MB reserved,      42.56 MB ( 67%) committed,  1 nodes.
      Class space:      320.00 MB reserved,       7.31 MB (  2%) committed,  1 nodes.
             Both:      384.00 MB reserved,      49.88 MB ( 13%) committed. 

Chunk freelists:
   Non-Class:  4.98 MB
       Class:  8.55 MB
        Both:  13.54 MB

MaxMetaspaceSize: 384.00 MB
CompressedClassSpaceSize: 320.00 MB
Initial GC threshold: 21.00 MB
Current GC threshold: 58.88 MB
CDS: on
MetaspaceReclaimPolicy: balanced
 - commit_granule_bytes: 65536.
 - commit_granule_words: 8192.
 - virtual_space_node_default_size: 8388608.
 - enlarge_chunks_in_place: 1.
 - new_chunks_are_fully_committed: 0.
 - uncommit_free_chunks: 1.
 - use_allocation_guard: 0.
 - handle_deallocations: 1.


Internal statistics:

num_allocs_failed_limit: 6.
num_arena_births: 594.
num_arena_deaths: 0.
num_vsnodes_births: 2.
num_vsnodes_deaths: 0.
num_space_committed: 798.
num_space_uncommitted: 0.
num_chunks_returned_to_freelist: 6.
num_chunks_taken_from_freelist: 2678.
num_chunk_merges: 6.
num_chunk_splits: 1742.
num_chunks_enlarged: 1161.
num_inconsistent_stats: 0.

CodeHeap 'non-profiled nmethods': size=120000Kb used=3351Kb max_used=3351Kb free=116648Kb
 bounds [0x000001b592260000, 0x000001b5925b0000, 0x000001b599790000]
CodeHeap 'profiled nmethods': size=120000Kb used=10385Kb max_used=10385Kb free=109614Kb
 bounds [0x000001b58a790000, 0x000001b58b1c0000, 0x000001b591cc0000]
CodeHeap 'non-nmethods': size=5760Kb used=2332Kb max_used=2374Kb free=3427Kb
 bounds [0x000001b591cc0000, 0x000001b591f30000, 0x000001b592260000]
 total_blobs=6235 nmethods=5384 adapters=763
 compilation: enabled
              stopped_count=0, restarted_count=0
 full_count=0

Compilation events (20 events):
Event: 10.263 Thread 0x000001b5b9d2b2f0 nmethod 6092 0x000001b5925a4c90 code [0x000001b5925a4e20, 0x000001b5925a52d8]
Event: 10.263 Thread 0x000001b5b9d2b2f0 6100       4       groovy.lang.MetaClassImpl::addMetaMethodToIndex (65 bytes)
Event: 10.263 Thread 0x000001b59dc7aef0 6104       3       java.lang.invoke.DirectMethodHandle$Holder::invokeStatic (15 bytes)
Event: 10.263 Thread 0x000001b59dc7aef0 nmethod 6104 0x000001b58b19b790 code [0x000001b58b19b960, 0x000001b58b19beb8]
Event: 10.266 Thread 0x000001b59dc7aef0 6105       3       com.sun.beans.util.Cache$CacheEntry::matches (53 bytes)
Event: 10.267 Thread 0x000001b59dc7aef0 nmethod 6105 0x000001b58b19c010 code [0x000001b58b19c1e0, 0x000001b58b19c698]
Event: 10.271 Thread 0x000001b59dc7aef0 6107       3       java.util.Hashtable::getIterator (22 bytes)
Event: 10.271 Thread 0x000001b59dc7aef0 nmethod 6107 0x000001b58b19c810 code [0x000001b58b19c9c0, 0x000001b58b19cc48]
Event: 10.272 Thread 0x000001b59dc7aef0 6108       3       org.codehaus.groovy.reflection.CachedField::isStatic (8 bytes)
Event: 10.272 Thread 0x000001b59dc7aef0 nmethod 6108 0x000001b58b19cd10 code [0x000001b58b19cec0, 0x000001b58b19d118]
Event: 10.277 Thread 0x000001b59dc7aef0 6109       3       java.util.stream.Nodes$SpinedNodeBuilder::begin (38 bytes)
Event: 10.277 Thread 0x000001b59dc7aef0 nmethod 6109 0x000001b58b19d210 code [0x000001b58b19d3c0, 0x000001b58b19d5d8]
Event: 10.277 Thread 0x000001b59dc7aef0 6110       3       java.util.stream.Nodes$SpinedNodeBuilder::end (29 bytes)
Event: 10.277 Thread 0x000001b59dc7aef0 nmethod 6110 0x000001b58b19d690 code [0x000001b58b19d820, 0x000001b58b19d938]
Event: 10.277 Thread 0x000001b59dc7aef0 6111       3       java.util.stream.Nodes$SpinedNodeBuilder::build (25 bytes)
Event: 10.277 Thread 0x000001b59dc7aef0 nmethod 6111 0x000001b58b19da10 code [0x000001b58b19dba0, 0x000001b58b19dcb8]
Event: 10.277 Thread 0x000001b59dc7aef0 6112       3       java.util.stream.Nodes$SpinedNodeBuilder::asArray (29 bytes)
Event: 10.277 Thread 0x000001b59dc7aef0 nmethod 6112 0x000001b58b19dd90 code [0x000001b58b19df40, 0x000001b58b19e088]
Event: 10.277 Thread 0x000001b59dc7aef0 6113       3       java.util.stream.SpinedBuffer::asArray (46 bytes)
Event: 10.278 Thread 0x000001b59dc7aef0 nmethod 6113 0x000001b58b19e110 code [0x000001b58b19e300, 0x000001b58b19e948]

GC Heap History (12 events):
Event: 0.483 GC heap before
{Heap before GC invocations=0 (full 0):
 garbage-first heap   total 262144K, used 23552K [0x00000000e0000000, 0x0000000100000000)
  region size 1024K, 23 young (23552K), 0 survivors (0K)
 Metaspace       used 1098K, committed 1216K, reserved 393216K
  class space    used 78K, committed 128K, reserved 327680K
}
Event: 0.485 GC heap after
{Heap after GC invocations=1 (full 0):
 garbage-first heap   total 262144K, used 2581K [0x00000000e0000000, 0x0000000100000000)
  region size 1024K, 3 young (3072K), 3 survivors (3072K)
 Metaspace       used 1098K, committed 1216K, reserved 393216K
  class space    used 78K, committed 128K, reserved 327680K
}
Event: 1.198 GC heap before
{Heap before GC invocations=1 (full 0):
 garbage-first heap   total 262144K, used 38421K [0x00000000e0000000, 0x0000000100000000)
  region size 1024K, 36 young (36864K), 3 survivors (3072K)
 Metaspace       used 4419K, committed 4608K, reserved 393216K
  class space    used 553K, committed 640K, reserved 327680K
}
Event: 1.203 GC heap after
{Heap after GC invocations=2 (full 0):
 garbage-first heap   total 262144K, used 11060K [0x00000000e0000000, 0x0000000100000000)
  region size 1024K, 5 young (5120K), 5 survivors (5120K)
 Metaspace       used 4419K, committed 4608K, reserved 393216K
  class space    used 553K, committed 640K, reserved 327680K
}
Event: 1.639 GC heap before
{Heap before GC invocations=2 (full 0):
 garbage-first heap   total 262144K, used 58164K [0x00000000e0000000, 0x0000000100000000)
  region size 1024K, 49 young (50176K), 5 survivors (5120K)
 Metaspace       used 4681K, committed 4864K, reserved 393216K
  class space    used 590K, committed 704K, reserved 327680K
}
Event: 1.644 GC heap after
{Heap after GC invocations=3 (full 0):
 garbage-first heap   total 262144K, used 16492K [0x00000000e0000000, 0x0000000100000000)
  region size 1024K, 5 young (5120K), 5 survivors (5120K)
 Metaspace       used 4681K, committed 4864K, reserved 393216K
  class space    used 590K, committed 704K, reserved 327680K
}
Event: 3.958 GC heap before
{Heap before GC invocations=3 (full 0):
 garbage-first heap   total 262144K, used 126060K [0x00000000e0000000, 0x0000000100000000)
  region size 1024K, 113 young (115712K), 5 survivors (5120K)
 Metaspace       used 21163K, committed 21504K, reserved 393216K
  class space    used 3104K, committed 3264K, reserved 327680K
}
Event: 3.967 GC heap after
{Heap after GC invocations=4 (full 0):
 garbage-first heap   total 262144K, used 23829K [0x00000000e0000000, 0x0000000100000000)
  region size 1024K, 12 young (12288K), 12 survivors (12288K)
 Metaspace       used 21163K, committed 21504K, reserved 393216K
  class space    used 3104K, committed 3264K, reserved 327680K
}
Event: 7.430 GC heap before
{Heap before GC invocations=5 (full 0):
 garbage-first heap   total 262144K, used 143637K [0x00000000e0000000, 0x0000000100000000)
  region size 1024K, 126 young (129024K), 12 survivors (12288K)
 Metaspace       used 35564K, committed 35968K, reserved 393216K
  class space    used 4939K, committed 5120K, reserved 327680K
}
Event: 7.441 GC heap after
{Heap after GC invocations=6 (full 0):
 garbage-first heap   total 262144K, used 33015K [0x00000000e0000000, 0x0000000100000000)
  region size 1024K, 17 young (17408K), 17 survivors (17408K)
 Metaspace       used 35564K, committed 35968K, reserved 393216K
  class space    used 4939K, committed 5120K, reserved 327680K
}
Event: 9.898 GC heap before
{Heap before GC invocations=7 (full 0):
 garbage-first heap   total 262144K, used 173303K [0x00000000e0000000, 0x0000000100000000)
  region size 1024K, 153 young (156672K), 17 survivors (17408K)
 Metaspace       used 48551K, committed 49152K, reserved 393216K
  class space    used 6903K, committed 7168K, reserved 327680K
}
Event: 9.909 GC heap after
{Heap after GC invocations=8 (full 0):
 garbage-first heap   total 262144K, used 38340K [0x00000000e0000000, 0x0000000100000000)
  region size 1024K, 15 young (15360K), 15 survivors (15360K)
 Metaspace       used 48551K, committed 49152K, reserved 393216K
  class space    used 6903K, committed 7168K, reserved 327680K
}

Deoptimization events (20 events):
Event: 10.232 Thread 0x000001b5b90970f0 Uncommon trap: trap_request=0xffffffc6 fr.pc=0x000001b5924dd194 relative=0x0000000000000cd4
Event: 10.232 Thread 0x000001b5b90970f0 Uncommon trap: reason=bimorphic_or_optimized_type_check action=maybe_recompile pc=0x000001b5924dd194 method=org.codehaus.groovy.runtime.metaclass.MetaMethodIndex.isOverridden(Lgroovy/lang/MetaMethod;Lgroovy/lang/MetaMethod;)Z @ 56 c2
Event: 10.232 Thread 0x000001b5b90970f0 DEOPT PACKING pc=0x000001b5924dd194 sp=0x000000a850df6ea0
Event: 10.232 Thread 0x000001b5b90970f0 DEOPT UNPACKING pc=0x000001b591d123a3 sp=0x000000a850df6e88 mode 2
Event: 10.235 Thread 0x000001b5b90970f0 Uncommon trap: trap_request=0xffffffc6 fr.pc=0x000001b5924dd194 relative=0x0000000000000cd4
Event: 10.236 Thread 0x000001b5b90970f0 Uncommon trap: reason=bimorphic_or_optimized_type_check action=maybe_recompile pc=0x000001b5924dd194 method=org.codehaus.groovy.runtime.metaclass.MetaMethodIndex.isOverridden(Lgroovy/lang/MetaMethod;Lgroovy/lang/MetaMethod;)Z @ 56 c2
Event: 10.236 Thread 0x000001b5b90970f0 DEOPT PACKING pc=0x000001b5924dd194 sp=0x000000a850df6f60
Event: 10.236 Thread 0x000001b5b90970f0 DEOPT UNPACKING pc=0x000001b591d123a3 sp=0x000000a850df6f48 mode 2
Event: 10.236 Thread 0x000001b5b90970f0 Uncommon trap: trap_request=0xffffffc6 fr.pc=0x000001b5924e0b50 relative=0x0000000000004690
Event: 10.236 Thread 0x000001b5b90970f0 Uncommon trap: reason=bimorphic_or_optimized_type_check action=maybe_recompile pc=0x000001b5924e0b50 method=org.codehaus.groovy.runtime.metaclass.MetaMethodIndex.isOverridden(Lgroovy/lang/MetaMethod;Lgroovy/lang/MetaMethod;)Z @ 10 c2
Event: 10.236 Thread 0x000001b5b90970f0 DEOPT PACKING pc=0x000001b5924e0b50 sp=0x000000a850df6ec0
Event: 10.236 Thread 0x000001b5b90970f0 DEOPT UNPACKING pc=0x000001b591d123a3 sp=0x000000a850df6ea8 mode 2
Event: 10.262 Thread 0x000001b5b90970f0 Uncommon trap: trap_request=0xffffffc6 fr.pc=0x000001b5924e0b50 relative=0x0000000000004690
Event: 10.262 Thread 0x000001b5b90970f0 Uncommon trap: reason=bimorphic_or_optimized_type_check action=maybe_recompile pc=0x000001b5924e0b50 method=org.codehaus.groovy.runtime.metaclass.MetaMethodIndex.isOverridden(Lgroovy/lang/MetaMethod;Lgroovy/lang/MetaMethod;)Z @ 10 c2
Event: 10.262 Thread 0x000001b5b90970f0 DEOPT PACKING pc=0x000001b5924e0b50 sp=0x000000a850df5c20
Event: 10.262 Thread 0x000001b5b90970f0 DEOPT UNPACKING pc=0x000001b591d123a3 sp=0x000000a850df5c08 mode 2
Event: 10.274 Thread 0x000001b5b90970f0 Uncommon trap: trap_request=0xffffffdc fr.pc=0x000001b5925a50bc relative=0x000000000000029c
Event: 10.274 Thread 0x000001b5b90970f0 Uncommon trap: reason=class_check action=make_not_entrant pc=0x000001b5925a50bc method=java.util.ArrayList.toArray([Ljava/lang/Object;)[Ljava/lang/Object; @ 21 c2
Event: 10.274 Thread 0x000001b5b90970f0 DEOPT PACKING pc=0x000001b5925a50bc sp=0x000000a850df9110
Event: 10.274 Thread 0x000001b5b90970f0 DEOPT UNPACKING pc=0x000001b591d123a3 sp=0x000000a850df90d0 mode 2

Classes unloaded (0 events):
No events

Classes redefined (0 events):
No events

Internal exceptions (20 events):
Event: 10.240 Thread 0x000001b5b90970f0 Exception <a 'java/lang/ClassNotFoundException'{0x00000000ee3661e8}: org/gradle/api/internal/DefaultNamedDomainObjectSetBeanInfo> (0x00000000ee3661e8) 
thrown [s\open\src\hotspot\share\classfile\systemDictionary.cpp, line 256]
Event: 10.241 Thread 0x000001b5b90970f0 Exception <a 'java/lang/ClassNotFoundException'{0x00000000ee37a9c0}: org/gradle/api/internal/DefaultNamedDomainObjectCollectionBeanInfo> (0x00000000ee37a9c0) 
thrown [s\open\src\hotspot\share\classfile\systemDictionary.cpp, line 256]
Event: 10.242 Thread 0x000001b5b90970f0 Exception <a 'java/lang/ClassNotFoundException'{0x00000000ee38fce0}: org/gradle/api/internal/DefaultDomainObjectCollectionBeanInfo> (0x00000000ee38fce0) 
thrown [s\open\src\hotspot\share\classfile\systemDictionary.cpp, line 256]
Event: 10.242 Thread 0x000001b5b90970f0 Exception <a 'java/lang/ClassNotFoundException'{0x00000000ee3978d8}: java/util/AbstractCollectionBeanInfo> (0x00000000ee3978d8) 
thrown [s\open\src\hotspot\share\classfile\systemDictionary.cpp, line 256]
Event: 10.243 Thread 0x000001b5b90970f0 Exception <a 'java/lang/ClassNotFoundException'{0x00000000ee39eca0}: java/util/AbstractCollectionCustomizer> (0x00000000ee39eca0) 
thrown [s\open\src\hotspot\share\classfile\systemDictionary.cpp, line 256]
Event: 10.244 Thread 0x000001b5b90970f0 Exception <a 'java/lang/ClassNotFoundException'{0x00000000ee3bd398}: org/gradle/api/internal/DefaultDomainObjectCollectionCustomizer> (0x00000000ee3bd398) 
thrown [s\open\src\hotspot\share\classfile\systemDictionary.cpp, line 256]
Event: 10.246 Thread 0x000001b5b90970f0 Exception <a 'java/lang/ClassNotFoundException'{0x00000000ee3f0c70}: org/gradle/api/internal/DefaultNamedDomainObjectCollectionCustomizer> (0x00000000ee3f0c70) 
thrown [s\open\src\hotspot\share\classfile\systemDictionary.cpp, line 256]
Event: 10.247 Thread 0x000001b5b90970f0 Exception <a 'java/lang/ClassNotFoundException'{0x00000000ee22e490}: org/gradle/api/internal/DefaultNamedDomainObjectSetCustomizer> (0x00000000ee22e490) 
thrown [s\open\src\hotspot\share\classfile\systemDictionary.cpp, line 256]
Event: 10.247 Thread 0x000001b5b90970f0 Exception <a 'java/lang/ClassNotFoundException'{0x00000000ee25de78}: org/gradle/api/internal/AbstractNamedDomainObjectContainerCustomizer> (0x00000000ee25de78) 
thrown [s\open\src\hotspot\share\classfile\systemDictionary.cpp, line 256]
Event: 10.249 Thread 0x000001b5b90970f0 Exception <a 'java/lang/ClassNotFoundException'{0x00000000ee286110}: org/gradle/api/internal/AbstractValidatingNamedDomainObjectContainerCustomizer> (0x00000000ee286110) 
thrown [s\open\src\hotspot\share\classfile\systemDictionary.cpp, line 256]
Event: 10.249 Thread 0x000001b5b90970f0 Exception <a 'java/lang/ClassNotFoundException'{0x00000000ee2aa530}: org/gradle/api/internal/artifacts/configurations/DefaultConfigurationContainerCustomizer> (0x00000000ee2aa530) 
thrown [s\open\src\hotspot\share\classfile\systemDictionary.cpp, line 256]
Event: 10.251 Thread 0x000001b5b90970f0 Exception <a 'java/lang/ClassNotFoundException'{0x00000000ee2f7598}: org/gradle/api/internal/artifacts/configurations/DefaultConfigurationContainer_DecoratedCustomizer> (0x00000000ee2f7598) 
thrown [s\open\src\hotspot\share\classfile\systemDictionary.cpp, line 256]
Event: 10.263 Thread 0x000001b5b90970f0 Exception <a 'java/lang/ClassNotFoundException'{0x00000000edf98260}: org/gradle/api/internal/artifacts/configurations/DefaultUnlockedConfiguration_DecoratedBeanInfo> (0x00000000edf98260) 
thrown [s\open\src\hotspot\share\classfile\systemDictionary.cpp, line 256]
Event: 10.264 Thread 0x000001b5b90970f0 Exception <a 'java/lang/ClassNotFoundException'{0x00000000edfb1348}: org/gradle/api/internal/artifacts/configurations/DefaultUnlockedConfigurationBeanInfo> (0x00000000edfb1348) 
thrown [s\open\src\hotspot\share\classfile\systemDictionary.cpp, line 256]
Event: 10.264 Thread 0x000001b5b90970f0 Exception <a 'java/lang/ClassNotFoundException'{0x00000000edfca3d0}: org/gradle/api/internal/artifacts/configurations/DefaultConfigurationBeanInfo> (0x00000000edfca3d0) 
thrown [s\open\src\hotspot\share\classfile\systemDictionary.cpp, line 256]
Event: 10.265 Thread 0x000001b5b90970f0 Exception <a 'java/lang/ClassNotFoundException'{0x00000000edfe05b8}: org/gradle/api/internal/file/AbstractFileCollectionBeanInfo> (0x00000000edfe05b8) 
thrown [s\open\src\hotspot\share\classfile\systemDictionary.cpp, line 256]
Event: 10.266 Thread 0x000001b5b90970f0 Exception <a 'java/lang/ClassNotFoundException'{0x00000000edff6768}: org/gradle/api/internal/file/AbstractFileCollectionCustomizer> (0x00000000edff6768) 
thrown [s\open\src\hotspot\share\classfile\systemDictionary.cpp, line 256]
Event: 10.267 Thread 0x000001b5b90970f0 Exception <a 'java/lang/ClassNotFoundException'{0x00000000ede21590}: org/gradle/api/internal/artifacts/configurations/DefaultConfigurationCustomizer> (0x00000000ede21590) 
thrown [s\open\src\hotspot\share\classfile\systemDictionary.cpp, line 256]
Event: 10.268 Thread 0x000001b5b90970f0 Exception <a 'java/lang/ClassNotFoundException'{0x00000000ede8ee38}: org/gradle/api/internal/artifacts/configurations/DefaultUnlockedConfigurationCustomizer> (0x00000000ede8ee38) 
thrown [s\open\src\hotspot\share\classfile\systemDictionary.cpp, line 256]
Event: 10.269 Thread 0x000001b5b90970f0 Exception <a 'java/lang/ClassNotFoundException'{0x00000000edeb5918}: org/gradle/api/internal/artifacts/configurations/DefaultUnlockedConfiguration_DecoratedCustomizer> (0x00000000edeb5918) 
thrown [s\open\src\hotspot\share\classfile\systemDictionary.cpp, line 256]

VM Operations (20 events):
Event: 8.329 Executing VM operation: ICBufferFull
Event: 8.330 Executing VM operation: ICBufferFull done
Event: 8.349 Executing VM operation: HandshakeAllThreads
Event: 8.349 Executing VM operation: HandshakeAllThreads done
Event: 8.658 Executing VM operation: HandshakeAllThreads
Event: 8.658 Executing VM operation: HandshakeAllThreads done
Event: 8.733 Executing VM operation: ICBufferFull
Event: 8.733 Executing VM operation: ICBufferFull done
Event: 9.340 Executing VM operation: HandshakeAllThreads
Event: 9.340 Executing VM operation: HandshakeAllThreads done
Event: 9.406 Executing VM operation: ICBufferFull
Event: 9.406 Executing VM operation: ICBufferFull done
Event: 9.555 Executing VM operation: ICBufferFull
Event: 9.556 Executing VM operation: ICBufferFull done
Event: 9.839 Executing VM operation: ICBufferFull
Event: 9.840 Executing VM operation: ICBufferFull done
Event: 9.898 Executing VM operation: G1CollectForAllocation
Event: 9.909 Executing VM operation: G1CollectForAllocation done
Event: 10.164 Executing VM operation: ICBufferFull
Event: 10.164 Executing VM operation: ICBufferFull done

Events (20 events):
Event: 10.147 loading class java/util/stream/ReduceOps$CountingSink$OfRef done
Event: 10.173 Thread 0x000001b5bc8be430 Thread added: 0x000001b5bc8be430
Event: 10.189 loading class sun/reflect/generics/tree/BooleanSignature
Event: 10.189 loading class sun/reflect/generics/tree/BooleanSignature done
Event: 10.195 loading class org/xml/sax/Locator
Event: 10.195 loading class org/xml/sax/Locator done
Event: 10.195 loading class org/xml/sax/SAXParseException
Event: 10.195 loading class org/xml/sax/SAXParseException done
Event: 10.196 loading class org/xml/sax/Attributes
Event: 10.196 loading class org/xml/sax/Attributes done
Event: 10.242 loading class java/util/AbstractCollectionBeanInfo
Event: 10.242 loading class java/util/AbstractCollectionBeanInfo done
Event: 10.242 loading class java/util/AbstractCollectionBeanInfo
Event: 10.242 loading class java/util/AbstractCollectionBeanInfo done
Event: 10.242 loading class java/util/AbstractCollectionCustomizer
Event: 10.242 loading class java/util/AbstractCollectionCustomizer done
Event: 10.243 loading class java/util/AbstractCollectionCustomizer
Event: 10.243 loading class java/util/AbstractCollectionCustomizer done
Event: 10.243 loading class sun/reflect/generics/reflectiveObjects/GenericArrayTypeImpl
Event: 10.243 loading class sun/reflect/generics/reflectiveObjects/GenericArrayTypeImpl done


Dynamic libraries:
0x00007ff6177a0000 - 0x00007ff6177b0000 	C:\Program Files\Java\jdk-17\bin\java.exe
0x00007ffe052c0000 - 0x00007ffe05525000 	C:\WINDOWS\SYSTEM32\ntdll.dll
0x00007ffe03650000 - 0x00007ffe03719000 	C:\WINDOWS\System32\KERNEL32.DLL
0x00007ffe02830000 - 0x00007ffe02c18000 	C:\WINDOWS\System32\KERNELBASE.dll
0x00007ffe02570000 - 0x00007ffe026bb000 	C:\WINDOWS\System32\ucrtbase.dll
0x00007ffdea0a0000 - 0x00007ffdea0b9000 	C:\Program Files\Java\jdk-17\bin\jli.dll
0x00007ffdea080000 - 0x00007ffdea09b000 	C:\Program Files\Java\jdk-17\bin\VCRUNTIME140.dll
0x00007ffe04920000 - 0x00007ffe049d3000 	C:\WINDOWS\System32\ADVAPI32.dll
0x00007ffe033b0000 - 0x00007ffe03459000 	C:\WINDOWS\System32\msvcrt.dll
0x00007ffe04570000 - 0x00007ffe04616000 	C:\WINDOWS\System32\sechost.dll
0x00007ffe04450000 - 0x00007ffe04565000 	C:\WINDOWS\System32\RPCRT4.dll
0x00007ffe03720000 - 0x00007ffe038ea000 	C:\WINDOWS\System32\USER32.dll
0x00007ffe026c0000 - 0x00007ffe026e7000 	C:\WINDOWS\System32\win32u.dll
0x00007ffdedd10000 - 0x00007ffdedfaa000 	C:\WINDOWS\WinSxS\amd64_microsoft.windows.common-controls_6595b64144ccf1df_6.0.26100.4202_none_3e0698d4e335f517\COMCTL32.dll
0x00007ffe047f0000 - 0x00007ffe0481b000 	C:\WINDOWS\System32\GDI32.dll
0x00007ffe026f0000 - 0x00007ffe02827000 	C:\WINDOWS\System32\gdi32full.dll
0x00007ffe02f20000 - 0x00007ffe02fc3000 	C:\WINDOWS\System32\msvcp_win.dll
0x00007ffdf0940000 - 0x00007ffdf094b000 	C:\WINDOWS\SYSTEM32\VERSION.dll
0x00007ffe03d80000 - 0x00007ffe03db0000 	C:\WINDOWS\System32\IMM32.DLL
0x00007ffdfcea0000 - 0x00007ffdfceac000 	C:\Program Files\Java\jdk-17\bin\vcruntime140_1.dll
0x00007ffddadc0000 - 0x00007ffddae4e000 	C:\Program Files\Java\jdk-17\bin\msvcp140.dll
0x00007ffd9a220000 - 0x00007ffd9ae00000 	C:\Program Files\Java\jdk-17\bin\server\jvm.dll
0x00007ffe047e0000 - 0x00007ffe047e8000 	C:\WINDOWS\System32\PSAPI.DLL
0x00007ffdf1940000 - 0x00007ffdf194a000 	C:\WINDOWS\SYSTEM32\WSOCK32.dll
0x00007ffdf9470000 - 0x00007ffdf94a5000 	C:\WINDOWS\SYSTEM32\WINMM.dll
0x00007ffe03070000 - 0x00007ffe030e4000 	C:\WINDOWS\System32\WS2_32.dll
0x00007ffe011d0000 - 0x00007ffe011eb000 	C:\WINDOWS\SYSTEM32\kernel.appcore.dll
0x00007ffdeeb50000 - 0x00007ffdeeb5a000 	C:\Program Files\Java\jdk-17\bin\jimage.dll
0x00007ffdffaf0000 - 0x00007ffdffd31000 	C:\WINDOWS\SYSTEM32\DBGHELP.DLL
0x00007ffe03dc0000 - 0x00007ffe04145000 	C:\WINDOWS\System32\combase.dll
0x00007ffe03460000 - 0x00007ffe03541000 	C:\WINDOWS\System32\OLEAUT32.dll
0x00007ffdea250000 - 0x00007ffdea289000 	C:\WINDOWS\SYSTEM32\dbgcore.DLL
0x00007ffe024d0000 - 0x00007ffe02569000 	C:\WINDOWS\System32\bcryptPrimitives.dll
0x00007ffdea070000 - 0x00007ffdea07e000 	C:\Program Files\Java\jdk-17\bin\instrument.dll
0x00007ffde7000000 - 0x00007ffde7025000 	C:\Program Files\Java\jdk-17\bin\java.dll
0x00007ffdd5bf0000 - 0x00007ffdd5cc7000 	C:\Program Files\Java\jdk-17\bin\jsvml.dll
0x00007ffe04ab0000 - 0x00007ffe051f2000 	C:\WINDOWS\System32\SHELL32.dll
0x00007ffe02c20000 - 0x00007ffe02d94000 	C:\WINDOWS\System32\wintypes.dll
0x00007ffe00090000 - 0x00007ffe008e8000 	C:\WINDOWS\SYSTEM32\windows.storage.dll
0x00007ffe03550000 - 0x00007ffe03641000 	C:\WINDOWS\System32\SHCORE.dll
0x00007ffe032e0000 - 0x00007ffe0334a000 	C:\WINDOWS\System32\shlwapi.dll
0x00007ffe02320000 - 0x00007ffe0234f000 	C:\WINDOWS\SYSTEM32\profapi.dll
0x00007ffde9e00000 - 0x00007ffde9e18000 	C:\Program Files\Java\jdk-17\bin\zip.dll
0x00007ffde95a0000 - 0x00007ffde95b9000 	C:\Program Files\Java\jdk-17\bin\net.dll
0x00007ffdfb170000 - 0x00007ffdfb28e000 	C:\WINDOWS\SYSTEM32\WINHTTP.dll
0x00007ffe01740000 - 0x00007ffe017aa000 	C:\WINDOWS\system32\mswsock.dll
0x00007ffde6fe0000 - 0x00007ffde6ff6000 	C:\Program Files\Java\jdk-17\bin\nio.dll
0x00007ffde9d60000 - 0x00007ffde9d70000 	C:\Program Files\Java\jdk-17\bin\verify.dll
0x00007ffddd790000 - 0x00007ffddd7b7000 	C:\Users\user\.gradle\native\1def1411415f61bf3af743bc5b6707747c0891f09f0c88961ee8f79bc544acac\windows-amd64\native-platform.dll
0x00007ffde0c80000 - 0x00007ffde0cf8000 	C:\Users\user\.gradle\native\0.2.7\x86_64-windows-gnu\gradle-fileevents.dll
0x00007ffde4490000 - 0x00007ffde449a000 	C:\Program Files\Java\jdk-17\bin\management.dll
0x00007ffde3030000 - 0x00007ffde303b000 	C:\Program Files\Java\jdk-17\bin\management_ext.dll
0x00007ffe00c50000 - 0x00007ffe00c83000 	C:\WINDOWS\SYSTEM32\IPHLPAPI.DLL
0x00007ffe03060000 - 0x00007ffe0306a000 	C:\WINDOWS\System32\NSI.dll
0x00007ffdfbe30000 - 0x00007ffdfbe4f000 	C:\WINDOWS\SYSTEM32\dhcpcsvc6.DLL
0x00007ffdfbd90000 - 0x00007ffdfbdb5000 	C:\WINDOWS\SYSTEM32\dhcpcsvc.DLL
0x00007ffe00cf0000 - 0x00007ffe00e17000 	C:\WINDOWS\SYSTEM32\DNSAPI.dll
0x00007ffe019f0000 - 0x00007ffe01a0b000 	C:\WINDOWS\SYSTEM32\CRYPTSP.dll
0x00007ffe01130000 - 0x00007ffe0116a000 	C:\WINDOWS\system32\rsaenh.dll
0x00007ffe017e0000 - 0x00007ffe0180b000 	C:\WINDOWS\SYSTEM32\USERENV.dll
0x00007ffe022f0000 - 0x00007ffe02316000 	C:\WINDOWS\SYSTEM32\bcrypt.dll
0x00007ffe01a10000 - 0x00007ffe01a1c000 	C:\WINDOWS\SYSTEM32\CRYPTBASE.dll
0x00007ffde3020000 - 0x00007ffde302e000 	C:\Program Files\Java\jdk-17\bin\sunmscapi.dll
0x00007ffe02da0000 - 0x00007ffe02f17000 	C:\WINDOWS\System32\CRYPT32.dll
0x00007ffe01c10000 - 0x00007ffe01c40000 	C:\WINDOWS\SYSTEM32\ncrypt.dll
0x00007ffe01bc0000 - 0x00007ffe01bff000 	C:\WINDOWS\SYSTEM32\NTASN1.dll
0x00007ffdd7370000 - 0x00007ffdd7378000 	C:\WINDOWS\system32\wshunix.dll

dbghelp: loaded successfully - version: 4.0.5 - missing functions: none
symbol engine: initialized successfully - sym options: 0x614 - pdb path: .;C:\Program Files\Java\jdk-17\bin;C:\WINDOWS\SYSTEM32;C:\WINDOWS\WinSxS\amd64_microsoft.windows.common-controls_6595b64144ccf1df_6.0.26100.4202_none_3e0698d4e335f517;C:\Program Files\Java\jdk-17\bin\server;C:\Users\user\.gradle\native\1def1411415f61bf3af743bc5b6707747c0891f09f0c88961ee8f79bc544acac\windows-amd64;C:\Users\user\.gradle\native\0.2.7\x86_64-windows-gnu

VM Arguments:
jvm_args: --add-opens=java.base/java.lang=ALL-UNNAMED --add-opens=java.base/java.lang.invoke=ALL-UNNAMED --add-opens=java.base/java.util=ALL-UNNAMED --add-opens=java.prefs/java.util.prefs=ALL-UNNAMED --add-exports=jdk.compiler/com.sun.tools.javac.api=ALL-UNNAMED --add-exports=jdk.compiler/com.sun.tools.javac.util=ALL-UNNAMED --add-opens=java.base/java.util=ALL-UNNAMED --add-opens=java.prefs/java.util.prefs=ALL-UNNAMED --add-opens=java.base/java.nio.charset=ALL-UNNAMED --add-opens=java.base/java.net=ALL-UNNAMED --add-opens=java.base/java.util.concurrent.atomic=ALL-UNNAMED --add-opens=java.xml/javax.xml.namespace=ALL-UNNAMED -XX:MaxMetaspaceSize=384m -XX:+HeapDumpOnOutOfMemoryError -Xms256m -Xmx512m -Dfile.encoding=UTF-8 -Duser.country=KR -Duser.language=ko -Duser.variant -javaagent:C:\Users\user\.gradle\wrapper\dists\gradle-8.13-bin\5xuhj0ry160q40clulazy9h7d\gradle-8.13\lib\agents\gradle-instrumentation-agent-8.13.jar 
java_command: org.gradle.launcher.daemon.bootstrap.GradleDaemon 8.13
java_class_path (initial): C:\Users\user\.gradle\wrapper\dists\gradle-8.13-bin\5xuhj0ry160q40clulazy9h7d\gradle-8.13\lib\gradle-daemon-main-8.13.jar
Launcher Type: SUN_STANDARD

[Global flags]
     intx CICompilerCount                          = 4                                         {product} {ergonomic}
   size_t CompressedClassSpaceSize                 = 335544320                                 {product} {ergonomic}
     uint ConcGCThreads                            = 3                                         {product} {ergonomic}
     uint G1ConcRefinementThreads                  = 10                                        {product} {ergonomic}
   size_t G1HeapRegionSize                         = 1048576                                   {product} {ergonomic}
    uintx GCDrainStackTargetSize                   = 64                                        {product} {ergonomic}
     bool HeapDumpOnOutOfMemoryError               = true                                   {manageable} {command line}
   size_t InitialHeapSize                          = 268435456                                 {product} {command line}
   size_t MarkStackSize                            = 4194304                                   {product} {ergonomic}
   size_t MaxHeapSize                              = 536870912                                 {product} {command line}
   size_t MaxMetaspaceSize                         = 402653184                                 {product} {command line}
   size_t MaxNewSize                               = 321912832                                 {product} {ergonomic}
   size_t MinHeapDeltaBytes                        = 1048576                                   {product} {ergonomic}
   size_t MinHeapSize                              = 268435456                                 {product} {command line}
    uintx NonNMethodCodeHeapSize                   = 5839372                                {pd product} {ergonomic}
    uintx NonProfiledCodeHeapSize                  = 122909434                              {pd product} {ergonomic}
    uintx ProfiledCodeHeapSize                     = 122909434                              {pd product} {ergonomic}
    uintx ReservedCodeCacheSize                    = 251658240                              {pd product} {ergonomic}
     bool SegmentedCodeCache                       = true                                      {product} {ergonomic}
   size_t SoftMaxHeapSize                          = 536870912                              {manageable} {ergonomic}
     bool UseCompressedClassPointers               = true                           {product lp64_product} {ergonomic}
     bool UseCompressedOops                        = true                           {product lp64_product} {ergonomic}
     bool UseG1GC                                  = true                                      {product} {ergonomic}
     bool UseLargePagesIndividualAllocation        = false                                  {pd product} {ergonomic}

Logging:
Log output configuration:
 #0: stdout all=warning uptime,level,tags
 #1: stderr all=off uptime,level,tags

Environment Variables:
JAVA_HOME=C:\Program Files\Java\jdk-17
PATH=C:\Users\user\.cargo\bin;C:\Program Files\Java\jdk-17\bin;C:\Program Files\Java\jdk-21\bin;C:\Program Files\Common Files\Oracle\Java\javapath;C:\WINDOWS\system32;C:\Program Files\MySQL\MySQL Server 8.0\bin;C:\WINDOWS;C:\WINDOWS\System32\Wbem;C:\WINDOWS\System32\WindowsPowerShell\v1.0\;C:\WINDOWS\System32\OpenSSH\;C:\Program Files\Git\cmd;C:\Program Files (x86)\Windows Kits\10\Windows Performance Toolkit\;C:\Users\user\.cargo\bin;C:\Users\user\AppData\Local\Programs\Python\Python313\Scripts\;C:\Users\user\AppData\Local\Programs\Python\Python313\;C:\Program Files\MySQL\MySQL Shell 8.0\bin\;C:\Users\user\AppData\Local\Microsoft\WindowsApps;;C:\Program Files\JetBrains\IntelliJ IDEA 2024.3.5\bin;;C:\Users\user\AppData\Local\Programs\cursor\resources\app\bin;C:\Users\user\AppData\Local\Programs\Microsoft VS Code\bin
USERNAME=user
OS=Windows_NT
PROCESSOR_IDENTIFIER=Intel64 Family 6 Model 186 Stepping 3, GenuineIntel



---------------  S Y S T E M  ---------------

OS:
 Windows 11 , 64 bit Build 26100 (10.0.26100.4202)
OS uptime: 1 days 7:28 hours

CPU: total 12 (initial active 12) (12 cores per cpu, 1 threads per core) family 6 model 186 stepping 3 microcode 0x410e, cx8, cmov, fxsr, mmx, 3dnowpref, sse, sse2, sse3, ssse3, sse4.1, sse4.2, popcnt, lzcnt, tsc, tscinvbit, avx, avx2, aes, erms, clmul, bmi1, bmi2, adx, sha, fma, vzeroupper, clflush, clflushopt, clwb

Memory: 4k page, system-wide physical 16122M (2378M free)
TotalPageFile size 19122M (AvailPageFile size 44M)
current process WorkingSet (physical memory assigned to process): 406M, peak: 406M
current process commit charge ("private bytes"): 516M, peak: 517M

vm_info: Java HotSpot(TM) 64-Bit Server VM (17.0.12+8-LTS-286) for windows-amd64 JRE (17.0.12+8-LTS-286), built on Jun  5 2024 06:46:59 by "mach5one" with MS VC++ 17.6 (VS2022)

END.
