2025-05-26 14:14:37,186 [INFO] 현재 실행 중인 파일 경로: C:\DBE_Final_Project\python\predictEmotion\main.py
2025-05-26 14:14:46,119 [WARNING] Oh! You have mecab in your environment. Kss will take this as a backend! :D

2025-05-26 14:14:47,736 [INFO] [PREDICT] sentence="딸 너는 아느냐? 부모의 사랑을?  경상도 사람인 엄마 아빠는 남들보다 더 강한 자식사랑을 갖고 있어도 그 표현을 잘 못해 생전에 너에게 너무 너무 전달하지 못한게 한이 되어  이렇게라도 우리 딸 한테 전달하고 싶구나. 엄마도 나도 말은 안해도 속으로는 내자식 소중함이 누구보다 강했다고 확신한다. 그래서 겉으로는 엄하게 강하게 키웠고 하지만 너는 그걸 알았는지? 모르겠다. 엄마 아빠는 너와의 아름다운추억으로 눈물이 마르지않는구나!  마산 구암동 셋방에서 너를 안고 너를 쳐다보며 기쁘고 자랑스러워 하는 엄마와 너의사진, 아빠 한달 월급을 넣어서 사준 명품 코트입은 너의 모습을 보면서 아빠는 혼자서 웃었지. 100년 역사의 대자유치원에 입학시켜 추산동에서 구암동까지 너하나 데리려 오던 일, 서울로 오자마자 뒤떨어지지 않고 늘 톱크라스로 달리면서 너무 많은 상장을 부모에게 주었지! 너무 많은 이쁜 추억을 주었는데 부모는 칭찬한마디와 웃고만 그쳤지.  그러나 엄마 아빠는 너무 기뻐서 속으론 주체를 못할정도 였단다. 그게 무슨 소용있나? 그때 그때  너를 사랑한다. 예쁘다, 잘했다하고 많은 표현이 없었는걸.... 미안하다. 참 미안하다. 멀지 않아 우리도 너의 곁에 가겠지? 하지만 너는 극락에 있던지 훌륭한 가정에 태어나서 사랑받고 살고 있겠지? 나의 소중했던 딸 아신아, 엄마 아빠는 정말 너무 너무 너를 사랑했단다. 너도 엄마 아빠 사랑했지?  부모의 사랑은 끝이 없단다.  잘 지내거라. 월요일날 구룡사에서 만나자꾸나." | label=0 | confidence=0.4188
2025-05-26 14:14:47,738 [INFO] [DETAIL-1] sentence="딸 너는 아느냐?" | label=1 | confidence=0.9842
2025-05-26 14:14:47,738 [INFO] [DETAIL-2] sentence="부모의 사랑을?" | label=1 | confidence=0.7234
2025-05-26 14:14:47,738 [INFO] [DETAIL-3] sentence="경상도 사람인 엄마 아빠는 남들보다 더 강한 자식사랑을 갖고 있어도 그 표현을 잘 못해 생전에 너에게 너무 너무 전달하지 못한게 한이 되어  이렇게라도 우리 딸 한테 전달하고 싶구나." | label=0 | confidence=0.1406
2025-05-26 14:14:47,739 [INFO] [DETAIL-4] sentence="엄마도 나도 말은 안해도 속으로는 내자식 소중함이 누구보다 강했다고 확신한다." | label=0 | confidence=0.1678
2025-05-26 14:14:47,739 [INFO] [DETAIL-5] sentence="그래서 겉으로는 엄하게 강하게 키웠고 하지만 너는 그걸 알았는지?" | label=1 | confidence=0.9872
2025-05-26 14:14:47,739 [INFO] [DETAIL-6] sentence="모르겠다." | label=1 | confidence=0.9618
2025-05-26 14:14:47,739 [INFO] [DETAIL-7] sentence="엄마 아빠는 너와의 아름다운추억으로 눈물이 마르지않는구나!" | label=0 | confidence=0.0335
2025-05-26 14:14:47,740 [INFO] [DETAIL-8] sentence="마산 구암동 셋방에서 너를 안고 너를 쳐다보며 기쁘고 자랑스러워 하는 엄마와 너의사진, 아빠 한달 월급을 넣어서 사준 명품 코트입은 너의 모습을 보면서 아빠는 혼자서 웃었지." | label=0 | confidence=0.1058
2025-05-26 14:14:47,740 [INFO] [DETAIL-9] sentence="100년 역사의 대자유치원에 입학시켜 추산동에서 구암동까지 너하나 데리려 오던 일, 서울로 오자마자 뒤떨어지지 않고 늘 톱크라스로 달리면서 너무 많은 상장을 부모에게 주었지!" | label=0 | confidence=0.4469
2025-05-26 14:14:47,740 [INFO] [DETAIL-10] sentence="너무 많은 이쁜 추억을 주었는데 부모는 칭찬한마디와 웃고만 그쳤지." | label=0 | confidence=0.2106
2025-05-26 14:14:47,740 [INFO] [DETAIL-11] sentence="그러나 엄마 아빠는 너무 기뻐서 속으론 주체를 못할정도 였단다." | label=0 | confidence=0.1718
2025-05-26 14:14:47,740 [INFO] [DETAIL-12] sentence="그게 무슨 소용있나?" | label=1 | confidence=0.9831
2025-05-26 14:14:47,741 [INFO] [DETAIL-13] sentence="그때 그때  너를 사랑한다." | label=0 | confidence=0.0309
2025-05-26 14:14:47,741 [INFO] [DETAIL-14] sentence="예쁘다, 잘했다하고 많은 표현이 없었는걸...." | label=0 | confidence=0.5100
2025-05-26 14:14:47,741 [INFO] [DETAIL-15] sentence="미안하다." | label=0 | confidence=0.0755
2025-05-26 14:14:47,741 [INFO] [DETAIL-16] sentence="참 미안하다." | label=0 | confidence=0.2136
2025-05-26 14:14:47,741 [INFO] [DETAIL-17] sentence="멀지 않아 우리도 너의 곁에 가겠지?" | label=1 | confidence=0.8452
2025-05-26 14:14:47,742 [INFO] [DETAIL-18] sentence="하지만 너는 극락에 있던지 훌륭한 가정에 태어나서 사랑받고 살고 있겠지?" | label=0 | confidence=0.6255
2025-05-26 14:14:47,742 [INFO] [DETAIL-19] sentence="나의 소중했던 딸 아신아, 엄마 아빠는 정말 너무 너무 너를 사랑했단다." | label=0 | confidence=0.0290
2025-05-26 14:14:47,742 [INFO] [DETAIL-20] sentence="너도 엄마 아빠 사랑했지?" | label=0 | confidence=0.6780
2025-05-26 14:14:47,742 [INFO] [DETAIL-21] sentence="부모의 사랑은 끝이 없단다." | label=0 | confidence=0.2192
2025-05-26 14:14:47,742 [INFO] [DETAIL-22] sentence="잘 지내거라." | label=0 | confidence=0.1116
2025-05-26 14:14:47,742 [INFO] [DETAIL-23] sentence="월요일날 구룡사에서 만나자꾸나." | label=0 | confidence=0.3776
2025-05-26 17:29:20,800 [INFO] [PREDICT] sentence="2016년 서울에서 4번의 심장 시술을 받았지만 상태는 호전되지 않았습니다. 심장이식은 누군가가 기증을 해야만 가능한 것이어서 쉽지 않았습니다. 수소문 끝에 사는 곳에서 가까운 병원에서 유능하고 최선을 다해주시는 의료진을 만나 혼신의 치료를 받았지만, 심장은 점점 나빠져 갔습니다. 그러다 기적같이 뇌사자로부터 심장이식을 받을 수 있게 되었고, 수술도 잘 되어 회복도 빨리 되었습니다. 이렇게 건강하게 잘 지낼 수 있는 것은 다 저에게 기증을 해주신 기증자와 기증자 유가족의 어려운 결심, 그리고 수술해주신 교수님 덕분인 것 같습니다.    수술을 한 지 45일이 되었을 때 마음대로 운동도 하고 정상적인 회복이 이루어졌습니다. 숨이 차지 않았고 몸과 마음이 날아갈 것 같았습니다. 기증자께서는 이미 하늘나라에 계시겠지요? 그 분의 가족이 이 글을 보실 수 있을지, 또 어느 좋은 분이 저에게 이런 선물을 주셨는지 저는 알 길이 없습니다. 하지만 늘 마음속으로 기증자께 감사하는 마음으로 살겠습니다. 제 생명을 구해주신 은혜 잊지 않겠습니다. 어디서든 기증자 가족을 만나면 마치 제가 그 분들께 생명을 선물 받은 것처럼 감사를 드리고 싶습니다. 이름도 알 수 없는 얼굴 없는 기증자님. 그리고 그 가족 분들께 진심을 담아 몇 자 적어봅니다. 감사합니다. 아름다운 선물   장기를 기증해주신 기증자 그리고 가족 분들 감사합니다.  하늘에서 내려준 축복 중에 가장 큰 축복이 심장이식이라 했습니다. 심장이식 수술을 받고 건강한 삶을 되찾게 해준 기증자 가족들에게 말로 표현할 수 없는 고마움을 전하고 싶습니다. 저는 기증자의 뜻을 가슴 깊이 새기며 건강하게 살겠습니다. 감사합니다.  2016년 신장 이식 수혜자 이명수" | label=0 | confidence=0.1558
2025-05-26 17:29:20,816 [INFO] [DETAIL-1] sentence="2016년 서울에서 4번의 심장 시술을 받았지만 상태는 호전되지 않았습니다." | label=0 | confidence=0.4871
2025-05-26 17:29:20,816 [INFO] [DETAIL-2] sentence="심장이식은 누군가가 기증을 해야만 가능한 것이어서 쉽지 않았습니다." | label=0 | confidence=0.5472
2025-05-26 17:29:20,816 [INFO] [DETAIL-3] sentence="수소문 끝에 사는 곳에서 가까운 병원에서 유능하고 최선을 다해주시는 의료진을 만나 혼신의 치료를 받았지만, 심장은 점점 나빠져 갔습니다." | label=0 | confidence=0.1064
2025-05-26 17:29:20,816 [INFO] [DETAIL-4] sentence="그러다 기적같이 뇌사자로부터 심장이식을 받을 수 있게 되었고, 수술도 잘 되어 회복도 빨리 되었습니다." | label=0 | confidence=0.0460
2025-05-26 17:29:20,816 [INFO] [DETAIL-5] sentence="이렇게 건강하게 잘 지낼 수 있는 것은 다 저에게 기증을 해주신 기증자와 기증자 유가족의 어려운 결심, 그리고 수술해주신 교수님 덕분인 것 같습니다.  " | label=0 | confidence=0.0297
2025-05-26 17:29:20,816 [INFO] [DETAIL-6] sentence="수술을 한 지 45일이 되었을 때 마음대로 운동도 하고 정상적인 회복이 이루어졌습니다." | label=0 | confidence=0.1738
2025-05-26 17:29:20,816 [INFO] [DETAIL-7] sentence="숨이 차지 않았고 몸과 마음이 날아갈 것 같았습니다." | label=0 | confidence=0.1510
2025-05-26 17:29:20,816 [INFO] [DETAIL-8] sentence="기증자께서는 이미 하늘나라에 계시겠지요?" | label=0 | confidence=0.5860
2025-05-26 17:29:20,816 [INFO] [DETAIL-9] sentence="그 분의 가족이 이 글을 보실 수 있을지, 또 어느 좋은 분이 저에게 이런 선물을 주셨는지 저는 알 길이 없습니다." | label=0 | confidence=0.0782
2025-05-26 17:29:20,816 [INFO] [DETAIL-10] sentence="하지만 늘 마음속으로 기증자께 감사하는 마음으로 살겠습니다." | label=0 | confidence=0.0296
2025-05-26 17:29:20,816 [INFO] [DETAIL-11] sentence="제 생명을 구해주신 은혜 잊지 않겠습니다." | label=0 | confidence=0.0325
2025-05-26 17:29:20,816 [INFO] [DETAIL-12] sentence="어디서든 기증자 가족을 만나면 마치 제가 그 분들께 생명을 선물 받은 것처럼 감사를 드리고 싶습니다." | label=0 | confidence=0.0291
2025-05-26 17:29:20,816 [INFO] [DETAIL-13] sentence="이름도 알 수 없는 얼굴 없는 기증자님." | label=0 | confidence=0.5853
2025-05-26 17:29:20,816 [INFO] [DETAIL-14] sentence="그리고 그 가족 분들께 진심을 담아 몇 자 적어봅니다." | label=0 | confidence=0.0645
2025-05-26 17:29:20,816 [INFO] [DETAIL-15] sentence="감사합니다." | label=0 | confidence=0.0303
2025-05-26 17:29:20,816 [INFO] [DETAIL-16] sentence="아름다운 선물   장기를 기증해주신 기증자 그리고 가족 분들 감사합니다." | label=0 | confidence=0.0292
2025-05-26 17:29:20,816 [INFO] [DETAIL-17] sentence="하늘에서 내려준 축복 중에 가장 큰 축복이 심장이식이라 했습니다." | label=0 | confidence=0.0299
2025-05-26 17:29:20,816 [INFO] [DETAIL-18] sentence="심장이식 수술을 받고 건강한 삶을 되찾게 해준 기증자 가족들에게 말로 표현할 수 없는 고마움을 전하고 싶습니다." | label=0 | confidence=0.0294
2025-05-26 17:29:20,816 [INFO] [DETAIL-19] sentence="저는 기증자의 뜻을 가슴 깊이 새기며 건강하게 살겠습니다." | label=0 | confidence=0.0291
2025-05-26 17:29:20,816 [INFO] [DETAIL-20] sentence="감사합니다." | label=0 | confidence=0.0303
2025-05-26 17:29:20,816 [INFO] [DETAIL-21] sentence="2016년 신장 이식 수혜자 이명수" | label=0 | confidence=0.1464
2025-05-26 17:37:55,769 [INFO] [PREDICT] sentence="5월이 다시 돌아왔고, 모두가 널 그리워하며 슬퍼하는 가운데, 나는 조금 다른 감정으로 이 시간을 지나고 있어. 솔직히 말하면 너의 갑작스러운 선택이 아직도 이해되지 않아. 나 하나 살자고 모든 걸 내려놓은 네 결정을 받아들이는 게 쉽지 않더라. 모두는 너를 아름답게 기억하지만, 난 네가 남긴 혼란과 빈자리로 아직도 하루하루 버티고 있어. 기증이라는 명분 아래에서 너의 부재가 미화되는 것 같아 억울하기도 해. 한 번이라도 가족들과 진심으로 대화를 나눴더라면, 이런 선택을 막을 수 있지 않았을까. 그 꿈에 나온 네 얼굴조차 왜인지 불편하게 다가오더라. 천국에서는 잘 지내고 있다지만, 남겨진 우리 삶은 그렇게 간단하지가 않아. 이건 누군가에겐 생명이지만, 누군가에겐 죄책감으로 남는 현실이야." | label=1 | confidence=0.6582
2025-05-26 17:37:55,769 [INFO] [DETAIL-1] sentence="5월이 다시 돌아왔고, 모두가 널 그리워하며 슬퍼하는 가운데, 나는 조금 다른 감정으로 이 시간을 지나고 있어." | label=0 | confidence=0.0383
2025-05-26 17:37:55,769 [INFO] [DETAIL-2] sentence="솔직히 말하면 너의 갑작스러운 선택이 아직도 이해되지 않아." | label=1 | confidence=0.9414
2025-05-26 17:37:55,769 [INFO] [DETAIL-3] sentence="나 하나 살자고 모든 걸 내려놓은 네 결정을 받아들이는 게 쉽지 않더라." | label=1 | confidence=0.9471
2025-05-26 17:37:55,784 [INFO] [DETAIL-4] sentence="모두는 너를 아름답게 기억하지만, 난 네가 남긴 혼란과 빈자리로 아직도 하루하루 버티고 있어." | label=0 | confidence=0.0727
2025-05-26 17:37:55,784 [INFO] [DETAIL-5] sentence="기증이라는 명분 아래에서 너의 부재가 미화되는 것 같아 억울하기도 해." | label=1 | confidence=0.9374
2025-05-26 17:37:55,784 [INFO] [DETAIL-6] sentence="한 번이라도 가족들과 진심으로 대화를 나눴더라면, 이런 선택을 막을 수 있지 않았을까." | label=0 | confidence=0.5699
2025-05-26 17:37:55,785 [INFO] [DETAIL-7] sentence="그 꿈에 나온 네 얼굴조차 왜인지 불편하게 다가오더라." | label=1 | confidence=0.9460
2025-05-26 17:37:55,785 [INFO] [DETAIL-8] sentence="천국에서는 잘 지내고 있다지만, 남겨진 우리 삶은 그렇게 간단하지가 않아." | label=1 | confidence=0.7294
2025-05-26 17:37:55,786 [INFO] [DETAIL-9] sentence="이건 누군가에겐 생명이지만, 누군가에겐 죄책감으로 남는 현실이야." | label=1 | confidence=0.7412
2025-05-26 17:44:36,779 [INFO] [PREDICT] sentence="5월이 다시 돌아왔고, 모두가 널 그리워하며 슬퍼하는 가운데, 나는 조금 다른 감정으로 이 시간을 지나고 있어. 솔직히 말하면 너의 갑작스러운 선택이 아직도 이해되지 않아. 나 하나 살자고 모든 걸 내려놓은 네 결정을 받아들이는 게 쉽지 않더라. 모두는 너를 아름답게 기억하지만, 난 네가 남긴 혼란과 빈자리로 아직도 하루하루 버티고 있어. 기증이라는 명분 아래에서 너의 부재가 미화되는 것 같아 억울하기도 해. 한 번이라도 가족들과 진심으로 대화를 나눴더라면, 이런 선택을 막을 수 있지 않았을까. 그 꿈에 나온 네 얼굴조차 왜인지 불편하게 다가오더라. 천국에서는 잘 지내고 있다지만, 남겨진 우리 삶은 그렇게 간단하지가 않아. 이건 누군가에겐 생명이지만, 누군가에겐 죄책감으로 남는 현실이야." | label=1 | confidence=0.6582
2025-05-26 17:44:36,780 [INFO] [DETAIL-1] sentence="5월이 다시 돌아왔고, 모두가 널 그리워하며 슬퍼하는 가운데, 나는 조금 다른 감정으로 이 시간을 지나고 있어." | label=0 | confidence=0.0383
2025-05-26 17:44:36,780 [INFO] [DETAIL-2] sentence="솔직히 말하면 너의 갑작스러운 선택이 아직도 이해되지 않아." | label=1 | confidence=0.9414
2025-05-26 17:44:36,780 [INFO] [DETAIL-3] sentence="나 하나 살자고 모든 걸 내려놓은 네 결정을 받아들이는 게 쉽지 않더라." | label=1 | confidence=0.9471
2025-05-26 17:44:36,781 [INFO] [DETAIL-4] sentence="모두는 너를 아름답게 기억하지만, 난 네가 남긴 혼란과 빈자리로 아직도 하루하루 버티고 있어." | label=0 | confidence=0.0727
2025-05-26 17:44:36,781 [INFO] [DETAIL-5] sentence="기증이라는 명분 아래에서 너의 부재가 미화되는 것 같아 억울하기도 해." | label=1 | confidence=0.9374
2025-05-26 17:44:36,782 [INFO] [DETAIL-6] sentence="한 번이라도 가족들과 진심으로 대화를 나눴더라면, 이런 선택을 막을 수 있지 않았을까." | label=0 | confidence=0.5699
2025-05-26 17:44:36,782 [INFO] [DETAIL-7] sentence="그 꿈에 나온 네 얼굴조차 왜인지 불편하게 다가오더라." | label=1 | confidence=0.9460
2025-05-26 17:44:36,782 [INFO] [DETAIL-8] sentence="천국에서는 잘 지내고 있다지만, 남겨진 우리 삶은 그렇게 간단하지가 않아." | label=1 | confidence=0.7294
2025-05-26 17:44:36,783 [INFO] [DETAIL-9] sentence="이건 누군가에겐 생명이지만, 누군가에겐 죄책감으로 남는 현실이야." | label=1 | confidence=0.7412
2025-05-26 17:45:51,025 [INFO] [PREDICT] sentence="5월이 다시 돌아왔고, 모두가 널 그리워하며 슬퍼하는 가운데, 나는 조금 다른 감정으로 이 시간을 지나고 있어. 솔직히 말하면 너의 갑작스러운 선택이 아직도 이해되지 않아. 나 하나 살자고 모든 걸 내려놓은 네 결정을 받아들이는 게 쉽지 않더라. 모두는 너를 아름답게 기억하지만, 난 네가 남긴 혼란과 빈자리로 아직도 하루하루 버티고 있어. 기증이라는 명분 아래에서 너의 부재가 미화되는 것 같아 억울하기도 해. 한 번이라도 가족들과 진심으로 대화를 나눴더라면, 이런 선택을 막을 수 있지 않았을까. 그 꿈에 나온 네 얼굴조차 왜인지 불편하게 다가오더라. 천국에서는 잘 지내고 있다지만, 남겨진 우리 삶은 그렇게 간단하지가 않아. 이건 누군가에겐 생명이지만, 누군가에겐 죄책감으로 남는 현실이야." | label=1 | confidence=0.6582
2025-05-26 17:45:51,025 [INFO] [DETAIL-1] sentence="5월이 다시 돌아왔고, 모두가 널 그리워하며 슬퍼하는 가운데, 나는 조금 다른 감정으로 이 시간을 지나고 있어." | label=0 | confidence=0.0383
2025-05-26 17:45:51,025 [INFO] [DETAIL-2] sentence="솔직히 말하면 너의 갑작스러운 선택이 아직도 이해되지 않아." | label=1 | confidence=0.9414
2025-05-26 17:45:51,040 [INFO] [DETAIL-3] sentence="나 하나 살자고 모든 걸 내려놓은 네 결정을 받아들이는 게 쉽지 않더라." | label=1 | confidence=0.9471
2025-05-26 17:45:51,040 [INFO] [DETAIL-4] sentence="모두는 너를 아름답게 기억하지만, 난 네가 남긴 혼란과 빈자리로 아직도 하루하루 버티고 있어." | label=0 | confidence=0.0727
2025-05-26 17:45:51,042 [INFO] [DETAIL-5] sentence="기증이라는 명분 아래에서 너의 부재가 미화되는 것 같아 억울하기도 해." | label=1 | confidence=0.9374
2025-05-26 17:45:51,042 [INFO] [DETAIL-6] sentence="한 번이라도 가족들과 진심으로 대화를 나눴더라면, 이런 선택을 막을 수 있지 않았을까." | label=0 | confidence=0.5699
2025-05-26 17:45:51,042 [INFO] [DETAIL-7] sentence="그 꿈에 나온 네 얼굴조차 왜인지 불편하게 다가오더라." | label=1 | confidence=0.9460
2025-05-26 17:45:51,042 [INFO] [DETAIL-8] sentence="천국에서는 잘 지내고 있다지만, 남겨진 우리 삶은 그렇게 간단하지가 않아." | label=1 | confidence=0.7294
2025-05-26 17:45:51,042 [INFO] [DETAIL-9] sentence="이건 누군가에겐 생명이지만, 누군가에겐 죄책감으로 남는 현실이야." | label=1 | confidence=0.7412
2025-05-26 18:14:07,725 [INFO] [PREDICT] sentence="세월은 흐르고 있구나 붙잡을수 없이 빠르게 시간은 흐르고 있다.  네가 집을 떠나 다시는 이방에 못돌아온지 벌써 18개월이네 오늘이 꼭 18개월이란다.  그동안 난 무엇을 하며 어떻게 살아왔는지 자신을 돌아볼 겨를도 없이 시간이 흘러가고 있단다.  이 종훈 어떻게들 지내고 있을까?  너의 분신들 모두가 행복한 삶을 살고 있으면 참 좋겠다.    엄마는 요즘 입버릇처럼 행복 하라고... 행복하게 살라고...  이세상 모든 사람들에게 주문아닌 주문을 걸고 있단다.  친구에게나 만나는 사람들에게나 전화거는 모든 사람들에게 그렇게 얘기하며 살고 있단다.  너를 보내며 많은것을 깨닫게 되었고  벼랑끝에 가보기도 했던 지난 세월이 이젠 긍정으로 마음을 바꾸니  그래도 난 행복 하다고 누구에게나 얘기할수 있단다.    너를 살려서 좋고 이세상에 좀더 머물게 해주고,  누군가에게 희망을 주고 떠난너를 그리며  너의 짦은 삶이 헛되지 않음을 느끼게 해주어 너무 고맙다 내 아들...  어젯밤 조용히 내리는 빗소리에 섞여  네 발자욱 소리가 들리는듯 해서 잠을깨어 한참 우두커니 앉아 있다가  네가 올수없음에 허망해 하며 날밤을 새우고  하루종일 무엇에 쫓기듯 허둥대다가 네앞에 앉아 이 글을 쓴다.    보고싶다 정말 보고 싶다.  아직도 엄마의 머릿속엔 말없이 숨쉬던 네 모습만 가득한데  행여라도 그모습조차 기억나지않을까 두려울때도 있단다.  누군가 그렇게 얘기 했지 신이 인간에게 준 가장 큰 축복은 망각이라고...  때론 너를 가끔은 잊고 있을때도 있는걸 느끼며 조금은 미안하고 그러네 우리아들에게...  하지만 너를 어찌 잊겠니? 아침마다 너에게 인사하며 살고있는 엄마를 너는 천상에서 보고 있겠지?  더러는 잊어도 또 더러는 깔깔대며 웃어도 엄마를 용서해주렴!    그리운 내아들 그립다고 이렇게 글만쓰는건 아니야,  너를 향한 하트도 보내고 너에게 수다도 떨고  너는 듣는지 모르지만 엄마는 끊임없이 너와 대화를 나누고 있단다.    엄마의 마음이 네게 전해지길 바라면서  너를 기억하는 모든 사람들이 다 행복해질수 있기를 바라며  가슴아픈 사연 가진 사람들 조금이라도 위로할수 있기를 바라며  내가 베풀수 있는일이 많기를 소망하며 하루하루 그렇게 살고 있단다.    머물지도 않고 흘러가는 세월을 어쩔수 없기에 그냥 그렇게 사노라고 얘기하긴 싫단다.  시간은 참 거침없이 흐르고 있구나  네가 떠난 그모습 그대로 이 방은 그렇게 있는데  주인이 없어도 그 모습은 변하지 않은채 있는데 방을 나간 주인은 돌아오지 못하다니...  가슴가득 너를 품고 오늘을 보내련다 사랑하는 내 아들 미안해 지켜주지 못해서..  고맙다 좋은일을 하고 떠나서 그리고 정말 많이 사랑한다 이종훈 많이 그립다 보고 싶다 또 쓸께 안녕..." | label=0 | confidence=0.4087
2025-05-26 18:14:07,725 [INFO] [DETAIL-1] sentence="세월은 흐르고 있구나" | label=0 | confidence=0.3948
2025-05-26 18:14:07,725 [INFO] [DETAIL-2] sentence="붙잡을수 없이 빠르게 시간은 흐르고 있다." | label=1 | confidence=0.8272
2025-05-26 18:14:07,725 [INFO] [DETAIL-3] sentence="네가 집을 떠나 다시는 이방에 못돌아온지 벌써 18개월이네 오늘이 꼭 18개월이란다." | label=0 | confidence=0.4941
2025-05-26 18:14:07,725 [INFO] [DETAIL-4] sentence="그동안 난 무엇을 하며 어떻게 살아왔는지 자신을 돌아볼 겨를도 없이 시간이 흘러가고 있단다." | label=1 | confidence=0.8431
2025-05-26 18:14:07,725 [INFO] [DETAIL-5] sentence="이 종훈 어떻게들 지내고 있을까?" | label=0 | confidence=0.5912
2025-05-26 18:14:07,725 [INFO] [DETAIL-6] sentence="너의 분신들 모두가 행복한 삶을 살고 있으면 참 좋겠다.   " | label=0 | confidence=0.0512
2025-05-26 18:14:07,725 [INFO] [DETAIL-7] sentence="엄마는 요즘 입버릇처럼 행복 하라고..." | label=0 | confidence=0.5105
2025-05-26 18:14:07,725 [INFO] [DETAIL-8] sentence="행복하게 살라고..." | label=0 | confidence=0.6331
2025-05-26 18:14:07,725 [INFO] [DETAIL-9] sentence="이세상 모든 사람들에게 주문아닌 주문을 걸고 있단다." | label=1 | confidence=0.9876
2025-05-26 18:14:07,725 [INFO] [DETAIL-10] sentence="친구에게나 만나는 사람들에게나 전화거는 모든 사람들에게 그렇게 얘기하며 살고 있단다." | label=1 | confidence=0.9680
2025-05-26 18:14:07,725 [INFO] [DETAIL-11] sentence="너를 보내며 많은것을 깨닫게 되었고  벼랑끝에 가보기도 했던 지난 세월이 이젠 긍정으로 마음을 바꾸니  그래도 난 행복 하다고 누구에게나 얘기할수 있단다.   " | label=0 | confidence=0.0651
2025-05-26 18:14:07,725 [INFO] [DETAIL-12] sentence="너를 살려서 좋고 이세상에 좀더 머물게 해주고,  누군가에게 희망을 주고 떠난너를 그리며  너의 짦은 삶이 헛되지 않음을 느끼게 해주어 너무 고맙다" | label=0 | confidence=0.0297
2025-05-26 18:14:07,725 [INFO] [DETAIL-13] sentence="내 아들..." | label=0 | confidence=0.4590
2025-05-26 18:14:07,725 [INFO] [DETAIL-14] sentence="어젯밤 조용히 내리는 빗소리에 섞여  네 발자욱 소리가 들리는듯 해서 잠을깨어 한참 우두커니 앉아 있다가  네가 올수없음에 허망해 하며 날밤을 새우고  하루종일 무엇에 쫓기듯 허둥대다가 네앞에 앉아 이 글을 쓴다.   " | label=0 | confidence=0.2455
2025-05-26 18:14:07,725 [INFO] [DETAIL-15] sentence="보고싶다" | label=0 | confidence=0.0321
2025-05-26 18:14:07,725 [INFO] [DETAIL-16] sentence="정말 보고 싶다." | label=0 | confidence=0.0303
2025-05-26 18:14:07,741 [INFO] [DETAIL-17] sentence="아직도 엄마의 머릿속엔 말없이 숨쉬던 네 모습만 가득한데  행여라도 그모습조차 기억나지않을까 두려울때도 있단다." | label=0 | confidence=0.0503
2025-05-26 18:14:07,741 [INFO] [DETAIL-18] sentence="누군가 그렇게 얘기 했지 신이 인간에게 준 가장 큰 축복은 망각이라고..." | label=0 | confidence=0.6574
2025-05-26 18:14:07,741 [INFO] [DETAIL-19] sentence="때론 너를 가끔은 잊고 있을때도 있는걸 느끼며 조금은 미안하고 그러네" | label=0 | confidence=0.1149
2025-05-26 18:14:07,741 [INFO] [DETAIL-20] sentence="우리아들에게...  하지만 너를 어찌 잊겠니?" | label=1 | confidence=0.9362
2025-05-26 18:14:07,741 [INFO] [DETAIL-21] sentence="아침마다 너에게 인사하며 살고있는 엄마를 너는 천상에서 보고 있겠지?" | label=0 | confidence=0.5178
2025-05-26 18:14:07,741 [INFO] [DETAIL-22] sentence="더러는 잊어도 또 더러는 깔깔대며 웃어도 엄마를 용서해주렴!   " | label=0 | confidence=0.4107
2025-05-26 18:14:07,741 [INFO] [DETAIL-23] sentence="그리운 내아들 그립다고 이렇게 글만쓰는건 아니야,  너를 향한 하트도 보내고 너에게 수다도 떨고  너는 듣는지 모르지만 엄마는 끊임없이 너와 대화를 나누고 있단다.   " | label=0 | confidence=0.2351
2025-05-26 18:14:07,741 [INFO] [DETAIL-24] sentence="엄마의 마음이 네게 전해지길 바라면서  너를 기억하는 모든 사람들이 다 행복해질수 있기를 바라며  가슴아픈 사연 가진 사람들 조금이라도 위로할수 있기를 바라며  내가 베풀수 있는일이 많기를 소망하며 하루하루 그렇게 살고 있단다.   " | label=0 | confidence=0.0298
2025-05-26 18:14:07,741 [INFO] [DETAIL-25] sentence="머물지도 않고 흘러가는 세월을 어쩔수 없기에 그냥 그렇게 사노라고 얘기하긴 싫단다." | label=1 | confidence=0.9897
2025-05-26 18:14:07,741 [INFO] [DETAIL-26] sentence="시간은 참 거침없이 흐르고 있구나" | label=0 | confidence=0.2398
2025-05-26 18:14:07,741 [INFO] [DETAIL-27] sentence="네가 떠난 그모습 그대로 이 방은 그렇게 있는데  주인이 없어도 그 모습은 변하지 않은채 있는데 방을 나간 주인은 돌아오지 못하다니..." | label=1 | confidence=0.8881
2025-05-26 18:14:07,741 [INFO] [DETAIL-28] sentence="가슴가득 너를 품고 오늘을 보내련다 사랑하는 내 아들 미안해 지켜주지 못해서.." | label=0 | confidence=0.0465
2025-05-26 18:14:07,741 [INFO] [DETAIL-29] sentence="고맙다 좋은일을 하고 떠나서 그리고 정말 많이 사랑한다 이종훈 많이 그립다 보고 싶다" | label=0 | confidence=0.0291
2025-05-26 18:14:07,741 [INFO] [DETAIL-30] sentence="또 쓸께" | label=0 | confidence=0.2540
2025-05-26 18:14:07,741 [INFO] [DETAIL-31] sentence="안녕..." | label=0 | confidence=0.1085
2025-05-26 18:14:41,339 [INFO] [PREDICT] sentence="5월이 다시 돌아왔고, 모두가 널 그리워하며 슬퍼하는 가운데, 나는 조금 다른 감정으로 이 시간을 지나고 있어. 솔직히 말하면 너의 갑작스러운 선택이 아직도 이해되지 않아. 나 하나 살자고 모든 걸 내려놓은 네 결정을 받아들이는 게 쉽지 않더라. 모두는 너를 아름답게 기억하지만, 난 네가 남긴 혼란과 빈자리로 아직도 하루하루 버티고 있어. 기증이라는 명분 아래에서 너의 부재가 미화되는 것 같아 억울하기도 해. 한 번이라도 가족들과 진심으로 대화를 나눴더라면, 이런 선택을 막을 수 있지 않았을까. 그 꿈에 나온 네 얼굴조차 왜인지 불편하게 다가오더라. 천국에서는 잘 지내고 있다지만, 남겨진 우리 삶은 그렇게 간단하지가 않아. 이건 누군가에겐 생명이지만, 누군가에겐 죄책감으로 남는 현실이야." | label=1 | confidence=0.6582
2025-05-26 18:14:41,339 [INFO] [DETAIL-1] sentence="5월이 다시 돌아왔고, 모두가 널 그리워하며 슬퍼하는 가운데, 나는 조금 다른 감정으로 이 시간을 지나고 있어." | label=0 | confidence=0.0383
2025-05-26 18:14:41,339 [INFO] [DETAIL-2] sentence="솔직히 말하면 너의 갑작스러운 선택이 아직도 이해되지 않아." | label=1 | confidence=0.9414
2025-05-26 18:14:41,339 [INFO] [DETAIL-3] sentence="나 하나 살자고 모든 걸 내려놓은 네 결정을 받아들이는 게 쉽지 않더라." | label=1 | confidence=0.9471
2025-05-26 18:14:41,339 [INFO] [DETAIL-4] sentence="모두는 너를 아름답게 기억하지만, 난 네가 남긴 혼란과 빈자리로 아직도 하루하루 버티고 있어." | label=0 | confidence=0.0727
2025-05-26 18:14:41,339 [INFO] [DETAIL-5] sentence="기증이라는 명분 아래에서 너의 부재가 미화되는 것 같아 억울하기도 해." | label=1 | confidence=0.9374
2025-05-26 18:14:41,339 [INFO] [DETAIL-6] sentence="한 번이라도 가족들과 진심으로 대화를 나눴더라면, 이런 선택을 막을 수 있지 않았을까." | label=0 | confidence=0.5699
2025-05-26 18:14:41,339 [INFO] [DETAIL-7] sentence="그 꿈에 나온 네 얼굴조차 왜인지 불편하게 다가오더라." | label=1 | confidence=0.9460
2025-05-26 18:14:41,339 [INFO] [DETAIL-8] sentence="천국에서는 잘 지내고 있다지만, 남겨진 우리 삶은 그렇게 간단하지가 않아." | label=1 | confidence=0.7294
2025-05-26 18:14:41,339 [INFO] [DETAIL-9] sentence="이건 누군가에겐 생명이지만, 누군가에겐 죄책감으로 남는 현실이야." | label=1 | confidence=0.7412
2025-05-26 18:25:49,678 [INFO] [PREDICT] sentence="5월이 다시 돌아왔고, 모두가 널 그리워하며 슬퍼하는 가운데, 나는 조금 다른 감정으로 이 시간을 지나고 있어. 솔직히 말하면 너의 갑작스러운 선택이 아직도 이해되지 않아. 나 하나 살자고 모든 걸 내려놓은 네 결정을 받아들이는 게 쉽지 않더라. 모두는 너를 아름답게 기억하지만, 난 네가 남긴 혼란과 빈자리로 아직도 하루하루 버티고 있어. 기증이라는 명분 아래에서 너의 부재가 미화되는 것 같아 억울하기도 해. 한 번이라도 가족들과 진심으로 대화를 나눴더라면, 이런 선택을 막을 수 있지 않았을까. 그 꿈에 나온 네 얼굴조차 왜인지 불편하게 다가오더라. 천국에서는 잘 지내고 있다지만, 남겨진 우리 삶은 그렇게 간단하지가 않아. 이건 누군가에겐 생명이지만, 누군가에겐 죄책감으로 남는 현실이야." | label=1 | confidence=0.6582
2025-05-26 18:25:49,678 [INFO] [DETAIL-1] sentence="5월이 다시 돌아왔고, 모두가 널 그리워하며 슬퍼하는 가운데, 나는 조금 다른 감정으로 이 시간을 지나고 있어." | label=0 | confidence=0.0383
2025-05-26 18:25:49,678 [INFO] [DETAIL-2] sentence="솔직히 말하면 너의 갑작스러운 선택이 아직도 이해되지 않아." | label=1 | confidence=0.9414
2025-05-26 18:25:49,678 [INFO] [DETAIL-3] sentence="나 하나 살자고 모든 걸 내려놓은 네 결정을 받아들이는 게 쉽지 않더라." | label=1 | confidence=0.9471
2025-05-26 18:25:49,678 [INFO] [DETAIL-4] sentence="모두는 너를 아름답게 기억하지만, 난 네가 남긴 혼란과 빈자리로 아직도 하루하루 버티고 있어." | label=0 | confidence=0.0727
2025-05-26 18:25:49,678 [INFO] [DETAIL-5] sentence="기증이라는 명분 아래에서 너의 부재가 미화되는 것 같아 억울하기도 해." | label=1 | confidence=0.9374
2025-05-26 18:25:49,678 [INFO] [DETAIL-6] sentence="한 번이라도 가족들과 진심으로 대화를 나눴더라면, 이런 선택을 막을 수 있지 않았을까." | label=0 | confidence=0.5699
2025-05-26 18:25:49,678 [INFO] [DETAIL-7] sentence="그 꿈에 나온 네 얼굴조차 왜인지 불편하게 다가오더라." | label=1 | confidence=0.9460
2025-05-26 18:25:49,678 [INFO] [DETAIL-8] sentence="천국에서는 잘 지내고 있다지만, 남겨진 우리 삶은 그렇게 간단하지가 않아." | label=1 | confidence=0.7294
2025-05-26 18:25:49,678 [INFO] [DETAIL-9] sentence="이건 누군가에겐 생명이지만, 누군가에겐 죄책감으로 남는 현실이야." | label=1 | confidence=0.7412
2025-05-26 18:26:57,340 [INFO] [PREDICT] sentence="5월이 다시 돌아왔고, 모두가 널 그리워하며 슬퍼하는 가운데, 나는 조금 다른 감정으로 이 시간을 지나고 있어. 솔직히 말하면 너의 갑작스러운 선택이 아직도 이해되지 않아. 나 하나 살자고 모든 걸 내려놓은 네 결정을 받아들이는 게 쉽지 않더라. 모두는 너를 아름답게 기억하지만, 난 네가 남긴 혼란과 빈자리로 아직도 하루하루 버티고 있어. 기증이라는 명분 아래에서 너의 부재가 미화되는 것 같아 억울하기도 해. 한 번이라도 가족들과 진심으로 대화를 나눴더라면, 이런 선택을 막을 수 있지 않았을까. 그 꿈에 나온 네 얼굴조차 왜인지 불편하게 다가오더라. 천국에서는 잘 지내고 있다지만, 남겨진 우리 삶은 그렇게 간단하지가 않아. 이건 누군가에겐 생명이지만, 누군가에겐 죄책감으로 남는 현실이야." | label=1 | confidence=0.6582
2025-05-26 18:26:57,341 [INFO] [DETAIL-1] sentence="5월이 다시 돌아왔고, 모두가 널 그리워하며 슬퍼하는 가운데, 나는 조금 다른 감정으로 이 시간을 지나고 있어." | label=0 | confidence=0.0383
2025-05-26 18:26:57,341 [INFO] [DETAIL-2] sentence="솔직히 말하면 너의 갑작스러운 선택이 아직도 이해되지 않아." | label=1 | confidence=0.9414
2025-05-26 18:26:57,341 [INFO] [DETAIL-3] sentence="나 하나 살자고 모든 걸 내려놓은 네 결정을 받아들이는 게 쉽지 않더라." | label=1 | confidence=0.9471
2025-05-26 18:26:57,342 [INFO] [DETAIL-4] sentence="모두는 너를 아름답게 기억하지만, 난 네가 남긴 혼란과 빈자리로 아직도 하루하루 버티고 있어." | label=0 | confidence=0.0727
2025-05-26 18:26:57,342 [INFO] [DETAIL-5] sentence="기증이라는 명분 아래에서 너의 부재가 미화되는 것 같아 억울하기도 해." | label=1 | confidence=0.9374
2025-05-26 18:26:57,342 [INFO] [DETAIL-6] sentence="한 번이라도 가족들과 진심으로 대화를 나눴더라면, 이런 선택을 막을 수 있지 않았을까." | label=0 | confidence=0.5699
2025-05-26 18:26:57,342 [INFO] [DETAIL-7] sentence="그 꿈에 나온 네 얼굴조차 왜인지 불편하게 다가오더라." | label=1 | confidence=0.9460
2025-05-26 18:26:57,343 [INFO] [DETAIL-8] sentence="천국에서는 잘 지내고 있다지만, 남겨진 우리 삶은 그렇게 간단하지가 않아." | label=1 | confidence=0.7294
2025-05-26 18:26:57,343 [INFO] [DETAIL-9] sentence="이건 누군가에겐 생명이지만, 누군가에겐 죄책감으로 남는 현실이야." | label=1 | confidence=0.7412
2025-05-26 18:34:13,476 [INFO] [PREDICT] sentence="5월이 다시 돌아왔고, 모두가 널 그리워하며 슬퍼하는 가운데, 나는 조금 다른 감정으로 이 시간을 지나고 있어. 솔직히 말하면 너의 갑작스러운 선택이 아직도 이해되지 않아. 나 하나 살자고 모든 걸 내려놓은 네 결정을 받아들이는 게 쉽지 않더라. 모두는 너를 아름답게 기억하지만, 난 네가 남긴 혼란과 빈자리로 아직도 하루하루 버티고 있어. 기증이라는 명분 아래에서 너의 부재가 미화되는 것 같아 억울하기도 해. 한 번이라도 가족들과 진심으로 대화를 나눴더라면, 이런 선택을 막을 수 있지 않았을까. 그 꿈에 나온 네 얼굴조차 왜인지 불편하게 다가오더라. 천국에서는 잘 지내고 있다지만, 남겨진 우리 삶은 그렇게 간단하지가 않아. 이건 누군가에겐 생명이지만, 누군가에겐 죄책감으로 남는 현실이야." | label=1 | confidence=0.6582
2025-05-26 18:34:13,477 [INFO] [DETAIL-1] sentence="5월이 다시 돌아왔고, 모두가 널 그리워하며 슬퍼하는 가운데, 나는 조금 다른 감정으로 이 시간을 지나고 있어." | label=0 | confidence=0.0383
2025-05-26 18:34:13,477 [INFO] [DETAIL-2] sentence="솔직히 말하면 너의 갑작스러운 선택이 아직도 이해되지 않아." | label=1 | confidence=0.9414
2025-05-26 18:34:13,478 [INFO] [DETAIL-3] sentence="나 하나 살자고 모든 걸 내려놓은 네 결정을 받아들이는 게 쉽지 않더라." | label=1 | confidence=0.9471
2025-05-26 18:34:13,478 [INFO] [DETAIL-4] sentence="모두는 너를 아름답게 기억하지만, 난 네가 남긴 혼란과 빈자리로 아직도 하루하루 버티고 있어." | label=0 | confidence=0.0727
2025-05-26 18:34:13,479 [INFO] [DETAIL-5] sentence="기증이라는 명분 아래에서 너의 부재가 미화되는 것 같아 억울하기도 해." | label=1 | confidence=0.9374
2025-05-26 18:34:13,479 [INFO] [DETAIL-6] sentence="한 번이라도 가족들과 진심으로 대화를 나눴더라면, 이런 선택을 막을 수 있지 않았을까." | label=0 | confidence=0.5699
2025-05-26 18:34:13,480 [INFO] [DETAIL-7] sentence="그 꿈에 나온 네 얼굴조차 왜인지 불편하게 다가오더라." | label=1 | confidence=0.9460
2025-05-26 18:34:13,480 [INFO] [DETAIL-8] sentence="천국에서는 잘 지내고 있다지만, 남겨진 우리 삶은 그렇게 간단하지가 않아." | label=1 | confidence=0.7294
2025-05-26 18:34:13,480 [INFO] [DETAIL-9] sentence="이건 누군가에겐 생명이지만, 누군가에겐 죄책감으로 남는 현실이야." | label=1 | confidence=0.7412
2025-05-26 18:35:47,112 [INFO] [PREDICT] sentence="딸 너는 아느냐? 부모의 사랑을?  경상도 사람인 엄마 아빠는 남들보다 더 강한 자식사랑을 갖고 있어도 그 표현을 잘 못해 생전에 너에게 너무 너무 전달하지 못한게 한이 되어  이렇게라도 우리 딸 한테 전달하고 싶구나. 엄마도 나도 말은 안해도 속으로는 내자식 소중함이 누구보다 강했다고 확신한다. 그래서 겉으로는 엄하게 강하게 키웠고 하지만 너는 그걸 알았는지? 모르겠다. 엄마 아빠는 너와의 아름다운추억으로 눈물이 마르지않는구나!  마산 구암동 셋방에서 너를 안고 너를 쳐다보며 기쁘고 자랑스러워 하는 엄마와 너의사진, 아빠 한달 월급을 넣어서 사준 명품 코트입은 너의 모습을 보면서 아빠는 혼자서 웃었지. 100년 역사의 대자유치원에 입학시켜 추산동에서 구암동까지 너하나 데리려 오던 일, 서울로 오자마자 뒤떨어지지 않고 늘 톱크라스로 달리면서 너무 많은 상장을 부모에게 주었지! 너무 많은 이쁜 추억을 주었는데 부모는 칭찬한마디와 웃고만 그쳤지.  그러나 엄마 아빠는 너무 기뻐서 속으론 주체를 못할정도 였단다. 그게 무슨 소용있나? 그때 그때  너를 사랑한다. 예쁘다, 잘했다하고 많은 표현이 없었는걸.... 미안하다. 참 미안하다. 멀지 않아 우리도 너의 곁에 가겠지? 하지만 너는 극락에 있던지 훌륭한 가정에 태어나서 사랑받고 살고 있겠지? 나의 소중했던 딸 아신아, 엄마 아빠는 정말 너무 너무 너를 사랑했단다. 너도 엄마 아빠 사랑했지?  부모의 사랑은 끝이 없단다.  잘 지내거라. 월요일날 구룡사에서 만나자꾸나." | label=0 | confidence=0.4188
2025-05-26 18:35:47,112 [INFO] [DETAIL-1] sentence="딸 너는 아느냐?" | label=1 | confidence=0.9842
2025-05-26 18:35:47,112 [INFO] [DETAIL-2] sentence="부모의 사랑을?" | label=1 | confidence=0.7234
2025-05-26 18:35:47,112 [INFO] [DETAIL-3] sentence="경상도 사람인 엄마 아빠는 남들보다 더 강한 자식사랑을 갖고 있어도 그 표현을 잘 못해 생전에 너에게 너무 너무 전달하지 못한게 한이 되어  이렇게라도 우리 딸 한테 전달하고 싶구나." | label=0 | confidence=0.1406
2025-05-26 18:35:47,112 [INFO] [DETAIL-4] sentence="엄마도 나도 말은 안해도 속으로는 내자식 소중함이 누구보다 강했다고 확신한다." | label=0 | confidence=0.1678
2025-05-26 18:35:47,112 [INFO] [DETAIL-5] sentence="그래서 겉으로는 엄하게 강하게 키웠고 하지만 너는 그걸 알았는지?" | label=1 | confidence=0.9872
2025-05-26 18:35:47,112 [INFO] [DETAIL-6] sentence="모르겠다." | label=1 | confidence=0.9618
2025-05-26 18:35:47,112 [INFO] [DETAIL-7] sentence="엄마 아빠는 너와의 아름다운추억으로 눈물이 마르지않는구나!" | label=0 | confidence=0.0335
2025-05-26 18:35:47,112 [INFO] [DETAIL-8] sentence="마산 구암동 셋방에서 너를 안고 너를 쳐다보며 기쁘고 자랑스러워 하는 엄마와 너의사진, 아빠 한달 월급을 넣어서 사준 명품 코트입은 너의 모습을 보면서 아빠는 혼자서 웃었지." | label=0 | confidence=0.1058
2025-05-26 18:35:47,126 [INFO] [DETAIL-9] sentence="100년 역사의 대자유치원에 입학시켜 추산동에서 구암동까지 너하나 데리려 오던 일, 서울로 오자마자 뒤떨어지지 않고 늘 톱크라스로 달리면서 너무 많은 상장을 부모에게 주었지!" | label=0 | confidence=0.4469
2025-05-26 18:35:47,127 [INFO] [DETAIL-10] sentence="너무 많은 이쁜 추억을 주었는데 부모는 칭찬한마디와 웃고만 그쳤지." | label=0 | confidence=0.2106
2025-05-26 18:35:47,127 [INFO] [DETAIL-11] sentence="그러나 엄마 아빠는 너무 기뻐서 속으론 주체를 못할정도 였단다." | label=0 | confidence=0.1718
2025-05-26 18:35:47,127 [INFO] [DETAIL-12] sentence="그게 무슨 소용있나?" | label=1 | confidence=0.9831
2025-05-26 18:35:47,127 [INFO] [DETAIL-13] sentence="그때 그때  너를 사랑한다." | label=0 | confidence=0.0309
2025-05-26 18:35:47,128 [INFO] [DETAIL-14] sentence="예쁘다, 잘했다하고 많은 표현이 없었는걸...." | label=0 | confidence=0.5100
2025-05-26 18:35:47,128 [INFO] [DETAIL-15] sentence="미안하다." | label=0 | confidence=0.0755
2025-05-26 18:35:47,128 [INFO] [DETAIL-16] sentence="참 미안하다." | label=0 | confidence=0.2136
2025-05-26 18:35:47,128 [INFO] [DETAIL-17] sentence="멀지 않아 우리도 너의 곁에 가겠지?" | label=1 | confidence=0.8452
2025-05-26 18:35:47,128 [INFO] [DETAIL-18] sentence="하지만 너는 극락에 있던지 훌륭한 가정에 태어나서 사랑받고 살고 있겠지?" | label=0 | confidence=0.6255
2025-05-26 18:35:47,128 [INFO] [DETAIL-19] sentence="나의 소중했던 딸 아신아, 엄마 아빠는 정말 너무 너무 너를 사랑했단다." | label=0 | confidence=0.0290
2025-05-26 18:35:47,128 [INFO] [DETAIL-20] sentence="너도 엄마 아빠 사랑했지?" | label=0 | confidence=0.6780
2025-05-26 18:35:47,128 [INFO] [DETAIL-21] sentence="부모의 사랑은 끝이 없단다." | label=0 | confidence=0.2192
2025-05-26 18:35:47,128 [INFO] [DETAIL-22] sentence="잘 지내거라." | label=0 | confidence=0.1116
2025-05-26 18:35:47,128 [INFO] [DETAIL-23] sentence="월요일날 구룡사에서 만나자꾸나." | label=0 | confidence=0.3776
