2025-05-21 14:23:40,906 [INFO] 현재 실행 중인 파일 경로: C:\JAVA\fast_campus_KDT\projects\final\DBE_Final_Project\python\predictEmotion\main.py
2025-05-21 14:23:49,107 [INFO] 현재 실행 중인 파일 경로: C:\JAVA\fast_campus_KDT\projects\final\DBE_Final_Project\python\predictEmotion\main.py
2025-05-21 14:27:29,071 [INFO] 현재 실행 중인 파일 경로: C:\JAVA\fast_campus_KDT\projects\final\DBE_Final_Project\python\predictEmotion\main.py
2025-05-21 14:27:53,466 [INFO] [PREDICT] sentence="안녕하세요" | label=0 | confidence=0.1477
2025-05-21 14:29:04,759 [INFO] [PREDICT] sentence="민서야  잘지내고 있니??
지금 순간도 가슴이 떨려온다
믿고싶지않음 때문에...
기분이 좋은날도 슬픈날도 . . .
내 머릿속은 민서로 가득차있다
슬프면 슬퍼서 민서가 생각나고
기쁘면 기뻐서 또 민서가 생각나고
슬픈일이지만 가끔 엄마가 너무 힘들어
아들을 지워버리고 싶을때가 있더라..
이런 맘 너는 알련지 모르겠다..만
오늘 복지사님께 민서 앨범을 전달받았는데..
또 한번 슬픔이 밀려오는걸 어찌해야하나~
온다 간다 말 한마디 없이 그렇게 훌쩍 떠나가버리면~
엄마는 어쩌라고 기약없는 곳으로 홀로가버린거야~
민서가 엄마 떠나간지 223일째다..
잊고 싶어 잊고싶어진다는거 아닌거 알지???
한쪽 가슴이 허~하다 ..
이 상처와 괴로움은 시간이 흐르고 흘러도 지워지지않음에
그리고 숨쉬고 있음에 괴로울뿐이다
아무쪼록 행복하렴 ~ 아들 그리고 너무 미안하다" | label=0 | confidence=0.2801
2025-05-21 14:32:15,019 [INFO] [PREDICT] sentence="이런 일은 다시는 안 일어나게 한다고 약속만 수없이 했지. 매번 똑같은 말만 반복되고, 결국 달라진 건 없어." | label=1 | confidence=0.9695
2025-05-21 14:32:52,697 [INFO] [PREDICT] sentence="왜 그 누구도 네 마지막을 지켜주지 못했는지, 생각할수록 분노가 치밀어 오른다." | label=1 | confidence=0.8829
2025-05-21 14:33:07,358 [INFO] [PREDICT] sentence="소중한 사람을 잃었는데, 세상은 여전히 아무 일 없다는 듯 돌아가는 게 분노스럽다." | label=1 | confidence=0.9423
2025-05-21 14:34:24,659 [INFO] [PREDICT] sentence="끝까지 우리를 힘들게 하더니, 결국 떠나는 순간까지도 배려라고는 없었구나." | label=1 | confidence=0.9143
2025-05-21 14:34:40,689 [INFO] [PREDICT] sentence="가족 모두를 고생시키고 마지막엔 그 흔한 한마디 없이 떠난 너에게 무슨 애도를 해야 할지 모르겠다." | label=1 | confidence=0.8690
2025-05-21 14:34:56,128 [INFO] [PREDICT] sentence="솔직히 지금도 너한테 화가 나. 왜 그렇게 멋대로, 아무 말 없이 다들 힘들게 만들어놓고 떠났는지 이해가 안 돼." | label=1 | confidence=0.9771
2025-05-21 14:35:10,992 [INFO] [PREDICT] sentence="죽었다고 다 미화되는 건 아니야. 너한테 상처받은 사람들이 얼마나 많은지 알고는 있었을까?" | label=1 | confidence=0.9680
2025-05-21 14:35:26,195 [INFO] [PREDICT] sentence="솔직히 말하면, 안타깝기보다는 더 이상 너한테 휘둘리지 않아도 된다는 게 다행이라는 생각이 먼저 들었어." | label=0 | confidence=0.4280
2025-05-21 14:35:51,967 [INFO] [PREDICT] sentence="가족들 말도 안 듣고 자기 멋대로 굴더니, 결국 모든 걸 망쳐 놓고 떠나니 좋냐?" | label=1 | confidence=0.9772
2025-05-21 14:36:04,771 [INFO] [PREDICT] sentence="항상 남 무시하고 본인만 옳다고 하던 네가 마지막엔 아무 말도 못 하고 사라졌다는 게 참 아이러니해." | label=1 | confidence=0.9699
2025-05-21 14:36:16,032 [INFO] [PREDICT] sentence="이제 와서 너를 안타까워해야 한다니 어이없다. 넌 끝까지 주변 사람들한테 상처만 주고 갔잖아." | label=1 | confidence=0.9733
2025-05-21 14:36:29,138 [INFO] [PREDICT] sentence="너 일로 가족들이 지금 얼마나 힘든 줄 알아? 정리도 해야 하고, 사람들 응대도 해야 하고 정말 귀찮고 짜증 나." | label=1 | confidence=0.9715
2025-05-21 14:36:40,552 [INFO] [PREDICT] sentence="또 너 얘기야? 솔직히 이제 좀 지겹고 짜증난다. 떠난 사람 이야기로 왜 이렇게 질질 끌어야 해." | label=1 | confidence=0.9778
2025-05-21 14:38:33,312 [INFO] [PREDICT] sentence="민서야, 널 떠나보낸 지 오래지만 마음속에서 넌 여전히 환하게 웃고 있는 것 같아. 따뜻했던 너를 다시 떠올리며 하루를 시작해." | label=0 | confidence=0.1148
2025-05-21 14:38:50,311 [INFO] [PREDICT] sentence="마지막 순간까지도 우리 가족을 걱정해준 너의 따뜻함에 아직도 마음이 찡해. 너무 고맙고 또 고마워." | label=0 | confidence=0.0865
2025-05-21 14:39:12,425 [INFO] [PREDICT] sentence="넌 짧은 생이었지만 많은 사람에게 영향을 주었고, 그런 삶은 정말 존경받아 마땅하다고 생각해." | label=0 | confidence=0.0926
2025-05-21 14:39:21,805 [INFO] [PREDICT] sentence="언젠가 우리가 다시 만날 수 있다면, 그날엔 꼭 웃으면서 널 안아주고 싶어. 그날을 조용히 기대해본다." | label=0 | confidence=0.1039
2025-05-21 14:39:31,776 [INFO] [PREDICT] sentence="그렇게 좋은 사람이었는데 왜 세상은 너를 그렇게 빨리 데려갔을까. 너무 안타깝고 아쉽기만 해." | label=0 | confidence=0.4759
2025-05-21 14:39:58,774 [INFO] [PREDICT] sentence="네가 남긴 작은 일기 한 줄에도 그 깊은 마음이 담겨 있어서 보고 또 봐도 감탄이 절로 나와. 정말 대단했어, 넌." | label=0 | confidence=0.0961
2025-05-21 14:40:25,444 [INFO] [PREDICT] sentence="네가 떠난 그날부터, 난 매일 마음속으로 다짐했어. 너의 몫까지 열심히 살아내겠다고. 이건 내 비장한 약속이야." | label=0 | confidence=0.1932
2025-05-21 14:40:39,132 [INFO] [PREDICT] sentence="짧은 시간이었지만 넌 정말 멋지게 살아줬고, 네 가족으로 함께했던 그 모든 순간이 지금은 참 뿌듯하게 느껴진다." | label=0 | confidence=0.0945
2025-05-21 14:40:53,130 [INFO] [PREDICT] sentence="사진 속 너의 표정을 볼 때마다 마음이 따뜻해지고 편안해져. 아마도 지금 그곳에서 평화롭게 쉬고 있을 거라 믿어." | label=0 | confidence=0.0855
2025-05-21 14:41:04,980 [INFO] [PREDICT] sentence="네가 어릴 때 만든 작은 종이접기 하나까지도 지금 보면 너무 신기하고, 네가 얼마나 섬세했는지 새삼 느껴진다." | label=0 | confidence=0.1314
2025-05-21 14:41:15,383 [INFO] [PREDICT] sentence="너를 떠나보낸 이후로, 너와 닮은 사람들을 보면 왠지 모르게 더 챙겨주고 싶어져. 아마 그만큼 너를 아끼고 있었던 거겠지." | label=0 | confidence=0.2400
2025-05-21 14:41:32,633 [INFO] [PREDICT] sentence="네가 떠난 후 처음으로 밤이 그렇게 무서웠어. 네가 없다는 현실이 너무 낯설고 두려웠거든." | label=0 | confidence=0.4038
2025-05-21 14:41:46,815 [INFO] [PREDICT] sentence="하늘도 울고 있던 그날, 나는 그저 바닥에 주저앉아 절망 속에 몸을 떨고 있었어. 너 없는 세상은 너무 외로워." | label=0 | confidence=0.1452
2025-05-21 14:42:00,175 [INFO] [PREDICT] sentence="널 지켜주지 못했다는 죄책감과 무력감에 매일이 패배 같고, 나는 스스로가 너무도 싫어진다." | label=1 | confidence=0.8992
2025-05-21 14:42:24,367 [INFO] [PREDICT] sentence="매일 너를 떠올리며 버티는 삶이 너무 힘들고, 지쳐서 눈물이 나는데도 도무지 놓아줄 수가 없어." | label=0 | confidence=0.1922
2025-05-21 14:42:42,723 [INFO] [PREDICT] sentence="네가 생전에 웃으며 말했던 그 농담들, 아직도 생각하면 웃음이 나고 참 즐거웠던 시간들이 떠올라." | label=0 | confidence=0.1070
2025-05-21 14:42:55,840 [INFO] [PREDICT] sentence="내가 조금만 더 관심을 가졌더라면, 혹시 그때 네 손을 잡아줬더라면 달라지지 않았을까 하는 죄책감이 날 괴롭혀." | label=0 | confidence=0.6166
2025-05-21 14:43:19,671 [INFO] [PREDICT] sentence="사진 속 네 해맑은 미소를 보면 여전히 그렇게 귀엽고 사랑스럽다. 넌 늘 우리 가족의 자랑이었어." | label=0 | confidence=0.0890
2025-05-21 14:43:30,652 [INFO] [PREDICT] sentence="가끔은 네 생각에 울컥해서 아무 말도 못 하고 멍해질 때가 있어. 사람들 앞이라 괜히 당황스럽고 민망해지기도 해." | label=1 | confidence=0.8903
2025-05-21 15:09:50,662 [INFO] [PREDICT] sentence="그날 아침 갑자기 들려온 소식은 너무 충격적이어서 한동안 아무 말도 할 수 없었고, 숨이 멎는 줄 알았어." | label=0 | confidence=0.3577
2025-05-21 15:10:13,449 [INFO] [PREDICT] sentence="슬픈 것도, 힘든 것도 참아보려 했지만, 문득 네가 없다는 사실이 너무 서러워서 울음을 참을 수 없더라." | label=0 | confidence=0.1582
2025-05-21 15:10:30,142 [INFO] [PREDICT] sentence="네가 떠난 후로는 뭘 해도 예전처럼 재미있지가 않아. 웃음도, 일상도, 다 의미 없는 것처럼 느껴져." | label=0 | confidence=0.6869
2025-05-21 15:10:57,486 [INFO] [PREDICT] sentence="네가 떠난 후로는 뭘 해도 예전처럼 재미있지가 않아. 웃음도, 일상도, 다 의미 없는 것처럼 느껴져." | label=0 | confidence=0.6869
2025-05-21 15:12:49,021 [INFO] [PREDICT] sentence="넌 그렇게 어리고 여렸는데, 왜 그런 아픔을 혼자 감당해야 했을까. 지금도 생각하면 마음이 아프고 안타까워." | label=0 | confidence=0.1795
2025-05-21 15:29:20,131 [INFO] [PREDICT] sentence="지금은 네가 더 이상 아프지 않은 곳에 있다는 걸 믿기에, 그나마 마음이 조금은 안심이 돼." | label=0 | confidence=0.1348
2025-05-21 15:29:58,606 [INFO] [PREDICT] sentence="지금은 네가 더 이상 아프지 않은 곳에 있다는 걸 믿기에, 그나마 마음이 조금은 안심이 돼." | label=0 | confidence=0.1348
2025-05-21 15:30:15,415 [INFO] [PREDICT] sentence="가끔은 네가 지금 어디에 있을까, 잘 지내고는 있을까 하는 걱정에 마음이 불안해지곤 해." | label=0 | confidence=0.1623
2025-05-21 15:30:34,736 [INFO] [PREDICT] sentence="가끔은 네가 지금 어디에 있을까, 잘 지내고는 있을까 하는 걱정에 마음이 불안해지곤 해. 비록 지금은 네가 곁에 없지만, 너와 함께한 기억들은 내 인생에서 가장 행복한 순간들이었어." | label=0 | confidence=0.1056
2025-05-21 16:06:47,593 [INFO] 현재 실행 중인 파일 경로: C:\JAVA\fast_campus_KDT\projects\final\DBE_Final_Project\python\predictEmotion\main.py
2025-05-21 16:07:17,461 [INFO] 현재 실행 중인 파일 경로: C:\JAVA\fast_campus_KDT\projects\final\DBE_Final_Project\python\predictEmotion\main.py
2025-05-21 16:08:15,881 [INFO] 현재 실행 중인 파일 경로: C:\JAVA\fast_campus_KDT\projects\final\DBE_Final_Project\python\predictEmotion\main.py
2025-05-23 10:30:48,611 [INFO] 현재 실행 중인 파일 경로: C:\JAVA\fast_campus_KDT\projects\final\DBE_Final_Project\python\predictEmotion\main.py
2025-05-23 10:32:32,392 [INFO] [PREDICT] sentence="당신 같은 사람이 왜 아직도 기억되는지 모르겠어요." | label=1 | confidence=0.9799
2025-05-23 10:32:43,777 [INFO] [PREDICT] sentence="정말 무책임하게 떠나셨군요." | label=1 | confidence=0.9777
2025-05-23 10:33:44,971 [INFO] [PREDICT] sentence="누군가의 삶을 망쳐놓고 아무 말도 없이 가버리다니요." | label=1 | confidence=0.9904
2025-05-23 10:33:55,508 [INFO] [PREDICT] sentence="당신의 그 결정이 얼마나 많은 사람들을 힘들게 했는지 아세요?" | label=1 | confidence=0.7946
2025-05-23 10:34:04,987 [INFO] [PREDICT] sentence="당신 때문에 아직도 가족들이 고통받고 있어요." | label=0 | confidence=0.2057
2025-05-23 10:35:56,785 [INFO] [PREDICT] sentence="하늘나라에서 잘 계시는지요?7년 전 천사님의 심장을 선물 받아 건강하게 살고있는 평범한 사람입니다.오늘이 천사님의  제사날이자 저의 인생2막이 시작되었던 날입니다.이식 받은날 꿈에서 천사님과 어린 딸을 보았습니다.고맙다는 말도 못하고 꿈에서 깨었습니다.어린 따님은 잘 자라고 있겠죠.고맙습니다♡ 감사합니다♡  사랑합니다♡한번이라도 꿈에 찾아오세요. 보고 싶어요.언젠가는 하늘나라에서 뵐수 있겠죠.그때까지 잊지않고 열심히 살겠습니다.평안히 계시길.........." | label=0 | confidence=0.0315
2025-05-23 10:36:56,053 [INFO] [PREDICT] sentence="솔직히 말하면, 당신에게 받은 장기를 통해 살아가고는 있지만, 그 순간이 항상 감사하게 느껴지지만은 않습니다. 당신의 결정이 얼마나 충동적이고 무책임했는지 생각하면 분노가 앞섭니다. 나에게 생명을 줬다고 해서 당신의 삶이 모두 아름답다고는 생각하지 않습니다. 남겨진 가족들은 그 선택으로 얼마나 힘들었을까요. 기증은 고귀할 수 있지만, 떠나는 방식에는 책임이 있었어야 하지 않나요. 당신의 어린 딸은 당신 없이 자라며 무슨 감정을 품고 있을까요. 당신은 떠났지만, 그 여파는 여전히 남겨진 사람들에게 남아 있습니다. 나는 살고 있지만, 그 삶에 죄책감과 복잡한 감정이 뒤섞여 있습니다. 다시 그날로 돌아갈 수 있다면, 이식을 받아들이지 않았을지도 모르겠습니다." | label=1 | confidence=0.8382
2025-05-23 10:45:55,609 [INFO] [PREDICT] sentence="매년 같은 행사인데도 왜 이렇게 준비가 부족한 걸까요. 참석할 때마다 느끼는 거지만, 기본적인 것조차 지켜지지 않아 너무 답답했습니다. 목소리를 낼 수 없다는 것이 더욱 답답하게 느껴졌습니다." | label=1 | confidence=0.9899
2025-05-23 10:46:13,521 [INFO] [PREDICT] sentence="처음 보는 자리였지만 모두가 따뜻하게 맞아주셔서 마음이 참 편안했습니다. 익숙하지 않은 분위기 속에서도 미소로 응대해주시니 괜히 눈물이 핑 돌았어요." | label=0 | confidence=0.0294
2025-05-23 10:46:31,129 [INFO] [PREDICT] sentence="또 이런 상황이라니, 지치고 피곤한 마음이 한꺼번에 몰려왔습니다. 언제쯤 끝날까 하는 생각만 반복하며, 같은 실수에 다시 갇힌 느낌이었어요." | label=1 | confidence=0.7247
2025-05-23 10:46:45,236 [INFO] [PREDICT] sentence="그날의 손길이 없었다면 지금 이 자리에 없었을지도 모릅니다. 말로 다 표현하지 못할 감사한 마음을 언제쯤 직접 전할 수 있을까요. 정말 감사합니다." | label=0 | confidence=0.0310
2025-05-23 10:46:58,981 [INFO] [PREDICT] sentence="도무지 이해할 수 없는 행동이었습니다. 그런 말과 행동으로 상처를 주고 나서도 아무렇지 않게 웃는 모습을 보며, 참았던 분노가 폭발할 것 같았어요." | label=1 | confidence=0.9805
2025-05-23 10:47:12,125 [INFO] [PREDICT] sentence="기대를 했던 만큼 실망도 컸습니다. 이 정도일 줄은 몰랐고, 충분히 더 잘할 수 있었을 텐데 그 기회를 그냥 흘려보낸 것 같아 너무 안타까웠어요." | label=0 | confidence=0.5692
2025-05-23 10:47:26,173 [INFO] [PREDICT] sentence="이번 결정은 결코 쉽지 않았습니다. 하지만 언젠가 반드시 마주쳐야 할 일이었기에, 각오를 다지고 한 걸음 내디뎠습니다. 물러서지 않겠다는 마음뿐이었죠." | label=0 | confidence=0.1150
2025-05-23 10:47:38,580 [INFO] [PREDICT] sentence="처음엔 믿으려 했어요. 하지만 반복되는 말 바꾸기와 행동들을 보며, 이제는 아무 말도 믿지 못하겠다는 생각만 들었습니다." | label=1 | confidence=0.9431
2025-05-23 10:47:52,897 [INFO] [PREDICT] sentence="불이 꺼진 방 안에서 들리는 작은 소리에도 심장이 요동쳤습니다. 뭔가 잘못된 느낌이 들었고, 이유 없이 몸이 얼어붙는 듯한 두려움이 엄습했어요." | label=0 | confidence=0.3105
2025-05-23 10:48:03,585 [INFO] [PREDICT] sentence="무너지는 소리를 들은 것 같았습니다. 아무것도 할 수 없는 그 순간, 모든 것이 끝났다는 생각만이 머리를 지배했어요." | label=0 | confidence=0.5060
2025-05-23 10:48:24,308 [INFO] [PREDICT] sentence="다시 실패했단 걸 깨닫는 순간, 견딜 수 없이 나 자신이 미워졌습니다. 왜 항상 중요한 순간에 무너지는지, 도저히 스스로를 용서할 수 없었어요." | label=0 | confidence=0.4395
2025-05-23 10:48:37,758 [INFO] [PREDICT] sentence="하루하루 버티는 것만으로도 너무 벅찼습니다. 몸도 마음도 지쳐 있었고, 무슨 이유로 여기까지 왔는지도 점점 희미해졌어요." | label=0 | confidence=0.3307
2025-05-23 10:48:46,953 [INFO] [PREDICT] sentence="해야 할 일이 쌓여있는 걸 알지만, 손을 대는 것조차 너무 귀찮았습니다. 그냥 다 내려놓고 누워 있고 싶은 마음뿐이었어요." | label=1 | confidence=0.9775
2025-05-23 10:48:57,095 [INFO] [PREDICT] sentence="그 말 한마디가 그 사람에게 큰 상처였다는 걸 나중에야 알았습니다. 아무리 사과를 해도 씻기지 않을 것 같아 마음이 무거워요." | label=0 | confidence=0.2125
2025-05-23 10:49:08,167 [INFO] [PREDICT] sentence="예상치 못한 질문에 머릿속이 하얘졌습니다. 뭐라고 답해야 할지 몰라 버벅거리는 제 자신이 너무 낯설었어요." | label=0 | confidence=0.6442
2025-05-23 10:49:16,878 [INFO] [PREDICT] sentence="그 소식을 듣는 순간, 말문이 막혔습니다. 아무리 현실이라 해도 믿을 수 없을 정도로 충격적인 일이었어요." | label=0 | confidence=0.6532
2025-05-23 10:49:27,448 [INFO] [PREDICT] sentence="도와주고 싶다는 마음은 있지만, 그 일을 내가 맡는 건 너무 버거울 것 같았어요. 괜히 얘기 꺼냈나 싶어 말한 걸 후회했습니다." | label=1 | confidence=0.8909
2025-05-23 10:49:37,462 [INFO] [PREDICT] sentence="왜 나만 이런 대접을 받아야 하는지, 억울한 마음에 눈물이 났습니다. 아무도 내 편이 없다는 생각이 들자 너무 서러웠어요." | label=0 | confidence=0.2757
2025-05-23 10:49:48,149 [INFO] [PREDICT] sentence="기대하고 갔던 자리였지만, 시간이 갈수록 지루하기만 했습니다. 왜 이렇게 재미가 없는 걸까 하는 생각만 들었어요." | label=1 | confidence=0.9843
2025-05-23 10:49:56,567 [INFO] [PREDICT] sentence="그 사람의 처지를 듣고 나니 마음이 무거워졌습니다. 아무도 도와주는 이 없이 혼자 견뎌야 했다는 이야기에 연민이 생겼어요." | label=0 | confidence=0.0379
2025-05-23 10:50:09,235 [INFO] [PREDICT] sentence="자꾸만 불길한 예감이 들었습니다. 아무 일 없겠지 스스로를 다독이면서도, 마음 한편이 계속 불안했어요." | label=0 | confidence=0.3047
2025-05-23 10:50:19,295 [INFO] [PREDICT] sentence="그 사람이 있다는 사실만으로도 든든했습니다. 어떤 일이 생겨도 괜찮을 거라는 믿음이 마음 깊이 자리하고 있었어요." | label=0 | confidence=0.0336
2025-05-23 10:51:12,363 [INFO] [PREDICT] sentence="5월이 어찌어찌 찾아와 하루하루 흘러 어느덧 중반을 넘었어. 너무나 또렷이 기억하고 있는 작년 5월의 시간들이 너의 사건 전후 모두 너무 생생해서 솔직히 말하면 하루하루 너무 괴롭다.누나가 좋아했던 책과 시 구절들이 너와 헤어진 뒤에는 어찌나 가슴에 박히는 지. 사랑하는 대상과 헤어진다는 건 세상 가장 슬픈일이야.내 동생, 저 하늘 천국에서 평안히 잘 지내고 있는거지?오랜만에 꿈에 찾아와서 너무 좋았네? 가족들이랑 그렇게 늘 같이 있다고 생각할게. " | label=0 | confidence=0.0522
2025-05-23 10:52:47,978 [INFO] [PREDICT] sentence="5월이 다시 돌아왔고, 모두가 널 그리워하며 슬퍼하는 가운데, 나는 조금 다른 감정으로 이 시간을 지나고 있어. 솔직히 말하면 너의 갑작스러운 선택이 아직도 이해되지 않아. 나 하나 살자고 모든 걸 내려놓은 네 결정을 받아들이는 게 쉽지 않더라. 모두는 너를 아름답게 기억하지만, 난 네가 남긴 혼란과 빈자리로 아직도 하루하루 버티고 있어. 기증이라는 명분 아래에서 너의 부재가 미화되는 것 같아 억울하기도 해. 한 번이라도 가족들과 진심으로 대화를 나눴더라면, 이런 선택을 막을 수 있지 않았을까. 그 꿈에 나온 네 얼굴조차 왜인지 불편하게 다가오더라. 천국에서는 잘 지내고 있다지만, 남겨진 우리 삶은 그렇게 간단하지가 않아. 이건 누군가에겐 생명이지만, 누군가에겐 죄책감으로 남는 현실이야." | label=0 | confidence=0.3719
2025-05-23 10:53:27,869 [INFO] [PREDICT] sentence="5월이 다시 돌아왔고, 모두가 널 그리워하며 슬퍼하는 가운데, 나는 조금 다른 감정으로 이 시간을 지나고 있어." | label=0 | confidence=0.0383
2025-05-23 10:53:44,960 [INFO] [PREDICT] sentence="솔직히 말하면 너의 갑작스러운 선택이 아직도 이해되지 않아." | label=1 | confidence=0.9414
2025-05-23 10:54:00,119 [INFO] [PREDICT] sentence="나 하나 살자고 모든 걸 내려놓은 네 결정을 받아들이는 게 쉽지 않더라." | label=1 | confidence=0.9471
2025-05-23 10:54:13,754 [INFO] [PREDICT] sentence="모두는 너를 아름답게 기억하지만, 난 네가 남긴 혼란과 빈자리로 아직도 하루하루 버티고 있어. " | label=0 | confidence=0.0727
2025-05-23 10:54:26,379 [INFO] [PREDICT] sentence="기증이라는 명분 아래에서 너의 부재가 미화되는 것 같아 억울하기도 해. " | label=1 | confidence=0.9374
2025-05-23 10:54:40,104 [INFO] [PREDICT] sentence="한 번이라도 가족들과 진심으로 대화를 나눴더라면, 이런 선택을 막을 수 있지 않았을까." | label=0 | confidence=0.5699
2025-05-23 10:54:57,423 [INFO] [PREDICT] sentence="그 꿈에 나온 네 얼굴조차 왜인지 불편하게 다가오더라. 천국에서는 잘 지내고 있다지만, 남겨진 우리 삶은 그렇게 간단하지가 않아." | label=0 | confidence=0.6716
2025-05-23 10:55:14,402 [INFO] [PREDICT] sentence="그 꿈에 나온 네 얼굴조차 왜인지 불편하게 다가오더라. " | label=1 | confidence=0.9460
2025-05-23 10:55:25,388 [INFO] [PREDICT] sentence="천국에서는 잘 지내고 있다지만, 남겨진 우리 삶은 그렇게 간단하지가 않아. " | label=1 | confidence=0.7294
2025-05-23 10:55:33,942 [INFO] [PREDICT] sentence=" 이건 누군가에겐 생명이지만, 누군가에겐 죄책감으로 남는 현실이야." | label=1 | confidence=0.7412
2025-05-23 11:06:59,059 [INFO] 현재 실행 중인 파일 경로: C:\JAVA\fast_campus_KDT\projects\final\DBE_Final_Project\python\predictEmotion\main.py
2025-05-23 11:10:49,844 [INFO] 현재 실행 중인 파일 경로: C:\JAVA\fast_campus_KDT\projects\final\DBE_Final_Project\python\predictEmotion\main.py
