2025-06-15 00:56:07 WARN  [HikariPool-12 housekeeper] com.zaxxer.hikari.pool.HikariPool - HikariPool-12 - Thread starvation or clock leap detected (housekeeper delta=1h31m22s932ms378µs200ns).
2025-06-15 02:09:08 WARN  [HikariPool-12 housekeeper] com.zaxxer.hikari.pool.HikariPool - HikariPool-12 - Thread starvation or clock leap detected (housekeeper delta=1h6m30s708ms124µs600ns).
2025-06-15 02:18:21 INFO  [File Watcher] o.s.b.d.a.LocalDevToolsAutoConfiguration$RestartingClassPathChangeChangedEventListener - Restarting due to 1 class path change (1 addition, 0 deletions, 0 modifications)
2025-06-15 02:18:21 INFO  [Thread-47] o.a.coyote.http11.Http11NioProtocol - Pausing ProtocolHandler ["http-nio-8080"]
2025-06-15 02:18:21 INFO  [Thread-47] o.a.catalina.core.StandardService - Stopping service [Tomcat]
2025-06-15 02:18:21 INFO  [Thread-47] o.a.c.c.C.[Tomcat].[localhost].[/] - Destroying Spring FrameworkServlet 'dispatcherServlet'
2025-06-15 02:18:21 INFO  [Thread-47] o.a.coyote.http11.Http11NioProtocol - Stopping ProtocolHandler ["http-nio-8080"]
2025-06-15 02:18:21 INFO  [Thread-47] o.a.coyote.http11.Http11NioProtocol - Destroying ProtocolHandler ["http-nio-8080"]
2025-06-15 02:18:21 INFO  [Thread-47] o.s.o.j.LocalContainerEntityManagerFactoryBean - Closing JPA EntityManagerFactory for persistence unit 'default'
2025-06-15 02:18:21 INFO  [Thread-47] com.zaxxer.hikari.HikariDataSource - HikariPool-12 - Shutdown initiated...
2025-06-15 02:18:21 INFO  [Thread-47] com.zaxxer.hikari.HikariDataSource - HikariPool-12 - Shutdown completed.
2025-06-15 02:18:21 INFO  [restartedMain] c.t.memorial.MemorialApplication - Starting MemorialApplication using Java 17.0.12 on DESKTOP-JH6PQI3 with PID 19820 (C:\DBE_Final_Project\spring\build\classes\java\main started by user in C:\DBE_Final_Project\spring)
2025-06-15 02:18:21 INFO  [restartedMain] c.t.memorial.MemorialApplication - No active profile set, falling back to 1 default profile: "default"
2025-06-15 02:18:21 INFO  [restartedMain] o.s.d.r.c.RepositoryConfigurationDelegate - Bootstrapping Spring Data JPA repositories in DEFAULT mode.
2025-06-15 02:18:21 INFO  [restartedMain] o.s.d.r.c.RepositoryConfigurationDelegate - Finished Spring Data repository scanning in 13 ms. Found 6 JPA repository interfaces.
2025-06-15 02:18:22 INFO  [restartedMain] o.s.b.w.e.tomcat.TomcatWebServer - Tomcat initialized with port(s): 8080 (http)
2025-06-15 02:18:22 INFO  [restartedMain] o.a.coyote.http11.Http11NioProtocol - Initializing ProtocolHandler ["http-nio-8080"]
2025-06-15 02:18:22 INFO  [restartedMain] o.a.catalina.core.StandardService - Starting service [Tomcat]
2025-06-15 02:18:22 INFO  [restartedMain] o.a.catalina.core.StandardEngine - Starting Servlet engine: [Apache Tomcat/9.0.83]
2025-06-15 02:18:22 INFO  [restartedMain] o.a.c.c.C.[Tomcat].[localhost].[/] - Initializing Spring embedded WebApplicationContext
2025-06-15 02:18:22 INFO  [restartedMain] o.s.b.w.s.c.ServletWebServerApplicationContext - Root WebApplicationContext: initialization completed in 309 ms
2025-06-15 02:18:22 INFO  [restartedMain] o.h.jpa.internal.util.LogHelper - HHH000204: Processing PersistenceUnitInfo [name: default]
2025-06-15 02:18:22 INFO  [restartedMain] com.zaxxer.hikari.HikariDataSource - HikariPool-13 - Starting...
2025-06-15 02:18:22 INFO  [restartedMain] com.zaxxer.hikari.HikariDataSource - HikariPool-13 - Start completed.
2025-06-15 02:18:22 INFO  [restartedMain] org.hibernate.dialect.Dialect - HHH000400: Using dialect: org.hibernate.dialect.MySQL8Dialect
2025-06-15 02:18:22 INFO  [restartedMain] o.h.e.t.j.p.i.JtaPlatformInitiator - HHH000490: Using JtaPlatform implementation: [org.hibernate.engine.transaction.jta.platform.internal.NoJtaPlatform]
2025-06-15 02:18:22 INFO  [restartedMain] o.s.o.j.LocalContainerEntityManagerFactoryBean - Initialized JPA EntityManagerFactory for persistence unit 'default'
2025-06-15 02:18:22 WARN  [restartedMain] o.s.b.a.o.j.JpaBaseConfiguration$JpaWebConfiguration - spring.jpa.open-in-view is enabled by default. Therefore, database queries may be performed during view rendering. Explicitly configure spring.jpa.open-in-view to disable this warning
2025-06-15 02:18:22 INFO  [restartedMain] o.s.b.d.a.OptionalLiveReloadServer - LiveReload server is running on port 35729
2025-06-15 02:18:22 WARN  [restartedMain] o.s.b.a.t.ThymeleafAutoConfiguration$DefaultTemplateResolverConfiguration - Cannot find template location: classpath:/templates/ (please add some templates, check your Thymeleaf configuration, or set spring.thymeleaf.check-template-location=false)
2025-06-15 02:18:22 INFO  [restartedMain] o.a.coyote.http11.Http11NioProtocol - Starting ProtocolHandler ["http-nio-8080"]
2025-06-15 02:18:22 INFO  [restartedMain] o.s.b.w.e.tomcat.TomcatWebServer - Tomcat started on port(s): 8080 (http) with context path ''
2025-06-15 02:18:22 INFO  [restartedMain] c.t.memorial.MemorialApplication - Started MemorialApplication in 1.259 seconds (JVM running for 117600.605)
2025-06-15 02:18:22 INFO  [restartedMain] o.s.b.d.a.ConditionEvaluationDeltaLoggingListener - Condition evaluation unchanged
2025-06-15 03:15:24 INFO  [File Watcher] o.s.b.d.a.LocalDevToolsAutoConfiguration$RestartingClassPathChangeChangedEventListener - Restarting due to 1 class path change (0 additions, 0 deletions, 1 modification)
2025-06-15 03:15:24 INFO  [Thread-51] o.a.coyote.http11.Http11NioProtocol - Pausing ProtocolHandler ["http-nio-8080"]
2025-06-15 03:15:24 INFO  [Thread-51] o.a.catalina.core.StandardService - Stopping service [Tomcat]
2025-06-15 03:15:24 INFO  [Thread-51] o.a.coyote.http11.Http11NioProtocol - Stopping ProtocolHandler ["http-nio-8080"]
2025-06-15 03:15:24 INFO  [Thread-51] o.a.coyote.http11.Http11NioProtocol - Destroying ProtocolHandler ["http-nio-8080"]
2025-06-15 03:15:24 INFO  [Thread-51] o.s.o.j.LocalContainerEntityManagerFactoryBean - Closing JPA EntityManagerFactory for persistence unit 'default'
2025-06-15 03:15:24 INFO  [Thread-51] com.zaxxer.hikari.HikariDataSource - HikariPool-13 - Shutdown initiated...
2025-06-15 03:15:24 INFO  [Thread-51] com.zaxxer.hikari.HikariDataSource - HikariPool-13 - Shutdown completed.
2025-06-15 03:15:24 INFO  [restartedMain] c.t.memorial.MemorialApplication - Starting MemorialApplication using Java 17.0.12 on DESKTOP-JH6PQI3 with PID 19820 (C:\DBE_Final_Project\spring\build\classes\java\main started by user in C:\DBE_Final_Project\spring)
2025-06-15 03:15:24 INFO  [restartedMain] c.t.memorial.MemorialApplication - No active profile set, falling back to 1 default profile: "default"
2025-06-15 03:15:25 INFO  [restartedMain] o.s.d.r.c.RepositoryConfigurationDelegate - Bootstrapping Spring Data JPA repositories in DEFAULT mode.
2025-06-15 03:15:25 INFO  [restartedMain] o.s.d.r.c.RepositoryConfigurationDelegate - Finished Spring Data repository scanning in 13 ms. Found 6 JPA repository interfaces.
2025-06-15 03:15:25 INFO  [restartedMain] o.s.b.w.e.tomcat.TomcatWebServer - Tomcat initialized with port(s): 8080 (http)
2025-06-15 03:15:25 INFO  [restartedMain] o.a.coyote.http11.Http11NioProtocol - Initializing ProtocolHandler ["http-nio-8080"]
2025-06-15 03:15:25 INFO  [restartedMain] o.a.catalina.core.StandardService - Starting service [Tomcat]
2025-06-15 03:15:25 INFO  [restartedMain] o.a.catalina.core.StandardEngine - Starting Servlet engine: [Apache Tomcat/9.0.83]
2025-06-15 03:15:25 INFO  [restartedMain] o.a.c.c.C.[Tomcat].[localhost].[/] - Initializing Spring embedded WebApplicationContext
2025-06-15 03:15:25 INFO  [restartedMain] o.s.b.w.s.c.ServletWebServerApplicationContext - Root WebApplicationContext: initialization completed in 248 ms
2025-06-15 03:15:25 INFO  [restartedMain] o.h.jpa.internal.util.LogHelper - HHH000204: Processing PersistenceUnitInfo [name: default]
2025-06-15 03:15:25 INFO  [restartedMain] com.zaxxer.hikari.HikariDataSource - HikariPool-14 - Starting...
2025-06-15 03:15:25 INFO  [restartedMain] com.zaxxer.hikari.HikariDataSource - HikariPool-14 - Start completed.
2025-06-15 03:15:25 INFO  [restartedMain] org.hibernate.dialect.Dialect - HHH000400: Using dialect: org.hibernate.dialect.MySQL8Dialect
2025-06-15 03:15:25 INFO  [restartedMain] o.h.e.t.j.p.i.JtaPlatformInitiator - HHH000490: Using JtaPlatform implementation: [org.hibernate.engine.transaction.jta.platform.internal.NoJtaPlatform]
2025-06-15 03:15:25 INFO  [restartedMain] o.s.o.j.LocalContainerEntityManagerFactoryBean - Initialized JPA EntityManagerFactory for persistence unit 'default'
2025-06-15 03:15:25 WARN  [restartedMain] o.s.b.a.o.j.JpaBaseConfiguration$JpaWebConfiguration - spring.jpa.open-in-view is enabled by default. Therefore, database queries may be performed during view rendering. Explicitly configure spring.jpa.open-in-view to disable this warning
2025-06-15 03:15:25 INFO  [restartedMain] o.s.b.d.a.OptionalLiveReloadServer - LiveReload server is running on port 35729
2025-06-15 03:15:25 WARN  [restartedMain] o.s.b.a.t.ThymeleafAutoConfiguration$DefaultTemplateResolverConfiguration - Cannot find template location: classpath:/templates/ (please add some templates, check your Thymeleaf configuration, or set spring.thymeleaf.check-template-location=false)
2025-06-15 03:15:26 INFO  [restartedMain] o.a.coyote.http11.Http11NioProtocol - Starting ProtocolHandler ["http-nio-8080"]
2025-06-15 03:15:26 INFO  [restartedMain] o.s.b.w.e.tomcat.TomcatWebServer - Tomcat started on port(s): 8080 (http) with context path ''
2025-06-15 03:15:26 INFO  [restartedMain] c.t.memorial.MemorialApplication - Started MemorialApplication in 1.194 seconds (JVM running for 121023.905)
2025-06-15 03:15:26 INFO  [restartedMain] o.s.b.d.a.ConditionEvaluationDeltaLoggingListener - Condition evaluation unchanged
2025-06-15 03:44:28 INFO  [File Watcher] o.s.b.d.a.LocalDevToolsAutoConfiguration$RestartingClassPathChangeChangedEventListener - Restarting due to 1 class path change (0 additions, 0 deletions, 1 modification)
2025-06-15 03:44:28 INFO  [Thread-55] o.a.coyote.http11.Http11NioProtocol - Pausing ProtocolHandler ["http-nio-8080"]
2025-06-15 03:44:28 INFO  [Thread-55] o.a.catalina.core.StandardService - Stopping service [Tomcat]
2025-06-15 03:44:28 INFO  [Thread-55] o.a.coyote.http11.Http11NioProtocol - Stopping ProtocolHandler ["http-nio-8080"]
2025-06-15 03:44:28 INFO  [Thread-55] o.a.coyote.http11.Http11NioProtocol - Destroying ProtocolHandler ["http-nio-8080"]
2025-06-15 03:44:28 INFO  [Thread-55] o.s.o.j.LocalContainerEntityManagerFactoryBean - Closing JPA EntityManagerFactory for persistence unit 'default'
2025-06-15 03:44:28 INFO  [Thread-55] com.zaxxer.hikari.HikariDataSource - HikariPool-14 - Shutdown initiated...
2025-06-15 03:44:28 INFO  [Thread-55] com.zaxxer.hikari.HikariDataSource - HikariPool-14 - Shutdown completed.
2025-06-15 03:44:29 INFO  [restartedMain] c.t.memorial.MemorialApplication - Starting MemorialApplication using Java 17.0.12 on DESKTOP-JH6PQI3 with PID 19820 (C:\DBE_Final_Project\spring\build\classes\java\main started by user in C:\DBE_Final_Project\spring)
2025-06-15 03:44:29 INFO  [restartedMain] c.t.memorial.MemorialApplication - No active profile set, falling back to 1 default profile: "default"
2025-06-15 03:44:29 INFO  [restartedMain] o.s.d.r.c.RepositoryConfigurationDelegate - Bootstrapping Spring Data JPA repositories in DEFAULT mode.
2025-06-15 03:44:29 INFO  [restartedMain] o.s.d.r.c.RepositoryConfigurationDelegate - Finished Spring Data repository scanning in 13 ms. Found 6 JPA repository interfaces.
2025-06-15 03:44:29 INFO  [restartedMain] o.s.b.w.e.tomcat.TomcatWebServer - Tomcat initialized with port(s): 8080 (http)
2025-06-15 03:44:29 INFO  [restartedMain] o.a.coyote.http11.Http11NioProtocol - Initializing ProtocolHandler ["http-nio-8080"]
2025-06-15 03:44:29 INFO  [restartedMain] o.a.catalina.core.StandardService - Starting service [Tomcat]
2025-06-15 03:44:29 INFO  [restartedMain] o.a.catalina.core.StandardEngine - Starting Servlet engine: [Apache Tomcat/9.0.83]
2025-06-15 03:44:29 INFO  [restartedMain] o.a.c.c.C.[Tomcat].[localhost].[/] - Initializing Spring embedded WebApplicationContext
2025-06-15 03:44:29 INFO  [restartedMain] o.s.b.w.s.c.ServletWebServerApplicationContext - Root WebApplicationContext: initialization completed in 219 ms
2025-06-15 03:44:29 INFO  [restartedMain] o.h.jpa.internal.util.LogHelper - HHH000204: Processing PersistenceUnitInfo [name: default]
2025-06-15 03:44:29 INFO  [restartedMain] com.zaxxer.hikari.HikariDataSource - HikariPool-15 - Starting...
2025-06-15 03:44:29 INFO  [restartedMain] com.zaxxer.hikari.HikariDataSource - HikariPool-15 - Start completed.
2025-06-15 03:44:29 INFO  [restartedMain] org.hibernate.dialect.Dialect - HHH000400: Using dialect: org.hibernate.dialect.MySQL8Dialect
2025-06-15 03:44:29 INFO  [restartedMain] o.h.e.t.j.p.i.JtaPlatformInitiator - HHH000490: Using JtaPlatform implementation: [org.hibernate.engine.transaction.jta.platform.internal.NoJtaPlatform]
2025-06-15 03:44:29 INFO  [restartedMain] o.s.o.j.LocalContainerEntityManagerFactoryBean - Initialized JPA EntityManagerFactory for persistence unit 'default'
2025-06-15 03:44:29 WARN  [restartedMain] o.s.b.a.o.j.JpaBaseConfiguration$JpaWebConfiguration - spring.jpa.open-in-view is enabled by default. Therefore, database queries may be performed during view rendering. Explicitly configure spring.jpa.open-in-view to disable this warning
2025-06-15 03:44:30 INFO  [restartedMain] o.s.b.d.a.OptionalLiveReloadServer - LiveReload server is running on port 35729
2025-06-15 03:44:30 WARN  [restartedMain] o.s.b.a.t.ThymeleafAutoConfiguration$DefaultTemplateResolverConfiguration - Cannot find template location: classpath:/templates/ (please add some templates, check your Thymeleaf configuration, or set spring.thymeleaf.check-template-location=false)
2025-06-15 03:44:30 INFO  [restartedMain] o.a.coyote.http11.Http11NioProtocol - Starting ProtocolHandler ["http-nio-8080"]
2025-06-15 03:44:30 INFO  [restartedMain] o.s.b.w.e.tomcat.TomcatWebServer - Tomcat started on port(s): 8080 (http) with context path ''
2025-06-15 03:44:30 INFO  [restartedMain] c.t.memorial.MemorialApplication - Started MemorialApplication in 1.079 seconds (JVM running for 122768.136)
2025-06-15 03:44:30 INFO  [restartedMain] o.s.b.d.a.ConditionEvaluationDeltaLoggingListener - Condition evaluation unchanged
2025-06-15 03:50:58 INFO  [File Watcher] o.s.b.d.a.LocalDevToolsAutoConfiguration$RestartingClassPathChangeChangedEventListener - Restarting due to 1 class path change (0 additions, 0 deletions, 1 modification)
2025-06-15 03:50:58 INFO  [Thread-59] o.a.coyote.http11.Http11NioProtocol - Pausing ProtocolHandler ["http-nio-8080"]
2025-06-15 03:50:58 INFO  [Thread-59] o.a.catalina.core.StandardService - Stopping service [Tomcat]
2025-06-15 03:50:58 INFO  [Thread-59] o.a.coyote.http11.Http11NioProtocol - Stopping ProtocolHandler ["http-nio-8080"]
2025-06-15 03:50:58 INFO  [Thread-59] o.a.coyote.http11.Http11NioProtocol - Destroying ProtocolHandler ["http-nio-8080"]
2025-06-15 03:50:58 INFO  [Thread-59] o.s.o.j.LocalContainerEntityManagerFactoryBean - Closing JPA EntityManagerFactory for persistence unit 'default'
2025-06-15 03:50:58 INFO  [Thread-59] com.zaxxer.hikari.HikariDataSource - HikariPool-15 - Shutdown initiated...
2025-06-15 03:50:58 INFO  [Thread-59] com.zaxxer.hikari.HikariDataSource - HikariPool-15 - Shutdown completed.
2025-06-15 03:50:58 INFO  [restartedMain] c.t.memorial.MemorialApplication - Starting MemorialApplication using Java 17.0.12 on DESKTOP-JH6PQI3 with PID 19820 (C:\DBE_Final_Project\spring\build\classes\java\main started by user in C:\DBE_Final_Project\spring)
2025-06-15 03:50:58 INFO  [restartedMain] c.t.memorial.MemorialApplication - No active profile set, falling back to 1 default profile: "default"
2025-06-15 03:50:58 INFO  [restartedMain] o.s.d.r.c.RepositoryConfigurationDelegate - Bootstrapping Spring Data JPA repositories in DEFAULT mode.
2025-06-15 03:50:58 INFO  [restartedMain] o.s.d.r.c.RepositoryConfigurationDelegate - Finished Spring Data repository scanning in 14 ms. Found 6 JPA repository interfaces.
2025-06-15 03:50:58 INFO  [restartedMain] o.s.b.w.e.tomcat.TomcatWebServer - Tomcat initialized with port(s): 8080 (http)
2025-06-15 03:50:58 INFO  [restartedMain] o.a.coyote.http11.Http11NioProtocol - Initializing ProtocolHandler ["http-nio-8080"]
2025-06-15 03:50:58 INFO  [restartedMain] o.a.catalina.core.StandardService - Starting service [Tomcat]
2025-06-15 03:50:58 INFO  [restartedMain] o.a.catalina.core.StandardEngine - Starting Servlet engine: [Apache Tomcat/9.0.83]
2025-06-15 03:50:58 INFO  [restartedMain] o.a.c.c.C.[Tomcat].[localhost].[/] - Initializing Spring embedded WebApplicationContext
2025-06-15 03:50:58 INFO  [restartedMain] o.s.b.w.s.c.ServletWebServerApplicationContext - Root WebApplicationContext: initialization completed in 240 ms
2025-06-15 03:50:58 INFO  [restartedMain] o.h.jpa.internal.util.LogHelper - HHH000204: Processing PersistenceUnitInfo [name: default]
2025-06-15 03:50:58 INFO  [restartedMain] com.zaxxer.hikari.HikariDataSource - HikariPool-16 - Starting...
2025-06-15 03:50:59 INFO  [restartedMain] com.zaxxer.hikari.HikariDataSource - HikariPool-16 - Start completed.
2025-06-15 03:50:59 INFO  [restartedMain] org.hibernate.dialect.Dialect - HHH000400: Using dialect: org.hibernate.dialect.MySQL8Dialect
2025-06-15 03:50:59 INFO  [restartedMain] o.h.e.t.j.p.i.JtaPlatformInitiator - HHH000490: Using JtaPlatform implementation: [org.hibernate.engine.transaction.jta.platform.internal.NoJtaPlatform]
2025-06-15 03:50:59 INFO  [restartedMain] o.s.o.j.LocalContainerEntityManagerFactoryBean - Initialized JPA EntityManagerFactory for persistence unit 'default'
2025-06-15 03:50:59 WARN  [restartedMain] o.s.b.a.o.j.JpaBaseConfiguration$JpaWebConfiguration - spring.jpa.open-in-view is enabled by default. Therefore, database queries may be performed during view rendering. Explicitly configure spring.jpa.open-in-view to disable this warning
2025-06-15 03:50:59 INFO  [restartedMain] o.s.b.d.a.OptionalLiveReloadServer - LiveReload server is running on port 35729
2025-06-15 03:50:59 WARN  [restartedMain] o.s.b.a.t.ThymeleafAutoConfiguration$DefaultTemplateResolverConfiguration - Cannot find template location: classpath:/templates/ (please add some templates, check your Thymeleaf configuration, or set spring.thymeleaf.check-template-location=false)
2025-06-15 03:50:59 INFO  [restartedMain] o.a.coyote.http11.Http11NioProtocol - Starting ProtocolHandler ["http-nio-8080"]
2025-06-15 03:50:59 INFO  [restartedMain] o.s.b.w.e.tomcat.TomcatWebServer - Tomcat started on port(s): 8080 (http) with context path ''
2025-06-15 03:50:59 INFO  [restartedMain] c.t.memorial.MemorialApplication - Started MemorialApplication in 1.052 seconds (JVM running for 123157.727)
2025-06-15 03:50:59 INFO  [restartedMain] o.s.b.d.a.ConditionEvaluationDeltaLoggingListener - Condition evaluation unchanged
2025-06-15 04:04:09 INFO  [File Watcher] o.s.b.d.a.LocalDevToolsAutoConfiguration$RestartingClassPathChangeChangedEventListener - Restarting due to 4 class path changes (0 additions, 0 deletions, 4 modifications)
2025-06-15 04:04:09 INFO  [Thread-63] o.a.coyote.http11.Http11NioProtocol - Pausing ProtocolHandler ["http-nio-8080"]
2025-06-15 04:04:09 INFO  [Thread-63] o.a.catalina.core.StandardService - Stopping service [Tomcat]
2025-06-15 04:04:09 INFO  [Thread-63] o.a.coyote.http11.Http11NioProtocol - Stopping ProtocolHandler ["http-nio-8080"]
2025-06-15 04:04:09 INFO  [Thread-63] o.a.coyote.http11.Http11NioProtocol - Destroying ProtocolHandler ["http-nio-8080"]
2025-06-15 04:04:09 INFO  [Thread-63] o.s.o.j.LocalContainerEntityManagerFactoryBean - Closing JPA EntityManagerFactory for persistence unit 'default'
2025-06-15 04:04:09 INFO  [Thread-63] com.zaxxer.hikari.HikariDataSource - HikariPool-16 - Shutdown initiated...
2025-06-15 04:04:09 INFO  [Thread-63] com.zaxxer.hikari.HikariDataSource - HikariPool-16 - Shutdown completed.
2025-06-15 04:04:09 INFO  [restartedMain] c.t.memorial.MemorialApplication - Starting MemorialApplication using Java 17.0.12 on DESKTOP-JH6PQI3 with PID 19820 (C:\DBE_Final_Project\spring\build\classes\java\main started by user in C:\DBE_Final_Project\spring)
2025-06-15 04:04:09 INFO  [restartedMain] c.t.memorial.MemorialApplication - No active profile set, falling back to 1 default profile: "default"
2025-06-15 04:04:09 INFO  [restartedMain] o.s.d.r.c.RepositoryConfigurationDelegate - Bootstrapping Spring Data JPA repositories in DEFAULT mode.
2025-06-15 04:04:09 INFO  [restartedMain] o.s.d.r.c.RepositoryConfigurationDelegate - Finished Spring Data repository scanning in 12 ms. Found 6 JPA repository interfaces.
2025-06-15 04:04:09 INFO  [restartedMain] o.s.b.w.e.tomcat.TomcatWebServer - Tomcat initialized with port(s): 8080 (http)
2025-06-15 04:04:09 INFO  [restartedMain] o.a.coyote.http11.Http11NioProtocol - Initializing ProtocolHandler ["http-nio-8080"]
2025-06-15 04:04:09 INFO  [restartedMain] o.a.catalina.core.StandardService - Starting service [Tomcat]
2025-06-15 04:04:09 INFO  [restartedMain] o.a.catalina.core.StandardEngine - Starting Servlet engine: [Apache Tomcat/9.0.83]
2025-06-15 04:04:09 INFO  [restartedMain] o.a.c.c.C.[Tomcat].[localhost].[/] - Initializing Spring embedded WebApplicationContext
2025-06-15 04:04:09 INFO  [restartedMain] o.s.b.w.s.c.ServletWebServerApplicationContext - Root WebApplicationContext: initialization completed in 234 ms
2025-06-15 04:04:09 INFO  [restartedMain] o.h.jpa.internal.util.LogHelper - HHH000204: Processing PersistenceUnitInfo [name: default]
2025-06-15 04:04:09 INFO  [restartedMain] com.zaxxer.hikari.HikariDataSource - HikariPool-17 - Starting...
2025-06-15 04:04:09 INFO  [restartedMain] com.zaxxer.hikari.HikariDataSource - HikariPool-17 - Start completed.
2025-06-15 04:04:09 INFO  [restartedMain] org.hibernate.dialect.Dialect - HHH000400: Using dialect: org.hibernate.dialect.MySQL8Dialect
2025-06-15 04:04:10 INFO  [restartedMain] o.h.e.t.j.p.i.JtaPlatformInitiator - HHH000490: Using JtaPlatform implementation: [org.hibernate.engine.transaction.jta.platform.internal.NoJtaPlatform]
2025-06-15 04:04:10 INFO  [restartedMain] o.s.o.j.LocalContainerEntityManagerFactoryBean - Initialized JPA EntityManagerFactory for persistence unit 'default'
2025-06-15 04:04:10 WARN  [restartedMain] o.s.b.a.o.j.JpaBaseConfiguration$JpaWebConfiguration - spring.jpa.open-in-view is enabled by default. Therefore, database queries may be performed during view rendering. Explicitly configure spring.jpa.open-in-view to disable this warning
2025-06-15 04:04:10 INFO  [restartedMain] o.s.b.d.a.OptionalLiveReloadServer - LiveReload server is running on port 35729
2025-06-15 04:04:10 WARN  [restartedMain] o.s.b.a.t.ThymeleafAutoConfiguration$DefaultTemplateResolverConfiguration - Cannot find template location: classpath:/templates/ (please add some templates, check your Thymeleaf configuration, or set spring.thymeleaf.check-template-location=false)
2025-06-15 04:04:10 INFO  [restartedMain] o.a.coyote.http11.Http11NioProtocol - Starting ProtocolHandler ["http-nio-8080"]
2025-06-15 04:04:10 INFO  [restartedMain] o.s.b.w.e.tomcat.TomcatWebServer - Tomcat started on port(s): 8080 (http) with context path ''
2025-06-15 04:04:10 INFO  [restartedMain] c.t.memorial.MemorialApplication - Started MemorialApplication in 1.147 seconds (JVM running for 123948.653)
2025-06-15 04:04:10 INFO  [restartedMain] o.s.b.d.a.ConditionEvaluationDeltaLoggingListener - Condition evaluation unchanged
2025-06-15 04:06:23 INFO  [File Watcher] o.s.b.d.a.LocalDevToolsAutoConfiguration$RestartingClassPathChangeChangedEventListener - Restarting due to 7 class path changes (0 additions, 0 deletions, 7 modifications)
2025-06-15 04:06:23 INFO  [Thread-67] o.a.coyote.http11.Http11NioProtocol - Pausing ProtocolHandler ["http-nio-8080"]
2025-06-15 04:06:23 INFO  [Thread-67] o.a.catalina.core.StandardService - Stopping service [Tomcat]
2025-06-15 04:06:23 INFO  [Thread-67] o.a.coyote.http11.Http11NioProtocol - Stopping ProtocolHandler ["http-nio-8080"]
2025-06-15 04:06:23 INFO  [Thread-67] o.a.coyote.http11.Http11NioProtocol - Destroying ProtocolHandler ["http-nio-8080"]
2025-06-15 04:06:23 INFO  [Thread-67] o.s.o.j.LocalContainerEntityManagerFactoryBean - Closing JPA EntityManagerFactory for persistence unit 'default'
2025-06-15 04:06:23 INFO  [Thread-67] com.zaxxer.hikari.HikariDataSource - HikariPool-17 - Shutdown initiated...
2025-06-15 04:06:23 INFO  [Thread-67] com.zaxxer.hikari.HikariDataSource - HikariPool-17 - Shutdown completed.
2025-06-15 04:06:23 INFO  [restartedMain] c.t.memorial.MemorialApplication - Starting MemorialApplication using Java 17.0.12 on DESKTOP-JH6PQI3 with PID 19820 (C:\DBE_Final_Project\spring\build\classes\java\main started by user in C:\DBE_Final_Project\spring)
2025-06-15 04:06:23 INFO  [restartedMain] c.t.memorial.MemorialApplication - No active profile set, falling back to 1 default profile: "default"
2025-06-15 04:06:23 INFO  [restartedMain] o.s.d.r.c.RepositoryConfigurationDelegate - Bootstrapping Spring Data JPA repositories in DEFAULT mode.
2025-06-15 04:06:23 INFO  [restartedMain] o.s.d.r.c.RepositoryConfigurationDelegate - Finished Spring Data repository scanning in 14 ms. Found 6 JPA repository interfaces.
2025-06-15 04:06:23 INFO  [restartedMain] o.s.b.w.e.tomcat.TomcatWebServer - Tomcat initialized with port(s): 8080 (http)
2025-06-15 04:06:23 INFO  [restartedMain] o.a.coyote.http11.Http11NioProtocol - Initializing ProtocolHandler ["http-nio-8080"]
2025-06-15 04:06:23 INFO  [restartedMain] o.a.catalina.core.StandardService - Starting service [Tomcat]
2025-06-15 04:06:23 INFO  [restartedMain] o.a.catalina.core.StandardEngine - Starting Servlet engine: [Apache Tomcat/9.0.83]
2025-06-15 04:06:23 INFO  [restartedMain] o.a.c.c.C.[Tomcat].[localhost].[/] - Initializing Spring embedded WebApplicationContext
2025-06-15 04:06:23 INFO  [restartedMain] o.s.b.w.s.c.ServletWebServerApplicationContext - Root WebApplicationContext: initialization completed in 232 ms
2025-06-15 04:06:23 INFO  [restartedMain] o.h.jpa.internal.util.LogHelper - HHH000204: Processing PersistenceUnitInfo [name: default]
2025-06-15 04:06:23 INFO  [restartedMain] com.zaxxer.hikari.HikariDataSource - HikariPool-18 - Starting...
2025-06-15 04:06:24 INFO  [restartedMain] com.zaxxer.hikari.HikariDataSource - HikariPool-18 - Start completed.
2025-06-15 04:06:24 INFO  [restartedMain] org.hibernate.dialect.Dialect - HHH000400: Using dialect: org.hibernate.dialect.MySQL8Dialect
2025-06-15 04:06:24 INFO  [restartedMain] o.h.e.t.j.p.i.JtaPlatformInitiator - HHH000490: Using JtaPlatform implementation: [org.hibernate.engine.transaction.jta.platform.internal.NoJtaPlatform]
2025-06-15 04:06:24 INFO  [restartedMain] o.s.o.j.LocalContainerEntityManagerFactoryBean - Initialized JPA EntityManagerFactory for persistence unit 'default'
2025-06-15 04:06:24 WARN  [restartedMain] o.s.b.a.o.j.JpaBaseConfiguration$JpaWebConfiguration - spring.jpa.open-in-view is enabled by default. Therefore, database queries may be performed during view rendering. Explicitly configure spring.jpa.open-in-view to disable this warning
2025-06-15 04:06:24 INFO  [restartedMain] o.s.b.d.a.OptionalLiveReloadServer - LiveReload server is running on port 35729
2025-06-15 04:06:24 WARN  [restartedMain] o.s.b.a.t.ThymeleafAutoConfiguration$DefaultTemplateResolverConfiguration - Cannot find template location: classpath:/templates/ (please add some templates, check your Thymeleaf configuration, or set spring.thymeleaf.check-template-location=false)
2025-06-15 04:06:24 INFO  [restartedMain] o.a.coyote.http11.Http11NioProtocol - Starting ProtocolHandler ["http-nio-8080"]
2025-06-15 04:06:24 INFO  [restartedMain] o.s.b.w.e.tomcat.TomcatWebServer - Tomcat started on port(s): 8080 (http) with context path ''
2025-06-15 04:06:24 INFO  [restartedMain] c.t.memorial.MemorialApplication - Started MemorialApplication in 1.02 seconds (JVM running for 124082.787)
2025-06-15 04:06:24 INFO  [restartedMain] o.s.b.d.a.ConditionEvaluationDeltaLoggingListener - Condition evaluation unchanged
2025-06-15 04:07:08 INFO  [File Watcher] o.s.b.d.a.LocalDevToolsAutoConfiguration$RestartingClassPathChangeChangedEventListener - Restarting due to 7 class path changes (0 additions, 0 deletions, 7 modifications)
2025-06-15 04:07:08 INFO  [Thread-71] o.a.coyote.http11.Http11NioProtocol - Pausing ProtocolHandler ["http-nio-8080"]
2025-06-15 04:07:08 INFO  [Thread-71] o.a.catalina.core.StandardService - Stopping service [Tomcat]
2025-06-15 04:07:08 INFO  [Thread-71] o.a.coyote.http11.Http11NioProtocol - Stopping ProtocolHandler ["http-nio-8080"]
2025-06-15 04:07:08 INFO  [Thread-71] o.a.coyote.http11.Http11NioProtocol - Destroying ProtocolHandler ["http-nio-8080"]
2025-06-15 04:07:08 INFO  [Thread-71] o.s.o.j.LocalContainerEntityManagerFactoryBean - Closing JPA EntityManagerFactory for persistence unit 'default'
2025-06-15 04:07:08 INFO  [Thread-71] com.zaxxer.hikari.HikariDataSource - HikariPool-18 - Shutdown initiated...
2025-06-15 04:07:08 INFO  [Thread-71] com.zaxxer.hikari.HikariDataSource - HikariPool-18 - Shutdown completed.
2025-06-15 04:07:08 INFO  [restartedMain] c.t.memorial.MemorialApplication - Starting MemorialApplication using Java 17.0.12 on DESKTOP-JH6PQI3 with PID 19820 (C:\DBE_Final_Project\spring\build\classes\java\main started by user in C:\DBE_Final_Project\spring)
2025-06-15 04:07:08 INFO  [restartedMain] c.t.memorial.MemorialApplication - No active profile set, falling back to 1 default profile: "default"
2025-06-15 04:07:08 INFO  [restartedMain] o.s.d.r.c.RepositoryConfigurationDelegate - Bootstrapping Spring Data JPA repositories in DEFAULT mode.
2025-06-15 04:07:08 INFO  [restartedMain] o.s.d.r.c.RepositoryConfigurationDelegate - Finished Spring Data repository scanning in 13 ms. Found 6 JPA repository interfaces.
2025-06-15 04:07:08 INFO  [restartedMain] o.s.b.w.e.tomcat.TomcatWebServer - Tomcat initialized with port(s): 8080 (http)
2025-06-15 04:07:08 INFO  [restartedMain] o.a.coyote.http11.Http11NioProtocol - Initializing ProtocolHandler ["http-nio-8080"]
2025-06-15 04:07:08 INFO  [restartedMain] o.a.catalina.core.StandardService - Starting service [Tomcat]
2025-06-15 04:07:08 INFO  [restartedMain] o.a.catalina.core.StandardEngine - Starting Servlet engine: [Apache Tomcat/9.0.83]
2025-06-15 04:07:08 INFO  [restartedMain] o.a.c.c.C.[Tomcat].[localhost].[/] - Initializing Spring embedded WebApplicationContext
2025-06-15 04:07:08 INFO  [restartedMain] o.s.b.w.s.c.ServletWebServerApplicationContext - Root WebApplicationContext: initialization completed in 220 ms
2025-06-15 04:07:08 INFO  [restartedMain] o.h.jpa.internal.util.LogHelper - HHH000204: Processing PersistenceUnitInfo [name: default]
2025-06-15 04:07:08 INFO  [restartedMain] com.zaxxer.hikari.HikariDataSource - HikariPool-19 - Starting...
2025-06-15 04:07:08 INFO  [restartedMain] com.zaxxer.hikari.HikariDataSource - HikariPool-19 - Start completed.
2025-06-15 04:07:08 INFO  [restartedMain] org.hibernate.dialect.Dialect - HHH000400: Using dialect: org.hibernate.dialect.MySQL8Dialect
2025-06-15 04:07:08 INFO  [restartedMain] o.h.e.t.j.p.i.JtaPlatformInitiator - HHH000490: Using JtaPlatform implementation: [org.hibernate.engine.transaction.jta.platform.internal.NoJtaPlatform]
2025-06-15 04:07:08 INFO  [restartedMain] o.s.o.j.LocalContainerEntityManagerFactoryBean - Initialized JPA EntityManagerFactory for persistence unit 'default'
2025-06-15 04:07:09 WARN  [restartedMain] o.s.b.a.o.j.JpaBaseConfiguration$JpaWebConfiguration - spring.jpa.open-in-view is enabled by default. Therefore, database queries may be performed during view rendering. Explicitly configure spring.jpa.open-in-view to disable this warning
2025-06-15 04:07:09 INFO  [restartedMain] o.s.b.d.a.OptionalLiveReloadServer - LiveReload server is running on port 35729
2025-06-15 04:07:09 WARN  [restartedMain] o.s.b.a.t.ThymeleafAutoConfiguration$DefaultTemplateResolverConfiguration - Cannot find template location: classpath:/templates/ (please add some templates, check your Thymeleaf configuration, or set spring.thymeleaf.check-template-location=false)
2025-06-15 04:07:09 INFO  [restartedMain] o.a.coyote.http11.Http11NioProtocol - Starting ProtocolHandler ["http-nio-8080"]
2025-06-15 04:07:09 INFO  [restartedMain] o.s.b.w.e.tomcat.TomcatWebServer - Tomcat started on port(s): 8080 (http) with context path ''
2025-06-15 04:07:09 INFO  [restartedMain] c.t.memorial.MemorialApplication - Started MemorialApplication in 1.052 seconds (JVM running for 124127.387)
2025-06-15 04:07:09 INFO  [restartedMain] o.s.b.d.a.ConditionEvaluationDeltaLoggingListener - Condition evaluation unchanged
2025-06-15 04:08:31 INFO  [File Watcher] o.s.b.d.a.LocalDevToolsAutoConfiguration$RestartingClassPathChangeChangedEventListener - Restarting due to 7 class path changes (0 additions, 0 deletions, 7 modifications)
2025-06-15 04:08:31 INFO  [Thread-75] o.a.coyote.http11.Http11NioProtocol - Pausing ProtocolHandler ["http-nio-8080"]
2025-06-15 04:08:31 INFO  [Thread-75] o.a.catalina.core.StandardService - Stopping service [Tomcat]
2025-06-15 04:08:31 INFO  [Thread-75] o.a.coyote.http11.Http11NioProtocol - Stopping ProtocolHandler ["http-nio-8080"]
2025-06-15 04:08:31 INFO  [Thread-75] o.a.coyote.http11.Http11NioProtocol - Destroying ProtocolHandler ["http-nio-8080"]
2025-06-15 04:08:31 INFO  [Thread-75] o.s.o.j.LocalContainerEntityManagerFactoryBean - Closing JPA EntityManagerFactory for persistence unit 'default'
2025-06-15 04:08:31 INFO  [Thread-75] com.zaxxer.hikari.HikariDataSource - HikariPool-19 - Shutdown initiated...
2025-06-15 04:08:31 INFO  [Thread-75] com.zaxxer.hikari.HikariDataSource - HikariPool-19 - Shutdown completed.
2025-06-15 04:08:31 INFO  [restartedMain] c.t.memorial.MemorialApplication - Starting MemorialApplication using Java 17.0.12 on DESKTOP-JH6PQI3 with PID 19820 (C:\DBE_Final_Project\spring\build\classes\java\main started by user in C:\DBE_Final_Project\spring)
2025-06-15 04:08:31 INFO  [restartedMain] c.t.memorial.MemorialApplication - No active profile set, falling back to 1 default profile: "default"
2025-06-15 04:08:31 INFO  [restartedMain] o.s.d.r.c.RepositoryConfigurationDelegate - Bootstrapping Spring Data JPA repositories in DEFAULT mode.
2025-06-15 04:08:31 INFO  [restartedMain] o.s.d.r.c.RepositoryConfigurationDelegate - Finished Spring Data repository scanning in 14 ms. Found 6 JPA repository interfaces.
2025-06-15 04:08:31 INFO  [restartedMain] o.s.b.w.e.tomcat.TomcatWebServer - Tomcat initialized with port(s): 8080 (http)
2025-06-15 04:08:31 INFO  [restartedMain] o.a.coyote.http11.Http11NioProtocol - Initializing ProtocolHandler ["http-nio-8080"]
2025-06-15 04:08:31 INFO  [restartedMain] o.a.catalina.core.StandardService - Starting service [Tomcat]
2025-06-15 04:08:31 INFO  [restartedMain] o.a.catalina.core.StandardEngine - Starting Servlet engine: [Apache Tomcat/9.0.83]
2025-06-15 04:08:31 INFO  [restartedMain] o.a.c.c.C.[Tomcat].[localhost].[/] - Initializing Spring embedded WebApplicationContext
2025-06-15 04:08:31 INFO  [restartedMain] o.s.b.w.s.c.ServletWebServerApplicationContext - Root WebApplicationContext: initialization completed in 222 ms
2025-06-15 04:08:31 INFO  [restartedMain] o.h.jpa.internal.util.LogHelper - HHH000204: Processing PersistenceUnitInfo [name: default]
2025-06-15 04:08:31 INFO  [restartedMain] com.zaxxer.hikari.HikariDataSource - HikariPool-20 - Starting...
2025-06-15 04:08:31 INFO  [restartedMain] com.zaxxer.hikari.HikariDataSource - HikariPool-20 - Start completed.
2025-06-15 04:08:31 INFO  [restartedMain] org.hibernate.dialect.Dialect - HHH000400: Using dialect: org.hibernate.dialect.MySQL8Dialect
2025-06-15 04:08:31 INFO  [restartedMain] o.h.e.t.j.p.i.JtaPlatformInitiator - HHH000490: Using JtaPlatform implementation: [org.hibernate.engine.transaction.jta.platform.internal.NoJtaPlatform]
2025-06-15 04:08:31 INFO  [restartedMain] o.s.o.j.LocalContainerEntityManagerFactoryBean - Initialized JPA EntityManagerFactory for persistence unit 'default'
2025-06-15 04:08:31 WARN  [restartedMain] o.s.b.a.o.j.JpaBaseConfiguration$JpaWebConfiguration - spring.jpa.open-in-view is enabled by default. Therefore, database queries may be performed during view rendering. Explicitly configure spring.jpa.open-in-view to disable this warning
2025-06-15 04:08:32 INFO  [restartedMain] o.s.b.d.a.OptionalLiveReloadServer - LiveReload server is running on port 35729
2025-06-15 04:08:32 WARN  [restartedMain] o.s.b.a.t.ThymeleafAutoConfiguration$DefaultTemplateResolverConfiguration - Cannot find template location: classpath:/templates/ (please add some templates, check your Thymeleaf configuration, or set spring.thymeleaf.check-template-location=false)
2025-06-15 04:08:32 INFO  [restartedMain] o.a.coyote.http11.Http11NioProtocol - Starting ProtocolHandler ["http-nio-8080"]
2025-06-15 04:08:32 INFO  [restartedMain] o.s.b.w.e.tomcat.TomcatWebServer - Tomcat started on port(s): 8080 (http) with context path ''
2025-06-15 04:08:32 INFO  [restartedMain] c.t.memorial.MemorialApplication - Started MemorialApplication in 1.021 seconds (JVM running for 124210.284)
2025-06-15 04:08:32 INFO  [restartedMain] o.s.b.d.a.ConditionEvaluationDeltaLoggingListener - Condition evaluation unchanged
2025-06-15 04:09:21 INFO  [File Watcher] o.s.b.d.a.LocalDevToolsAutoConfiguration$RestartingClassPathChangeChangedEventListener - Restarting due to 7 class path changes (0 additions, 0 deletions, 7 modifications)
2025-06-15 04:09:21 INFO  [Thread-79] o.a.coyote.http11.Http11NioProtocol - Pausing ProtocolHandler ["http-nio-8080"]
2025-06-15 04:09:21 INFO  [Thread-79] o.a.catalina.core.StandardService - Stopping service [Tomcat]
2025-06-15 04:09:21 INFO  [Thread-79] o.a.coyote.http11.Http11NioProtocol - Stopping ProtocolHandler ["http-nio-8080"]
2025-06-15 04:09:21 INFO  [Thread-79] o.a.coyote.http11.Http11NioProtocol - Destroying ProtocolHandler ["http-nio-8080"]
2025-06-15 04:09:21 INFO  [Thread-79] o.s.o.j.LocalContainerEntityManagerFactoryBean - Closing JPA EntityManagerFactory for persistence unit 'default'
2025-06-15 04:09:21 INFO  [Thread-79] com.zaxxer.hikari.HikariDataSource - HikariPool-20 - Shutdown initiated...
2025-06-15 04:09:21 INFO  [Thread-79] com.zaxxer.hikari.HikariDataSource - HikariPool-20 - Shutdown completed.
2025-06-15 04:09:21 INFO  [restartedMain] c.t.memorial.MemorialApplication - Starting MemorialApplication using Java 17.0.12 on DESKTOP-JH6PQI3 with PID 19820 (C:\DBE_Final_Project\spring\build\classes\java\main started by user in C:\DBE_Final_Project\spring)
2025-06-15 04:09:21 INFO  [restartedMain] c.t.memorial.MemorialApplication - No active profile set, falling back to 1 default profile: "default"
2025-06-15 04:09:21 INFO  [restartedMain] o.s.d.r.c.RepositoryConfigurationDelegate - Bootstrapping Spring Data JPA repositories in DEFAULT mode.
2025-06-15 04:09:21 INFO  [restartedMain] o.s.d.r.c.RepositoryConfigurationDelegate - Finished Spring Data repository scanning in 13 ms. Found 6 JPA repository interfaces.
2025-06-15 04:09:21 INFO  [restartedMain] o.s.b.w.e.tomcat.TomcatWebServer - Tomcat initialized with port(s): 8080 (http)
2025-06-15 04:09:21 INFO  [restartedMain] o.a.coyote.http11.Http11NioProtocol - Initializing ProtocolHandler ["http-nio-8080"]
2025-06-15 04:09:21 INFO  [restartedMain] o.a.catalina.core.StandardService - Starting service [Tomcat]
2025-06-15 04:09:21 INFO  [restartedMain] o.a.catalina.core.StandardEngine - Starting Servlet engine: [Apache Tomcat/9.0.83]
2025-06-15 04:09:21 INFO  [restartedMain] o.a.c.c.C.[Tomcat].[localhost].[/] - Initializing Spring embedded WebApplicationContext
2025-06-15 04:09:21 INFO  [restartedMain] o.s.b.w.s.c.ServletWebServerApplicationContext - Root WebApplicationContext: initialization completed in 223 ms
2025-06-15 04:09:21 INFO  [restartedMain] o.h.jpa.internal.util.LogHelper - HHH000204: Processing PersistenceUnitInfo [name: default]
2025-06-15 04:09:21 INFO  [restartedMain] com.zaxxer.hikari.HikariDataSource - HikariPool-21 - Starting...
2025-06-15 04:09:21 INFO  [restartedMain] com.zaxxer.hikari.HikariDataSource - HikariPool-21 - Start completed.
2025-06-15 04:09:21 INFO  [restartedMain] org.hibernate.dialect.Dialect - HHH000400: Using dialect: org.hibernate.dialect.MySQL8Dialect
2025-06-15 04:09:21 INFO  [restartedMain] o.h.e.t.j.p.i.JtaPlatformInitiator - HHH000490: Using JtaPlatform implementation: [org.hibernate.engine.transaction.jta.platform.internal.NoJtaPlatform]
2025-06-15 04:09:21 INFO  [restartedMain] o.s.o.j.LocalContainerEntityManagerFactoryBean - Initialized JPA EntityManagerFactory for persistence unit 'default'
2025-06-15 04:09:22 WARN  [restartedMain] o.s.b.a.o.j.JpaBaseConfiguration$JpaWebConfiguration - spring.jpa.open-in-view is enabled by default. Therefore, database queries may be performed during view rendering. Explicitly configure spring.jpa.open-in-view to disable this warning
2025-06-15 04:09:22 INFO  [restartedMain] o.s.b.d.a.OptionalLiveReloadServer - LiveReload server is running on port 35729
2025-06-15 04:09:22 WARN  [restartedMain] o.s.b.a.t.ThymeleafAutoConfiguration$DefaultTemplateResolverConfiguration - Cannot find template location: classpath:/templates/ (please add some templates, check your Thymeleaf configuration, or set spring.thymeleaf.check-template-location=false)
2025-06-15 04:09:22 INFO  [restartedMain] o.a.coyote.http11.Http11NioProtocol - Starting ProtocolHandler ["http-nio-8080"]
2025-06-15 04:09:22 INFO  [restartedMain] o.s.b.w.e.tomcat.TomcatWebServer - Tomcat started on port(s): 8080 (http) with context path ''
2025-06-15 04:09:22 INFO  [restartedMain] c.t.memorial.MemorialApplication - Started MemorialApplication in 1.025 seconds (JVM running for 124260.515)
2025-06-15 04:09:22 INFO  [restartedMain] o.s.b.d.a.ConditionEvaluationDeltaLoggingListener - Condition evaluation unchanged
2025-06-15 04:09:23 INFO  [http-nio-8080-exec-1] o.a.c.c.C.[Tomcat].[localhost].[/] - Initializing Spring DispatcherServlet 'dispatcherServlet'
2025-06-15 04:09:23 INFO  [http-nio-8080-exec-1] o.s.web.servlet.DispatcherServlet - Initializing Servlet 'dispatcherServlet'
2025-06-15 04:09:23 INFO  [http-nio-8080-exec-1] o.s.web.servlet.DispatcherServlet - Completed initialization in 2 ms
2025-06-15 04:09:23 INFO  [http-nio-8080-exec-1] c.t.m.a.l.ControllerLoggingAspect - method=GET, uri=/heavenLetters/donate_pop.do, ip=0:0:0:0:0:0:0:1
2025-06-15 04:09:23 DEBUG [http-nio-8080-exec-1] org.hibernate.SQL - 
    select
        memorial0_.donate_seq as donate_s1_0_,
        memorial0_.anonymity_flag as anonymit2_0_,
        memorial0_.area_code as area_cod3_0_,
        memorial0_.contents as contents4_0_,
        memorial0_.del_flag as del_flag5_0_,
        memorial0_.donate_age as donate_a6_0_,
        memorial0_.donate_date as donate_d7_0_,
        memorial0_.donate_title as donate_t8_0_,
        memorial0_.donor_name as donor_na9_0_,
        memorial0_.file_name as file_na10_0_,
        memorial0_.flower_count as flower_11_0_,
        memorial0_.gender_flag as gender_12_0_,
        memorial0_.hard_count as hard_co13_0_,
        memorial0_.love_count as love_co14_0_,
        memorial0_.miss_count as miss_co15_0_,
        memorial0_.modifier_id as modifie16_0_,
        memorial0_.modify_time as modify_17_0_,
        memorial0_.org_file_name as org_fil18_0_,
        memorial0_.proud_count as proud_c19_0_,
        memorial0_.sad_count as sad_cou20_0_,
        memorial0_.see_count as see_cou21_0_,
        memorial0_.write_time as write_t22_0_,
        memorial0_.writer as writer23_0_,
        memorial0_.writer_id as writer_24_0_ 
    from
        tb25_400_memorial memorial0_ 
    where
        memorial0_.del_flag=? 
        and (
            lower(memorial0_.donor_name) like ?
        ) 
    order by
        memorial0_.donate_date desc limit ?
2025-06-15 04:09:23 TRACE [http-nio-8080-exec-1] o.h.type.descriptor.sql.BasicBinder - binding parameter [1] as [VARCHAR] - [N]
2025-06-15 04:09:23 TRACE [http-nio-8080-exec-1] o.h.type.descriptor.sql.BasicBinder - binding parameter [2] as [VARCHAR] - [%phacharaphon%]
2025-06-15 04:09:23 TRACE [http-nio-8080-exec-1] o.h.t.descriptor.sql.BasicExtractor - extracted value ([donate_s1_0_] : [INTEGER]) - [945]
2025-06-15 04:09:23 TRACE [http-nio-8080-exec-1] o.h.t.descriptor.sql.BasicExtractor - extracted value ([anonymit2_0_] : [VARCHAR]) - [Y]
2025-06-15 04:09:23 TRACE [http-nio-8080-exec-1] o.h.t.descriptor.sql.BasicExtractor - extracted value ([area_cod3_0_] : [VARCHAR]) - [null]
2025-06-15 04:09:23 TRACE [http-nio-8080-exec-1] o.h.t.descriptor.sql.BasicExtractor - extracted value ([contents4_0_] : [CLOB]) - [<strong>기증자&nbsp;P o n(M, 49)님은 2015년 2월 28일 환자들에게 귀중한 생명을 선물해주셨습니다.<br />
<br />
</strong>한국장기기증원은 귀한 생명을 나눠주신 기증자와 유가족께 깊이 감사드리며, <br />
앞으로도 기증자 유가족들이 건강한 삶을 유지할 수 있도록 최선을 다해 지원할 것입니다. <br />
<br />
고인의 명복을 빕니다.]
2025-06-15 04:09:23 TRACE [http-nio-8080-exec-1] o.h.t.descriptor.sql.BasicExtractor - extracted value ([del_flag5_0_] : [VARCHAR]) - [N]
2025-06-15 04:09:23 TRACE [http-nio-8080-exec-1] o.h.t.descriptor.sql.BasicExtractor - extracted value ([donate_a6_0_] : [INTEGER]) - [49]
2025-06-15 04:09:23 TRACE [http-nio-8080-exec-1] o.h.t.descriptor.sql.BasicExtractor - extracted value ([donate_d7_0_] : [VARCHAR]) - [20150228]
2025-06-15 04:09:23 TRACE [http-nio-8080-exec-1] o.h.t.descriptor.sql.BasicExtractor - extracted value ([donate_t8_0_] : [VARCHAR]) - [추모합니다.]
2025-06-15 04:09:23 TRACE [http-nio-8080-exec-1] o.h.t.descriptor.sql.BasicExtractor - extracted value ([donor_na9_0_] : [VARCHAR]) - [Phacharaphon]
2025-06-15 04:09:23 TRACE [http-nio-8080-exec-1] o.h.t.descriptor.sql.BasicExtractor - extracted value ([file_na10_0_] : [VARCHAR]) - [null]
2025-06-15 04:09:23 TRACE [http-nio-8080-exec-1] o.h.t.descriptor.sql.BasicExtractor - extracted value ([flower_11_0_] : [INTEGER]) - [0]
2025-06-15 04:09:23 TRACE [http-nio-8080-exec-1] o.h.t.descriptor.sql.BasicExtractor - extracted value ([gender_12_0_] : [VARCHAR]) - [M]
2025-06-15 04:09:23 TRACE [http-nio-8080-exec-1] o.h.t.descriptor.sql.BasicExtractor - extracted value ([hard_co13_0_] : [INTEGER]) - [0]
2025-06-15 04:09:23 TRACE [http-nio-8080-exec-1] o.h.t.descriptor.sql.BasicExtractor - extracted value ([love_co14_0_] : [INTEGER]) - [0]
2025-06-15 04:09:23 TRACE [http-nio-8080-exec-1] o.h.t.descriptor.sql.BasicExtractor - extracted value ([miss_co15_0_] : [INTEGER]) - [0]
2025-06-15 04:09:23 TRACE [http-nio-8080-exec-1] o.h.t.descriptor.sql.BasicExtractor - extracted value ([modifie16_0_] : [VARCHAR]) - [운영자]
2025-06-15 04:09:23 TRACE [http-nio-8080-exec-1] o.h.t.descriptor.sql.BasicExtractor - extracted value ([modify_17_0_] : [TIMESTAMP]) - [2015-03-20T02:06:05]
2025-06-15 04:09:23 TRACE [http-nio-8080-exec-1] o.h.t.descriptor.sql.BasicExtractor - extracted value ([org_fil18_0_] : [VARCHAR]) - [null]
2025-06-15 04:09:23 TRACE [http-nio-8080-exec-1] o.h.t.descriptor.sql.BasicExtractor - extracted value ([proud_c19_0_] : [INTEGER]) - [0]
2025-06-15 04:09:23 TRACE [http-nio-8080-exec-1] o.h.t.descriptor.sql.BasicExtractor - extracted value ([sad_cou20_0_] : [INTEGER]) - [0]
2025-06-15 04:09:23 TRACE [http-nio-8080-exec-1] o.h.t.descriptor.sql.BasicExtractor - extracted value ([see_cou21_0_] : [INTEGER]) - [0]
2025-06-15 04:09:23 TRACE [http-nio-8080-exec-1] o.h.t.descriptor.sql.BasicExtractor - extracted value ([write_t22_0_] : [TIMESTAMP]) - [2015-03-20T02:06:05]
2025-06-15 04:09:23 TRACE [http-nio-8080-exec-1] o.h.t.descriptor.sql.BasicExtractor - extracted value ([writer23_0_] : [VARCHAR]) - [운영자]
2025-06-15 04:09:23 TRACE [http-nio-8080-exec-1] o.h.t.descriptor.sql.BasicExtractor - extracted value ([writer_24_0_] : [VARCHAR]) - [운영자]
